<?xml version="1.0" encoding="UTF-8" ?>
<testsuite failures="0" time="0.073" errors="68" skipped="45" tests="253" name="stepDefintions.RunCukeTest">
  <properties>
    <property name="java.runtime.name" value="Java(TM) SE Runtime Environment"/>
    <property name="sun.boot.library.path" value="C:\Program Files\Java\jdk1.7.0_51\jre\bin"/>
    <property name="java.vm.version" value="24.51-b03"/>
    <property name="java.vm.vendor" value="Oracle Corporation"/>
    <property name="maven.multiModuleProjectDirectory" value="D:\sam backup\work data\selenium-cucumber-java"/>
    <property name="java.vendor.url" value="http://java.oracle.com/"/>
    <property name="path.separator" value=";"/>
    <property name="guice.disable.misplaced.annotation.check" value="true"/>
    <property name="java.vm.name" value="Java HotSpot(TM) 64-Bit Server VM"/>
    <property name="file.encoding.pkg" value="sun.io"/>
    <property name="user.script" value=""/>
    <property name="user.country" value="US"/>
    <property name="sun.java.launcher" value="SUN_STANDARD"/>
    <property name="sun.os.patch.level" value="Service Pack 1"/>
    <property name="java.vm.specification.name" value="Java Virtual Machine Specification"/>
    <property name="user.dir" value="D:\sam backup\work data\selenium-cucumber-java"/>
    <property name="java.runtime.version" value="1.7.0_51-b13"/>
    <property name="java.awt.graphicsenv" value="sun.awt.Win32GraphicsEnvironment"/>
    <property name="java.endorsed.dirs" value="C:\Program Files\Java\jdk1.7.0_51\jre\lib\endorsed"/>
    <property name="os.arch" value="amd64"/>
    <property name="java.io.tmpdir" value="C:\Users\Anup\AppData\Local\Temp\"/>
    <property name="line.separator" value="
"/>
    <property name="java.vm.specification.vendor" value="Oracle Corporation"/>
    <property name="user.variant" value=""/>
    <property name="os.name" value="Windows 7"/>
    <property name="classworlds.conf" value="C:\apache-maven-3.3.1\bin\..\bin\m2.conf"/>
    <property name="sun.jnu.encoding" value="Cp1252"/>
    <property name="java.library.path" value="C:\Program Files\Java\jdk1.7.0_51\bin;C:\Windows\Sun\Java\bin;C:\Windows\system32;C:\Windows;C:\Windows\system32;C:\Windows;C:\Windows\System32\Wbem;C:\Windows\System32\WindowsPowerShell\v1.0\;C:\Program Files\TortoiseGit\bin;C:\Program Files (x86)\Java\jre7\bin\javaw.exe;C:\Program Files (x86)\QuickTime\QTSystem\;C:\Program Files\Java\jdk1.7.0_51\bin;C:\webdriver;F:\adt_bundle\sdk\tools;F:\adt_bundle\sdk\build-tools;F:\adt_bundle\sdk\platform-tools;C:\sikuli_jars\sikuli_common_lib\libs;C:\Program Files (x86)\nodejs\;C:\Users\Anup\AppData\Local\Temp\d20150414-4824-1vcjum4\libs;C:\Ruby200\bin;C:\sikuli_jars\libs;C:\git_repo\ooyala_testing\behavioral_tests\themebuilder_automation\libs;C:\git_repo\ooyala_testing\behavioral_tests\sikuli_dev\Backlot_Player_Integration\libs;C:\sikuli_jars\sikuli_common_lib\libs;C:\git_repo\ooyala_testing\behavioral_tests\sikuli_dev\sikuli_jars\sikuli_common_lib\libs;C:\git_repo\ooyala_testing\behavioral_tests\sikuli_dev\BacklotLogin\lib\libs;C:\Program Files (x86)\Git\bin;C:\apache-maven-3.3.1\bin;C:\Users\Anup\AppData\Roaming\npm;C:\apache-maven-3.3.1\bin;C:\Program Files (x86)\Git\bin;;."/>
    <property name="java.specification.name" value="Java Platform API Specification"/>
    <property name="java.class.version" value="51.0"/>
    <property name="sun.management.compiler" value="HotSpot 64-Bit Tiered Compilers"/>
    <property name="os.version" value="6.1"/>
    <property name="user.home" value="C:\Users\Anup"/>
    <property name="user.timezone" value="Asia/Calcutta"/>
    <property name="java.awt.printerjob" value="sun.awt.windows.WPrinterJob"/>
    <property name="java.specification.version" value="1.7"/>
    <property name="file.encoding" value="Cp1252"/>
    <property name="user.name" value="Anup"/>
    <property name="java.class.path" value="C:\apache-maven-3.3.1\bin\..\boot\plexus-classworlds-2.5.2.jar"/>
    <property name="java.vm.specification.version" value="1.7"/>
    <property name="sun.arch.data.model" value="64"/>
    <property name="java.home" value="C:\Program Files\Java\jdk1.7.0_51\jre"/>
    <property name="sun.java.command" value="org.codehaus.plexus.classworlds.launcher.Launcher test"/>
    <property name="java.specification.vendor" value="Oracle Corporation"/>
    <property name="user.language" value="en"/>
    <property name="awt.toolkit" value="sun.awt.windows.WToolkit"/>
    <property name="java.vm.info" value="mixed mode"/>
    <property name="java.version" value="1.7.0_51"/>
    <property name="java.ext.dirs" value="C:\Program Files\Java\jdk1.7.0_51\jre\lib\ext;C:\Windows\Sun\Java\lib\ext"/>
    <property name="sun.boot.class.path" value="C:\Program Files\Java\jdk1.7.0_51\jre\lib\resources.jar;C:\Program Files\Java\jdk1.7.0_51\jre\lib\rt.jar;C:\Program Files\Java\jdk1.7.0_51\jre\lib\sunrsasign.jar;C:\Program Files\Java\jdk1.7.0_51\jre\lib\jsse.jar;C:\Program Files\Java\jdk1.7.0_51\jre\lib\jce.jar;C:\Program Files\Java\jdk1.7.0_51\jre\lib\charsets.jar;C:\Program Files\Java\jdk1.7.0_51\jre\lib\jfr.jar;C:\Program Files\Java\jdk1.7.0_51\jre\classes"/>
    <property name="java.vendor" value="Oracle Corporation"/>
    <property name="maven.home" value="C:\apache-maven-3.3.1\bin\.."/>
    <property name="file.separator" value="\"/>
    <property name="java.vendor.url.bug" value="http://bugreport.sun.com/bugreport/"/>
    <property name="sun.cpu.endian" value="little"/>
    <property name="sun.io.unicode.encoding" value="UnicodeLittle"/>
    <property name="sun.desktop" value="windows"/>
    <property name="sun.cpu.isalist" value="amd64"/>
  </properties>
  <testcase time="0.003" classname="Scenario: Open test page" name="Given I navigate to &quot;http://selenium-cucumber.github.io/&quot;"/>
  <testcase time="0.003" classname="Scenario: Open test page" name="Scenario: Open test page"/>
  <testcase time="0" classname="Scenario: verify page title" name="Then I should see page title as &quot;Test Page for selenium-cucumber&quot;"/>
  <testcase time="0" classname="Scenario: verify page title" name="Then I should not see page title as &quot;wrong title&quot;"/>
  <testcase time="0" classname="Scenario: verify page title" name="Scenario: verify page title"/>
  <testcase time="0" classname="Scenario: verify partial page title" name="Then I should see page title having partial text as &quot;selenium-cucumber&quot;"/>
  <testcase time="0" classname="Scenario: verify partial page title" name="Then I should not see page title having partial text as &quot;Wrong title&quot;"/>
  <testcase time="0" classname="Scenario: verify partial page title" name="Scenario: verify partial page title"/>
  <testcase time="0.001" classname="Scenario: verify page title - negative test" name="Then I should see page title as &quot;wrong title&quot;">
    <error message="Page Title Not Matched, Actual Page Title : Test Page for selenium-cucumber" type="methods.TestCaseFailed">methods.TestCaseFailed: Page Title Not Matched, Actual Page Title : Test Page for selenium-cucumber
	at methods.AssertionMethods.checkTitle(AssertionMethods.java:37)
	at stepDefintions.PredefinedStepDefinitions.check_title(PredefinedStepDefinitions.java:182)
	at ✽.Then I should see page title as &quot;wrong title&quot;(features/AssertSteps.feature:16)
</error>
    <system-out>
  Scenario: verify partial page title                                       &amp;#27;[90m# features/AssertSteps.feature:11&amp;#27;[0m
    &amp;#27;[32mThen &amp;#27;[0m&amp;#27;[32mI should&amp;#27;[0m&amp;#27;[32m&amp;#27;[1m&amp;#27;[0m&amp;#27;[32m see page title having partial text as &quot;&amp;#27;[0m&amp;#27;[32m&amp;#27;[1mselenium-cucumber&amp;#27;[0m&amp;#27;[32m&quot;&amp;#27;[0m &amp;#27;[90m# PredefinedStepDefinitions.check_partial_text(String,String)&amp;#27;[0m
    &amp;#27;[32mThen &amp;#27;[0m&amp;#27;[32mI should &amp;#27;[0m&amp;#27;[32m&amp;#27;[1mnot&amp;#27;[0m&amp;#27;[32m see page title having partial text as &quot;&amp;#27;[0m&amp;#27;[32m&amp;#27;[1mWrong title&amp;#27;[0m&amp;#27;[32m&quot;&amp;#27;[0m   &amp;#27;[90m# PredefinedStepDefinitions.check_partial_text(String,String)&amp;#27;[0m
</system-out>
  </testcase>
  <testcase time="0.002" classname="Scenario: verify page title - negative test" name="Scenario: verify page title - negative test">
    <error message="Page Title Not Matched, Actual Page Title : Test Page for selenium-cucumber" type="methods.TestCaseFailed">methods.TestCaseFailed: Page Title Not Matched, Actual Page Title : Test Page for selenium-cucumber
	at methods.AssertionMethods.checkTitle(AssertionMethods.java:37)
	at stepDefintions.PredefinedStepDefinitions.check_title(PredefinedStepDefinitions.java:182)
	at ✽.Then I should see page title as &quot;wrong title&quot;(features/AssertSteps.feature:16)
</error>
  </testcase>
  <testcase time="0" classname="Scenario: verify page title - negative test" name="Then I should not see page title as &quot;Test Page for selenium-cucumber&quot;">
    <error message="Page Title Matched, Actual Page Title : Test Page for selenium-cucumber" type="methods.TestCaseFailed">methods.TestCaseFailed: Page Title Matched, Actual Page Title : Test Page for selenium-cucumber
	at methods.AssertionMethods.checkTitle(AssertionMethods.java:42)
	at stepDefintions.PredefinedStepDefinitions.check_title(PredefinedStepDefinitions.java:182)
	at ✽.Then I should not see page title as &quot;Test Page for selenium-cucumber&quot;(features/AssertSteps.feature:19)
</error>
    <system-out>
  Scenario: verify page title - negative test     &amp;#27;[90m# features/AssertSteps.feature:15&amp;#27;[0m
    &amp;#27;[31mThen &amp;#27;[0m&amp;#27;[31mI should&amp;#27;[0m&amp;#27;[31m&amp;#27;[1m&amp;#27;[0m&amp;#27;[31m see page title as &quot;&amp;#27;[0m&amp;#27;[31m&amp;#27;[1mwrong title&amp;#27;[0m&amp;#27;[31m&quot;&amp;#27;[0m &amp;#27;[90m# PredefinedStepDefinitions.check_title(String,String)&amp;#27;[0m
      &amp;#27;[31mmethods.TestCaseFailed: Page Title Not Matched, Actual Page Title : Test Page for selenium-cucumber
      	at methods.AssertionMethods.checkTitle(AssertionMethods.java:37)
      	at stepDefintions.PredefinedStepDefinitions.check_title(PredefinedStepDefinitions.java:182)
      	at ?.Then I should see page title as &quot;wrong title&quot;(features/AssertSteps.feature:16)
      &amp;#27;[0m
</system-out>
  </testcase>
  <testcase time="0" classname="Scenario: verify page title - negative test" name="Scenario: verify page title - negative test">
    <error message="Page Title Matched, Actual Page Title : Test Page for selenium-cucumber" type="methods.TestCaseFailed">methods.TestCaseFailed: Page Title Matched, Actual Page Title : Test Page for selenium-cucumber
	at methods.AssertionMethods.checkTitle(AssertionMethods.java:42)
	at stepDefintions.PredefinedStepDefinitions.check_title(PredefinedStepDefinitions.java:182)
	at ✽.Then I should not see page title as &quot;Test Page for selenium-cucumber&quot;(features/AssertSteps.feature:19)
</error>
  </testcase>
  <testcase time="0" classname="Scenario: verify partial page title - negative test" name="Then I should see page title having partial text as &quot;Wrong title&quot;">
    <error message="Partial Page Title Not Present, Actual Page Title : Test Page for selenium-cucumber" type="methods.TestCaseFailed">methods.TestCaseFailed: Partial Page Title Not Present, Actual Page Title : Test Page for selenium-cucumber
	at methods.AssertionMethods.checkPartialTitle(AssertionMethods.java:56)
	at stepDefintions.PredefinedStepDefinitions.check_partial_text(PredefinedStepDefinitions.java:190)
	at ✽.Then I should see page title having partial text as &quot;Wrong title&quot;(features/AssertSteps.feature:22)
</error>
    <system-out>
  Scenario: verify page title - negative test                             &amp;#27;[90m# features/AssertSteps.feature:18&amp;#27;[0m
    &amp;#27;[31mThen &amp;#27;[0m&amp;#27;[31mI should &amp;#27;[0m&amp;#27;[31m&amp;#27;[1mnot&amp;#27;[0m&amp;#27;[31m see page title as &quot;&amp;#27;[0m&amp;#27;[31m&amp;#27;[1mTest Page for selenium-cucumber&amp;#27;[0m&amp;#27;[31m&quot;&amp;#27;[0m &amp;#27;[90m# PredefinedStepDefinitions.check_title(String,String)&amp;#27;[0m
      &amp;#27;[31mmethods.TestCaseFailed: Page Title Matched, Actual Page Title : Test Page for selenium-cucumber
      	at methods.AssertionMethods.checkTitle(AssertionMethods.java:42)
      	at stepDefintions.PredefinedStepDefinitions.check_title(PredefinedStepDefinitions.java:182)
      	at ?.Then I should not see page title as &quot;Test Page for selenium-cucumber&quot;(features/AssertSteps.feature:19)
      &amp;#27;[0m
</system-out>
  </testcase>
  <testcase time="0" classname="Scenario: verify partial page title - negative test" name="Scenario: verify partial page title - negative test">
    <error message="Partial Page Title Not Present, Actual Page Title : Test Page for selenium-cucumber" type="methods.TestCaseFailed">methods.TestCaseFailed: Partial Page Title Not Present, Actual Page Title : Test Page for selenium-cucumber
	at methods.AssertionMethods.checkPartialTitle(AssertionMethods.java:56)
	at stepDefintions.PredefinedStepDefinitions.check_partial_text(PredefinedStepDefinitions.java:190)
	at ✽.Then I should see page title having partial text as &quot;Wrong title&quot;(features/AssertSteps.feature:22)
</error>
  </testcase>
  <testcase time="0" classname="Scenario: verify partial page title - negative test" name="Then I should not see page title having partial text as &quot;selenium-cucumber&quot;">
    <error message="Partial Page Title Present, Actual Page Title : Test Page for selenium-cucumber" type="methods.TestCaseFailed">methods.TestCaseFailed: Partial Page Title Present, Actual Page Title : Test Page for selenium-cucumber
	at methods.AssertionMethods.checkPartialTitle(AssertionMethods.java:61)
	at stepDefintions.PredefinedStepDefinitions.check_partial_text(PredefinedStepDefinitions.java:190)
	at ✽.Then I should not see page title having partial text as &quot;selenium-cucumber&quot;(features/AssertSteps.feature:25)
</error>
    <system-out>
  Scenario: verify partial page title - negative test                 &amp;#27;[90m# features/AssertSteps.feature:21&amp;#27;[0m
    &amp;#27;[31mThen &amp;#27;[0m&amp;#27;[31mI should&amp;#27;[0m&amp;#27;[31m&amp;#27;[1m&amp;#27;[0m&amp;#27;[31m see page title having partial text as &quot;&amp;#27;[0m&amp;#27;[31m&amp;#27;[1mWrong title&amp;#27;[0m&amp;#27;[31m&quot;&amp;#27;[0m &amp;#27;[90m# PredefinedStepDefinitions.check_partial_text(String,String)&amp;#27;[0m
      &amp;#27;[31mmethods.TestCaseFailed: Partial Page Title Not Present, Actual Page Title : Test Page for selenium-cucumber
      	at methods.AssertionMethods.checkPartialTitle(AssertionMethods.java:56)
      	at stepDefintions.PredefinedStepDefinitions.check_partial_text(PredefinedStepDefinitions.java:190)
      	at ?.Then I should see page title having partial text as &quot;Wrong title&quot;(features/AssertSteps.feature:22)
      &amp;#27;[0m
</system-out>
  </testcase>
  <testcase time="0.014" classname="Scenario: verify partial page title - negative test" name="Scenario: verify partial page title - negative test">
    <error message="Partial Page Title Present, Actual Page Title : Test Page for selenium-cucumber" type="methods.TestCaseFailed">methods.TestCaseFailed: Partial Page Title Present, Actual Page Title : Test Page for selenium-cucumber
	at methods.AssertionMethods.checkPartialTitle(AssertionMethods.java:61)
	at stepDefintions.PredefinedStepDefinitions.check_partial_text(PredefinedStepDefinitions.java:190)
	at ✽.Then I should not see page title having partial text as &quot;selenium-cucumber&quot;(features/AssertSteps.feature:25)
</error>
  </testcase>
  <testcase time="0" classname="Scenario: verify element text" name="Then I scroll to end of page"/>
  <testcase time="0" classname="Scenario: verify element text" name="Then element having id &quot;dbClick&quot; should have text as &quot;Double-click this paragraph to trigger a function.&quot;"/>
  <testcase time="0" classname="Scenario: verify element text" name="Then element having name &quot;javascript_alert_msg&quot; should have text as &quot;Click the button to display a confirm box.&quot;"/>
  <testcase time="0" classname="Scenario: verify element text" name="Then element having class &quot;form_name&quot; should have text as &quot;Simple sample form with input elements&quot;"/>
  <testcase time="0" classname="Scenario: verify element text" name="Then element having xpath &quot;.//*[@id=&apos;frm&apos;]/fieldset/p[1]/label&quot; should have text as &quot;Text input (first name)&quot;"/>
  <testcase time="0" classname="Scenario: verify element text" name="Scenario: verify element text"/>
  <testcase time="0" classname="Scenario: verify element should not text" name="Then element having id &quot;dbClick&quot; should not have text as &quot;Double-click this&quot;"/>
  <testcase time="0" classname="Scenario: verify element should not text" name="Then element having name &quot;javascript_alert_msg&quot; should not have text as &quot;Click the button&quot;"/>
  <testcase time="0" classname="Scenario: verify element should not text" name="Then element having class &quot;form_name&quot; should not have text as &quot;Simple sample&quot;"/>
  <testcase time="0" classname="Scenario: verify element should not text" name="Then element having xpath &quot;.//*[@id=&apos;frm&apos;]/fieldset/p[3]/label&quot; should not have text as &quot;xyz&quot;"/>
  <testcase time="0" classname="Scenario: verify element should not text" name="Scenario: verify element should not text"/>
  <testcase time="0" classname="Scenario: verify element text - negative test 1" name="Then element having id &quot;dbClick&quot; should have text as &quot;Double-click this&quot;">
    <error message="Text Not Matched" type="methods.TestCaseFailed">methods.TestCaseFailed: Text Not Matched
	at methods.AssertionMethods.checkElementText(AssertionMethods.java:90)
	at stepDefintions.PredefinedStepDefinitions.check_element_text(PredefinedStepDefinitions.java:198)
	at ✽.Then element having id &quot;dbClick&quot; should have text as &quot;Double-click this&quot;(features/AssertSteps.feature:41)
</error>
    <system-out>
  Scenario: verify element should not text                                                        &amp;#27;[90m# features/AssertSteps.feature:34&amp;#27;[0m
    &amp;#27;[32mThen &amp;#27;[0m&amp;#27;[32melement having &amp;#27;[0m&amp;#27;[32m&amp;#27;[1mid&amp;#27;[0m&amp;#27;[32m &quot;&amp;#27;[0m&amp;#27;[32m&amp;#27;[1mdbClick&amp;#27;[0m&amp;#27;[32m&quot; should &amp;#27;[0m&amp;#27;[32m&amp;#27;[1mnot&amp;#27;[0m&amp;#27;[32m have text as &quot;&amp;#27;[0m&amp;#27;[32m&amp;#27;[1mDouble-click this&amp;#27;[0m&amp;#27;[32m&quot;&amp;#27;[0m                  &amp;#27;[90m# PredefinedStepDefinitions.check_element_text(String,String,String,String)&amp;#27;[0m
    &amp;#27;[32mThen &amp;#27;[0m&amp;#27;[32melement having &amp;#27;[0m&amp;#27;[32m&amp;#27;[1mname&amp;#27;[0m&amp;#27;[32m &quot;&amp;#27;[0m&amp;#27;[32m&amp;#27;[1mjavascript_alert_msg&amp;#27;[0m&amp;#27;[32m&quot; should &amp;#27;[0m&amp;#27;[32m&amp;#27;[1mnot&amp;#27;[0m&amp;#27;[32m have text as &quot;&amp;#27;[0m&amp;#27;[32m&amp;#27;[1mClick the button&amp;#27;[0m&amp;#27;[32m&quot;&amp;#27;[0m    &amp;#27;[90m# PredefinedStepDefinitions.check_element_text(String,String,String,String)&amp;#27;[0m
    &amp;#27;[32mThen &amp;#27;[0m&amp;#27;[32melement having &amp;#27;[0m&amp;#27;[32m&amp;#27;[1mclass&amp;#27;[0m&amp;#27;[32m &quot;&amp;#27;[0m&amp;#27;[32m&amp;#27;[1mform_name&amp;#27;[0m&amp;#27;[32m&quot; should &amp;#27;[0m&amp;#27;[32m&amp;#27;[1mnot&amp;#27;[0m&amp;#27;[32m have text as &quot;&amp;#27;[0m&amp;#27;[32m&amp;#27;[1mSimple sample&amp;#27;[0m&amp;#27;[32m&quot;&amp;#27;[0m                 &amp;#27;[90m# PredefinedStepDefinitions.check_element_text(String,String,String,String)&amp;#27;[0m
    &amp;#27;[32mThen &amp;#27;[0m&amp;#27;[32melement having &amp;#27;[0m&amp;#27;[32m&amp;#27;[1mxpath&amp;#27;[0m&amp;#27;[32m &quot;&amp;#27;[0m&amp;#27;[32m&amp;#27;[1m.//*[@id=&apos;frm&apos;]/fieldset/p[3]/label&amp;#27;[0m&amp;#27;[32m&quot; should &amp;#27;[0m&amp;#27;[32m&amp;#27;[1mnot&amp;#27;[0m&amp;#27;[32m have text as &quot;&amp;#27;[0m&amp;#27;[32m&amp;#27;[1mxyz&amp;#27;[0m&amp;#27;[32m&quot;&amp;#27;[0m &amp;#27;[90m# PredefinedStepDefinitions.check_element_text(String,String,String,String)&amp;#27;[0m
</system-out>
  </testcase>
  <testcase time="0.001" classname="Scenario: verify element text - negative test 1" name="Scenario: verify element text - negative test 1">
    <error message="Text Not Matched" type="methods.TestCaseFailed">methods.TestCaseFailed: Text Not Matched
	at methods.AssertionMethods.checkElementText(AssertionMethods.java:90)
	at stepDefintions.PredefinedStepDefinitions.check_element_text(PredefinedStepDefinitions.java:198)
	at ✽.Then element having id &quot;dbClick&quot; should have text as &quot;Double-click this&quot;(features/AssertSteps.feature:41)
</error>
  </testcase>
  <testcase time="0" classname="Scenario: verify element text - negative test 2" name="Then element having name &quot;javascript_alert_msg&quot; should not have text as &quot;Click the button to display a confirm box.&quot;">
    <error message="Text Matched" type="methods.TestCaseFailed">methods.TestCaseFailed: Text Matched
	at methods.AssertionMethods.checkElementText(AssertionMethods.java:95)
	at stepDefintions.PredefinedStepDefinitions.check_element_text(PredefinedStepDefinitions.java:198)
	at ✽.Then element having name &quot;javascript_alert_msg&quot; should not have text as &quot;Click the button to display a confirm box.&quot;(features/AssertSteps.feature:44)
</error>
    <system-out>
  Scenario: verify element text - negative test 1                            &amp;#27;[90m# features/AssertSteps.feature:40&amp;#27;[0m
    &amp;#27;[31mThen &amp;#27;[0m&amp;#27;[31melement having &amp;#27;[0m&amp;#27;[31m&amp;#27;[1mid&amp;#27;[0m&amp;#27;[31m &quot;&amp;#27;[0m&amp;#27;[31m&amp;#27;[1mdbClick&amp;#27;[0m&amp;#27;[31m&quot; should&amp;#27;[0m&amp;#27;[31m&amp;#27;[1m&amp;#27;[0m&amp;#27;[31m have text as &quot;&amp;#27;[0m&amp;#27;[31m&amp;#27;[1mDouble-click this&amp;#27;[0m&amp;#27;[31m&quot;&amp;#27;[0m &amp;#27;[90m# PredefinedStepDefinitions.check_element_text(String,String,String,String)&amp;#27;[0m
      &amp;#27;[31mmethods.TestCaseFailed: Text Not Matched
      	at methods.AssertionMethods.checkElementText(AssertionMethods.java:90)
      	at stepDefintions.PredefinedStepDefinitions.check_element_text(PredefinedStepDefinitions.java:198)
      	at ?.Then element having id &quot;dbClick&quot; should have text as &quot;Double-click this&quot;(features/AssertSteps.feature:41)
      &amp;#27;[0m
</system-out>
  </testcase>
  <testcase time="0" classname="Scenario: verify element text - negative test 2" name="Scenario: verify element text - negative test 2">
    <error message="Text Matched" type="methods.TestCaseFailed">methods.TestCaseFailed: Text Matched
	at methods.AssertionMethods.checkElementText(AssertionMethods.java:95)
	at stepDefintions.PredefinedStepDefinitions.check_element_text(PredefinedStepDefinitions.java:198)
	at ✽.Then element having name &quot;javascript_alert_msg&quot; should not have text as &quot;Click the button to display a confirm box.&quot;(features/AssertSteps.feature:44)
</error>
  </testcase>
  <testcase time="0" classname="Scenario: Partial text present" name="Then element having id &quot;frm&quot; should have partial text as &quot;last&quot;"/>
  <testcase time="0.001" classname="Scenario: Partial text present" name="Scenario: Partial text present"/>
  <testcase time="0" classname="Scenario: Partial text present - negative test" name="Then element having id &quot;frm&quot; should have partial text as &quot;selenium&quot;">
    <error message="Text Not Matched" type="methods.TestCaseFailed">methods.TestCaseFailed: Text Not Matched
	at methods.AssertionMethods.checkElementPartialText(AssertionMethods.java:112)
	at stepDefintions.PredefinedStepDefinitions.check_element_partial_text(PredefinedStepDefinitions.java:206)
	at ✽.Then element having id &quot;frm&quot; should have partial text as &quot;selenium&quot;(features/AssertSteps.feature:50)
</error>
    <system-out>
  Scenario: Partial text present                                    &amp;#27;[90m# features/AssertSteps.feature:46&amp;#27;[0m
    &amp;#27;[32mThen &amp;#27;[0m&amp;#27;[32melement having &amp;#27;[0m&amp;#27;[32m&amp;#27;[1mid&amp;#27;[0m&amp;#27;[32m &quot;&amp;#27;[0m&amp;#27;[32m&amp;#27;[1mfrm&amp;#27;[0m&amp;#27;[32m&quot; should&amp;#27;[0m&amp;#27;[32m&amp;#27;[1m&amp;#27;[0m&amp;#27;[32m have partial text as &quot;&amp;#27;[0m&amp;#27;[32m&amp;#27;[1mlast&amp;#27;[0m&amp;#27;[32m&quot;&amp;#27;[0m &amp;#27;[90m# PredefinedStepDefinitions.check_element_partial_text(String,String,String,String)&amp;#27;[0m
</system-out>
  </testcase>
  <testcase time="0" classname="Scenario: Partial text present - negative test" name="Scenario: Partial text present - negative test">
    <error message="Text Not Matched" type="methods.TestCaseFailed">methods.TestCaseFailed: Text Not Matched
	at methods.AssertionMethods.checkElementPartialText(AssertionMethods.java:112)
	at stepDefintions.PredefinedStepDefinitions.check_element_partial_text(PredefinedStepDefinitions.java:206)
	at ✽.Then element having id &quot;frm&quot; should have partial text as &quot;selenium&quot;(features/AssertSteps.feature:50)
</error>
  </testcase>
  <testcase time="0" classname="Scenario: Partial text not present" name="Then element having id &quot;frm&quot; should not have partial text as &quot;selenium&quot;"/>
  <testcase time="0" classname="Scenario: Partial text not present" name="Scenario: Partial text not present"/>
  <testcase time="0" classname="Scenario: Partial text not present - negative test" name="Then element having id &quot;frm&quot; should not have partial text as &quot;last&quot;">
    <error message="Text Matched" type="methods.TestCaseFailed">methods.TestCaseFailed: Text Matched
	at methods.AssertionMethods.checkElementPartialText(AssertionMethods.java:117)
	at stepDefintions.PredefinedStepDefinitions.check_element_partial_text(PredefinedStepDefinitions.java:206)
	at ✽.Then element having id &quot;frm&quot; should not have partial text as &quot;last&quot;(features/AssertSteps.feature:56)
</error>
    <system-out>
  Scenario: Partial text not present                                        &amp;#27;[90m# features/AssertSteps.feature:52&amp;#27;[0m
    &amp;#27;[32mThen &amp;#27;[0m&amp;#27;[32melement having &amp;#27;[0m&amp;#27;[32m&amp;#27;[1mid&amp;#27;[0m&amp;#27;[32m &quot;&amp;#27;[0m&amp;#27;[32m&amp;#27;[1mfrm&amp;#27;[0m&amp;#27;[32m&quot; should &amp;#27;[0m&amp;#27;[32m&amp;#27;[1mnot&amp;#27;[0m&amp;#27;[32m have partial text as &quot;&amp;#27;[0m&amp;#27;[32m&amp;#27;[1mselenium&amp;#27;[0m&amp;#27;[32m&quot;&amp;#27;[0m &amp;#27;[90m# PredefinedStepDefinitions.check_element_partial_text(String,String,String,String)&amp;#27;[0m
</system-out>
  </testcase>
  <testcase time="0.004" classname="Scenario: Partial text not present - negative test" name="Scenario: Partial text not present - negative test">
    <error message="Text Matched" type="methods.TestCaseFailed">methods.TestCaseFailed: Text Matched
	at methods.AssertionMethods.checkElementPartialText(AssertionMethods.java:117)
	at stepDefintions.PredefinedStepDefinitions.check_element_partial_text(PredefinedStepDefinitions.java:206)
	at ✽.Then element having id &quot;frm&quot; should not have partial text as &quot;last&quot;(features/AssertSteps.feature:56)
</error>
  </testcase>
  <testcase time="0" classname="Scenario: verify element accesibility" name="Then element having id &quot;submit&quot; should be enabled"/>
  <testcase time="0" classname="Scenario: verify element accesibility" name="Then element having name &quot;btn_reset&quot; should be enabled"/>
  <testcase time="0" classname="Scenario: verify element accesibility" name="Then element having class &quot;cls_pwd&quot; should be enabled"/>
  <testcase time="0" classname="Scenario: verify element accesibility" name="Then element having xpath &quot;.//*[@id=&apos;try_it&apos;]&quot; should be enabled"/>
  <testcase time="0" classname="Scenario: verify element accesibility" name="Then element having id &quot;disabledBt_id&quot; should be disabled"/>
  <testcase time="0" classname="Scenario: verify element accesibility" name="Then element having name &quot;disabledBt_name&quot; should be disabled"/>
  <testcase time="0" classname="Scenario: verify element accesibility" name="Then element having class &quot;df_class&quot; should be disabled"/>
  <testcase time="0" classname="Scenario: verify element accesibility" name="Then element having xpath &quot;.//*[@id=&apos;df_id&apos;]&quot; should be disabled"/>
  <testcase time="0" classname="Scenario: verify element accesibility" name="Scenario: verify element accesibility"/>
  <testcase time="0" classname="Scenario: verify element accesibility - negative test 1" name="Then element having id &quot;submit&quot; should be disabled">
    <error message="Element Enabled" type="methods.TestCaseFailed">methods.TestCaseFailed: Element Enabled
	at methods.AssertionMethods.checkElementEnable(AssertionMethods.java:148)
	at stepDefintions.PredefinedStepDefinitions.check_element_enable(PredefinedStepDefinitions.java:227)
	at ✽.Then element having id &quot;submit&quot; should be disabled(features/AssertSteps.feature:69)
</error>
    <system-out>
  Scenario: verify element accesibility                              &amp;#27;[90m# features/AssertSteps.feature:58&amp;#27;[0m
    &amp;#27;[32mThen &amp;#27;[0m&amp;#27;[32melement having &amp;#27;[0m&amp;#27;[32m&amp;#27;[1mid&amp;#27;[0m&amp;#27;[32m &quot;&amp;#27;[0m&amp;#27;[32m&amp;#27;[1msubmit&amp;#27;[0m&amp;#27;[32m&quot; should&amp;#27;[0m&amp;#27;[32m&amp;#27;[1m&amp;#27;[0m&amp;#27;[32m be &amp;#27;[0m&amp;#27;[32m&amp;#27;[1menabled&amp;#27;[0m                &amp;#27;[90m# PredefinedStepDefinitions.check_element_enable(String,String,String,String)&amp;#27;[0m
    &amp;#27;[32mThen &amp;#27;[0m&amp;#27;[32melement having &amp;#27;[0m&amp;#27;[32m&amp;#27;[1mname&amp;#27;[0m&amp;#27;[32m &quot;&amp;#27;[0m&amp;#27;[32m&amp;#27;[1mbtn_reset&amp;#27;[0m&amp;#27;[32m&quot; should&amp;#27;[0m&amp;#27;[32m&amp;#27;[1m&amp;#27;[0m&amp;#27;[32m be &amp;#27;[0m&amp;#27;[32m&amp;#27;[1menabled&amp;#27;[0m           &amp;#27;[90m# PredefinedStepDefinitions.check_element_enable(String,String,String,String)&amp;#27;[0m
    &amp;#27;[32mThen &amp;#27;[0m&amp;#27;[32melement having &amp;#27;[0m&amp;#27;[32m&amp;#27;[1mclass&amp;#27;[0m&amp;#27;[32m &quot;&amp;#27;[0m&amp;#27;[32m&amp;#27;[1mcls_pwd&amp;#27;[0m&amp;#27;[32m&quot; should&amp;#27;[0m&amp;#27;[32m&amp;#27;[1m&amp;#27;[0m&amp;#27;[32m be &amp;#27;[0m&amp;#27;[32m&amp;#27;[1menabled&amp;#27;[0m            &amp;#27;[90m# PredefinedStepDefinitions.check_element_enable(String,String,String,String)&amp;#27;[0m
    &amp;#27;[32mThen &amp;#27;[0m&amp;#27;[32melement having &amp;#27;[0m&amp;#27;[32m&amp;#27;[1mxpath&amp;#27;[0m&amp;#27;[32m &quot;&amp;#27;[0m&amp;#27;[32m&amp;#27;[1m.//*[@id=&apos;try_it&apos;]&amp;#27;[0m&amp;#27;[32m&quot; should&amp;#27;[0m&amp;#27;[32m&amp;#27;[1m&amp;#27;[0m&amp;#27;[32m be &amp;#27;[0m&amp;#27;[32m&amp;#27;[1menabled&amp;#27;[0m &amp;#27;[90m# PredefinedStepDefinitions.check_element_enable(String,String,String,String)&amp;#27;[0m
    &amp;#27;[32mThen &amp;#27;[0m&amp;#27;[32melement having &amp;#27;[0m&amp;#27;[32m&amp;#27;[1mid&amp;#27;[0m&amp;#27;[32m &quot;&amp;#27;[0m&amp;#27;[32m&amp;#27;[1mdisabledBt_id&amp;#27;[0m&amp;#27;[32m&quot; should&amp;#27;[0m&amp;#27;[32m&amp;#27;[1m&amp;#27;[0m&amp;#27;[32m be &amp;#27;[0m&amp;#27;[32m&amp;#27;[1mdisabled&amp;#27;[0m        &amp;#27;[90m# PredefinedStepDefinitions.check_element_enable(String,String,String,String)&amp;#27;[0m
    &amp;#27;[32mThen &amp;#27;[0m&amp;#27;[32melement having &amp;#27;[0m&amp;#27;[32m&amp;#27;[1mname&amp;#27;[0m&amp;#27;[32m &quot;&amp;#27;[0m&amp;#27;[32m&amp;#27;[1mdisabledBt_name&amp;#27;[0m&amp;#27;[32m&quot; should&amp;#27;[0m&amp;#27;[32m&amp;#27;[1m&amp;#27;[0m&amp;#27;[32m be &amp;#27;[0m&amp;#27;[32m&amp;#27;[1mdisabled&amp;#27;[0m    &amp;#27;[90m# PredefinedStepDefinitions.check_element_enable(String,String,String,String)&amp;#27;[0m
    &amp;#27;[32mThen &amp;#27;[0m&amp;#27;[32melement having &amp;#27;[0m&amp;#27;[32m&amp;#27;[1mclass&amp;#27;[0m&amp;#27;[32m &quot;&amp;#27;[0m&amp;#27;[32m&amp;#27;[1mdf_class&amp;#27;[0m&amp;#27;[32m&quot; should&amp;#27;[0m&amp;#27;[32m&amp;#27;[1m&amp;#27;[0m&amp;#27;[32m be &amp;#27;[0m&amp;#27;[32m&amp;#27;[1mdisabled&amp;#27;[0m          &amp;#27;[90m# PredefinedStepDefinitions.check_element_enable(String,String,String,String)&amp;#27;[0m
    &amp;#27;[32mThen &amp;#27;[0m&amp;#27;[32melement having &amp;#27;[0m&amp;#27;[32m&amp;#27;[1mxpath&amp;#27;[0m&amp;#27;[32m &quot;&amp;#27;[0m&amp;#27;[32m&amp;#27;[1m.//*[@id=&apos;df_id&apos;]&amp;#27;[0m&amp;#27;[32m&quot; should&amp;#27;[0m&amp;#27;[32m&amp;#27;[1m&amp;#27;[0m&amp;#27;[32m be &amp;#27;[0m&amp;#27;[32m&amp;#27;[1mdisabled&amp;#27;[0m &amp;#27;[90m# PredefinedStepDefinitions.check_element_enable(String,String,String,String)&amp;#27;[0m
</system-out>
  </testcase>
  <testcase time="0" classname="Scenario: verify element accesibility - negative test 1" name="Scenario: verify element accesibility - negative test 1">
    <error message="Element Enabled" type="methods.TestCaseFailed">methods.TestCaseFailed: Element Enabled
	at methods.AssertionMethods.checkElementEnable(AssertionMethods.java:148)
	at stepDefintions.PredefinedStepDefinitions.check_element_enable(PredefinedStepDefinitions.java:227)
	at ✽.Then element having id &quot;submit&quot; should be disabled(features/AssertSteps.feature:69)
</error>
  </testcase>
  <testcase time="0" classname="Scenario: verify element accesibility - negative test 2" name="Then element having id &quot;disabledBt_id&quot; should be enabled">
    <error message="Element Not Enabled" type="methods.TestCaseFailed">methods.TestCaseFailed: Element Not Enabled
	at methods.AssertionMethods.checkElementEnable(AssertionMethods.java:143)
	at stepDefintions.PredefinedStepDefinitions.check_element_enable(PredefinedStepDefinitions.java:227)
	at ✽.Then element having id &quot;disabledBt_id&quot; should be enabled(features/AssertSteps.feature:72)
</error>
    <system-out>
  Scenario: verify element accesibility - negative test 1 &amp;#27;[90m# features/AssertSteps.feature:68&amp;#27;[0m
    &amp;#27;[31mThen &amp;#27;[0m&amp;#27;[31melement having &amp;#27;[0m&amp;#27;[31m&amp;#27;[1mid&amp;#27;[0m&amp;#27;[31m &quot;&amp;#27;[0m&amp;#27;[31m&amp;#27;[1msubmit&amp;#27;[0m&amp;#27;[31m&quot; should&amp;#27;[0m&amp;#27;[31m&amp;#27;[1m&amp;#27;[0m&amp;#27;[31m be &amp;#27;[0m&amp;#27;[31m&amp;#27;[1mdisabled&amp;#27;[0m    &amp;#27;[90m# PredefinedStepDefinitions.check_element_enable(String,String,String,String)&amp;#27;[0m
      &amp;#27;[31mmethods.TestCaseFailed: Element Enabled
      	at methods.AssertionMethods.checkElementEnable(AssertionMethods.java:148)
      	at stepDefintions.PredefinedStepDefinitions.check_element_enable(PredefinedStepDefinitions.java:227)
      	at ?.Then element having id &quot;submit&quot; should be disabled(features/AssertSteps.feature:69)
      &amp;#27;[0m
</system-out>
  </testcase>
  <testcase time="0.001" classname="Scenario: verify element accesibility - negative test 2" name="Scenario: verify element accesibility - negative test 2">
    <error message="Element Not Enabled" type="methods.TestCaseFailed">methods.TestCaseFailed: Element Not Enabled
	at methods.AssertionMethods.checkElementEnable(AssertionMethods.java:143)
	at stepDefintions.PredefinedStepDefinitions.check_element_enable(PredefinedStepDefinitions.java:227)
	at ✽.Then element having id &quot;disabledBt_id&quot; should be enabled(features/AssertSteps.feature:72)
</error>
  </testcase>
  <testcase time="0" classname="Scenario: verify element visibility" name="Then element having id &quot;hiddenElement&quot; should not be present"/>
  <testcase time="0" classname="Scenario: verify element visibility" name="Then element having name &quot;he_name&quot; should not be present"/>
  <testcase time="0" classname="Scenario: verify element visibility" name="Then element having class &quot;he_class&quot; should not be present"/>
  <testcase time="0" classname="Scenario: verify element visibility" name="Then element having xpath &quot;.//*[@id=&apos;hiddenElement&apos;]&quot; should not be present"/>
  <testcase time="0" classname="Scenario: verify element visibility" name="And I wait for 10 sec"/>
  <testcase time="0" classname="Scenario: verify element visibility" name="Then element having id &quot;hiddenElement&quot; should be present"/>
  <testcase time="0" classname="Scenario: verify element visibility" name="Then element having name &quot;he_name&quot; should be present"/>
  <testcase time="0" classname="Scenario: verify element visibility" name="Then element having class &quot;he_class&quot; should be present"/>
  <testcase time="0" classname="Scenario: verify element visibility" name="Then element having xpath &quot;.//*[@id=&apos;hiddenElement&apos;]&quot; should be present"/>
  <testcase time="0" classname="Scenario: verify element visibility" name="Scenario: verify element visibility"/>
  <testcase time="0" classname="Scenario: verify checkbox checked or not" name="Then checkbox having id &quot;chk1&quot; should be checked"/>
  <testcase time="0" classname="Scenario: verify checkbox checked or not" name="Then checkbox having name &quot;chk5_name&quot; should be checked"/>
  <testcase time="0" classname="Scenario: verify checkbox checked or not" name="Then checkbox having xpath &quot;.//*[@id=&apos;chk1&apos;]&quot; should be checked"/>
  <testcase time="0" classname="Scenario: verify checkbox checked or not" name="Then checkbox having class &quot;chk5_class&quot; should be checked"/>
  <testcase time="0" classname="Scenario: verify checkbox checked or not" name="Then checkbox having id &quot;chk2&quot; should be unchecked"/>
  <testcase time="0" classname="Scenario: verify checkbox checked or not" name="Then checkbox having name &quot;chk3_name&quot; should be unchecked"/>
  <testcase time="0" classname="Scenario: verify checkbox checked or not" name="Then checkbox having class &quot;chk4_class&quot; should be unchecked"/>
  <testcase time="0" classname="Scenario: verify checkbox checked or not" name="Scenario: verify checkbox checked or not"/>
  <testcase time="0" classname="Scenario: verify checkbox checked or not - negative test 1" name="Then checkbox having class &quot;chk3_class&quot; should be checked">
    <error message="Checkbox is not checked" type="methods.TestCaseFailed">methods.TestCaseFailed: Checkbox is not checked
	at methods.AssertionMethods.isCheckboxChecked(AssertionMethods.java:233)
	at stepDefintions.PredefinedStepDefinitions.is_checkbox_checked(PredefinedStepDefinitions.java:244)
	at ✽.Then checkbox having class &quot;chk3_class&quot; should be checked(features/AssertSteps.feature:95)
</error>
    <system-out>
  Scenario: verify checkbox checked or not                          &amp;#27;[90m# features/AssertSteps.feature:85&amp;#27;[0m
    &amp;#27;[32mThen &amp;#27;[0m&amp;#27;[32mcheckbox having &amp;#27;[0m&amp;#27;[32m&amp;#27;[1mid&amp;#27;[0m&amp;#27;[32m &quot;&amp;#27;[0m&amp;#27;[32m&amp;#27;[1mchk1&amp;#27;[0m&amp;#27;[32m&quot; should be &amp;#27;[0m&amp;#27;[32m&amp;#27;[1mchecked&amp;#27;[0m                &amp;#27;[90m# PredefinedStepDefinitions.is_checkbox_checked(String,String,String)&amp;#27;[0m
    &amp;#27;[32mThen &amp;#27;[0m&amp;#27;[32mcheckbox having &amp;#27;[0m&amp;#27;[32m&amp;#27;[1mname&amp;#27;[0m&amp;#27;[32m &quot;&amp;#27;[0m&amp;#27;[32m&amp;#27;[1mchk5_name&amp;#27;[0m&amp;#27;[32m&quot; should be &amp;#27;[0m&amp;#27;[32m&amp;#27;[1mchecked&amp;#27;[0m         &amp;#27;[90m# PredefinedStepDefinitions.is_checkbox_checked(String,String,String)&amp;#27;[0m
    &amp;#27;[32mThen &amp;#27;[0m&amp;#27;[32mcheckbox having &amp;#27;[0m&amp;#27;[32m&amp;#27;[1mxpath&amp;#27;[0m&amp;#27;[32m &quot;&amp;#27;[0m&amp;#27;[32m&amp;#27;[1m.//*[@id=&apos;chk1&apos;]&amp;#27;[0m&amp;#27;[32m&quot; should be &amp;#27;[0m&amp;#27;[32m&amp;#27;[1mchecked&amp;#27;[0m &amp;#27;[90m# PredefinedStepDefinitions.is_checkbox_checked(String,String,String)&amp;#27;[0m
    &amp;#27;[32mThen &amp;#27;[0m&amp;#27;[32mcheckbox having &amp;#27;[0m&amp;#27;[32m&amp;#27;[1mclass&amp;#27;[0m&amp;#27;[32m &quot;&amp;#27;[0m&amp;#27;[32m&amp;#27;[1mchk5_class&amp;#27;[0m&amp;#27;[32m&quot; should be &amp;#27;[0m&amp;#27;[32m&amp;#27;[1mchecked&amp;#27;[0m       &amp;#27;[90m# PredefinedStepDefinitions.is_checkbox_checked(String,String,String)&amp;#27;[0m
    &amp;#27;[32mThen &amp;#27;[0m&amp;#27;[32mcheckbox having &amp;#27;[0m&amp;#27;[32m&amp;#27;[1mid&amp;#27;[0m&amp;#27;[32m &quot;&amp;#27;[0m&amp;#27;[32m&amp;#27;[1mchk2&amp;#27;[0m&amp;#27;[32m&quot; should be &amp;#27;[0m&amp;#27;[32m&amp;#27;[1munchecked&amp;#27;[0m              &amp;#27;[90m# PredefinedStepDefinitions.is_checkbox_checked(String,String,String)&amp;#27;[0m
    &amp;#27;[32mThen &amp;#27;[0m&amp;#27;[32mcheckbox having &amp;#27;[0m&amp;#27;[32m&amp;#27;[1mname&amp;#27;[0m&amp;#27;[32m &quot;&amp;#27;[0m&amp;#27;[32m&amp;#27;[1mchk3_name&amp;#27;[0m&amp;#27;[32m&quot; should be &amp;#27;[0m&amp;#27;[32m&amp;#27;[1munchecked&amp;#27;[0m       &amp;#27;[90m# PredefinedStepDefinitions.is_checkbox_checked(String,String,String)&amp;#27;[0m
    &amp;#27;[32mThen &amp;#27;[0m&amp;#27;[32mcheckbox having &amp;#27;[0m&amp;#27;[32m&amp;#27;[1mclass&amp;#27;[0m&amp;#27;[32m &quot;&amp;#27;[0m&amp;#27;[32m&amp;#27;[1mchk4_class&amp;#27;[0m&amp;#27;[32m&quot; should be &amp;#27;[0m&amp;#27;[32m&amp;#27;[1munchecked&amp;#27;[0m     &amp;#27;[90m# PredefinedStepDefinitions.is_checkbox_checked(String,String,String)&amp;#27;[0m
</system-out>
  </testcase>
  <testcase time="0" classname="Scenario: verify checkbox checked or not - negative test 1" name="Scenario: verify checkbox checked or not - negative test 1">
    <error message="Checkbox is not checked" type="methods.TestCaseFailed">methods.TestCaseFailed: Checkbox is not checked
	at methods.AssertionMethods.isCheckboxChecked(AssertionMethods.java:233)
	at stepDefintions.PredefinedStepDefinitions.is_checkbox_checked(PredefinedStepDefinitions.java:244)
	at ✽.Then checkbox having class &quot;chk3_class&quot; should be checked(features/AssertSteps.feature:95)
</error>
  </testcase>
  <testcase time="0" classname="Scenario: verify checkbox checked or not - negative test 2" name="Then checkbox having class &quot;chk5_class&quot; should be unchecked">
    <error message="Checkbox is checked" type="methods.TestCaseFailed">methods.TestCaseFailed: Checkbox is checked
	at methods.AssertionMethods.isCheckboxChecked(AssertionMethods.java:235)
	at stepDefintions.PredefinedStepDefinitions.is_checkbox_checked(PredefinedStepDefinitions.java:244)
	at ✽.Then checkbox having class &quot;chk5_class&quot; should be unchecked(features/AssertSteps.feature:98)
</error>
    <system-out>
  Scenario: verify checkbox checked or not - negative test 1  &amp;#27;[90m# features/AssertSteps.feature:94&amp;#27;[0m
    &amp;#27;[31mThen &amp;#27;[0m&amp;#27;[31mcheckbox having &amp;#27;[0m&amp;#27;[31m&amp;#27;[1mclass&amp;#27;[0m&amp;#27;[31m &quot;&amp;#27;[0m&amp;#27;[31m&amp;#27;[1mchk3_class&amp;#27;[0m&amp;#27;[31m&quot; should be &amp;#27;[0m&amp;#27;[31m&amp;#27;[1mchecked&amp;#27;[0m &amp;#27;[90m# PredefinedStepDefinitions.is_checkbox_checked(String,String,String)&amp;#27;[0m
      &amp;#27;[31mmethods.TestCaseFailed: Checkbox is not checked
      	at methods.AssertionMethods.isCheckboxChecked(AssertionMethods.java:233)
      	at stepDefintions.PredefinedStepDefinitions.is_checkbox_checked(PredefinedStepDefinitions.java:244)
      	at ?.Then checkbox having class &quot;chk3_class&quot; should be checked(features/AssertSteps.feature:95)
      &amp;#27;[0m
</system-out>
  </testcase>
  <testcase time="0" classname="Scenario: verify checkbox checked or not - negative test 2" name="Scenario: verify checkbox checked or not - negative test 2">
    <error message="Checkbox is checked" type="methods.TestCaseFailed">methods.TestCaseFailed: Checkbox is checked
	at methods.AssertionMethods.isCheckboxChecked(AssertionMethods.java:235)
	at stepDefintions.PredefinedStepDefinitions.is_checkbox_checked(PredefinedStepDefinitions.java:244)
	at ✽.Then checkbox having class &quot;chk5_class&quot; should be unchecked(features/AssertSteps.feature:98)
</error>
  </testcase>
  <testcase time="0" classname="Scenario: verify radio button selected or not" name="Then radio button having id &quot;rdb1&quot; should be selected"/>
  <testcase time="0" classname="Scenario: verify radio button selected or not" name="Then radio button having id &quot;rdb2&quot; should be unselected"/>
  <testcase time="0" classname="Scenario: verify radio button selected or not" name="Scenario: verify radio button selected or not"/>
  <testcase time="0" classname="Scenario: verify radio button selected or not - negative test 1" name="Then radio button having id &quot;rdb2&quot; should be selected">
    <error message="Radio Button not selected" type="methods.TestCaseFailed">methods.TestCaseFailed: Radio Button not selected
	at methods.AssertionMethods.isRadioButtonSelected(AssertionMethods.java:247)
	at stepDefintions.PredefinedStepDefinitions.is_radio_button_selected(PredefinedStepDefinitions.java:253)
	at ✽.Then radio button having id &quot;rdb2&quot; should be selected(features/AssertSteps.feature:105)
</error>
    <system-out>
  Scenario: verify radio button selected or not             &amp;#27;[90m# features/AssertSteps.feature:100&amp;#27;[0m
    &amp;#27;[32mThen &amp;#27;[0m&amp;#27;[32mradio button having &amp;#27;[0m&amp;#27;[32m&amp;#27;[1mid&amp;#27;[0m&amp;#27;[32m &quot;&amp;#27;[0m&amp;#27;[32m&amp;#27;[1mrdb1&amp;#27;[0m&amp;#27;[32m&quot; should be &amp;#27;[0m&amp;#27;[32m&amp;#27;[1mselected&amp;#27;[0m   &amp;#27;[90m# PredefinedStepDefinitions.is_radio_button_selected(String,String,String)&amp;#27;[0m
    &amp;#27;[32mThen &amp;#27;[0m&amp;#27;[32mradio button having &amp;#27;[0m&amp;#27;[32m&amp;#27;[1mid&amp;#27;[0m&amp;#27;[32m &quot;&amp;#27;[0m&amp;#27;[32m&amp;#27;[1mrdb2&amp;#27;[0m&amp;#27;[32m&quot; should be &amp;#27;[0m&amp;#27;[32m&amp;#27;[1munselected&amp;#27;[0m &amp;#27;[90m# PredefinedStepDefinitions.is_radio_button_selected(String,String,String)&amp;#27;[0m
</system-out>
  </testcase>
  <testcase time="0" classname="Scenario: verify radio button selected or not - negative test 1" name="Scenario: verify radio button selected or not - negative test 1">
    <error message="Radio Button not selected" type="methods.TestCaseFailed">methods.TestCaseFailed: Radio Button not selected
	at methods.AssertionMethods.isRadioButtonSelected(AssertionMethods.java:247)
	at stepDefintions.PredefinedStepDefinitions.is_radio_button_selected(PredefinedStepDefinitions.java:253)
	at ✽.Then radio button having id &quot;rdb2&quot; should be selected(features/AssertSteps.feature:105)
</error>
  </testcase>
  <testcase time="0.001" classname="Scenario: verify radio button selected or not - negative test 2" name="Then radio button having id &quot;rdb1&quot; should be unselected">
    <error message="Radio Button is selected" type="methods.TestCaseFailed">methods.TestCaseFailed: Radio Button is selected
	at methods.AssertionMethods.isRadioButtonSelected(AssertionMethods.java:249)
	at stepDefintions.PredefinedStepDefinitions.is_radio_button_selected(PredefinedStepDefinitions.java:253)
	at ✽.Then radio button having id &quot;rdb1&quot; should be unselected(features/AssertSteps.feature:108)
</error>
    <system-out>
  Scenario: verify radio button selected or not - negative test 1 &amp;#27;[90m# features/AssertSteps.feature:104&amp;#27;[0m
    &amp;#27;[31mThen &amp;#27;[0m&amp;#27;[31mradio button having &amp;#27;[0m&amp;#27;[31m&amp;#27;[1mid&amp;#27;[0m&amp;#27;[31m &quot;&amp;#27;[0m&amp;#27;[31m&amp;#27;[1mrdb2&amp;#27;[0m&amp;#27;[31m&quot; should be &amp;#27;[0m&amp;#27;[31m&amp;#27;[1mselected&amp;#27;[0m         &amp;#27;[90m# PredefinedStepDefinitions.is_radio_button_selected(String,String,String)&amp;#27;[0m
      &amp;#27;[31mmethods.TestCaseFailed: Radio Button not selected
      	at methods.AssertionMethods.isRadioButtonSelected(AssertionMethods.java:247)
      	at stepDefintions.PredefinedStepDefinitions.is_radio_button_selected(PredefinedStepDefinitions.java:253)
      	at ?.Then radio button having id &quot;rdb2&quot; should be selected(features/AssertSteps.feature:105)
      &amp;#27;[0m
</system-out>
  </testcase>
  <testcase time="0.001" classname="Scenario: verify radio button selected or not - negative test 2" name="Scenario: verify radio button selected or not - negative test 2">
    <error message="Radio Button is selected" type="methods.TestCaseFailed">methods.TestCaseFailed: Radio Button is selected
	at methods.AssertionMethods.isRadioButtonSelected(AssertionMethods.java:249)
	at stepDefintions.PredefinedStepDefinitions.is_radio_button_selected(PredefinedStepDefinitions.java:253)
	at ✽.Then radio button having id &quot;rdb1&quot; should be unselected(features/AssertSteps.feature:108)
</error>
  </testcase>
  <testcase time="0" classname="Scenario: verify radio button group selected or not" name="Then I select radio button having xpath &quot;.//*[@id=&apos;frm&apos;]/fieldset/p[6]/input[1]&quot;"/>
  <testcase time="0" classname="Scenario: verify radio button group selected or not" name="Then option &quot;M&quot; by value from radio button group having name &quot;radio_gender&quot; should be selected"/>
  <testcase time="0.001" classname="Scenario: verify radio button group selected or not" name="Scenario: verify radio button group selected or not"/>
  <testcase time="0" classname="Scenario: verify radio button group selected or not - negative test" name="Then option &quot;M&quot; by value from radio button group having name &quot;radio_gender&quot; should be unselected">
    <error message="Radio Button is selected" type="methods.TestCaseFailed">methods.TestCaseFailed: Radio Button is selected
	at methods.AssertionMethods.isOptionFromRadioButtonGroupSelected(AssertionMethods.java:265)
	at stepDefintions.PredefinedStepDefinitions.is_option_from_radio_button_group_selected(PredefinedStepDefinitions.java:262)
	at ✽.Then option &quot;M&quot; by value from radio button group having name &quot;radio_gender&quot; should be unselected(features/AssertSteps.feature:115)
</error>
    <system-out>
  Scenario: verify radio button group selected or not                                              &amp;#27;[90m# features/AssertSteps.feature:110&amp;#27;[0m
    &amp;#27;[32mThen &amp;#27;[0m&amp;#27;[32mI select radio button having &amp;#27;[0m&amp;#27;[32m&amp;#27;[1mxpath&amp;#27;[0m&amp;#27;[32m &quot;&amp;#27;[0m&amp;#27;[32m&amp;#27;[1m.//*[@id=&apos;frm&apos;]/fieldset/p[6]/input[1]&amp;#27;[0m&amp;#27;[32m&quot;&amp;#27;[0m               &amp;#27;[90m# PredefinedStepDefinitions.select_radio_button(String,String)&amp;#27;[0m
    &amp;#27;[32mThen &amp;#27;[0m&amp;#27;[32moption &quot;&amp;#27;[0m&amp;#27;[32m&amp;#27;[1mM&amp;#27;[0m&amp;#27;[32m&quot; by &amp;#27;[0m&amp;#27;[32m&amp;#27;[1mvalue&amp;#27;[0m&amp;#27;[32m from radio button group having &amp;#27;[0m&amp;#27;[32m&amp;#27;[1mname&amp;#27;[0m&amp;#27;[32m &quot;&amp;#27;[0m&amp;#27;[32m&amp;#27;[1mradio_gender&amp;#27;[0m&amp;#27;[32m&quot; should be &amp;#27;[0m&amp;#27;[32m&amp;#27;[1mselected&amp;#27;[0m &amp;#27;[90m# PredefinedStepDefinitions.is_option_from_radio_button_group_selected(String,String,String,String,String)&amp;#27;[0m
</system-out>
  </testcase>
  <testcase time="0.001" classname="Scenario: verify radio button group selected or not - negative test" name="Scenario: verify radio button group selected or not - negative test">
    <error message="Radio Button is selected" type="methods.TestCaseFailed">methods.TestCaseFailed: Radio Button is selected
	at methods.AssertionMethods.isOptionFromRadioButtonGroupSelected(AssertionMethods.java:265)
	at stepDefintions.PredefinedStepDefinitions.is_option_from_radio_button_group_selected(PredefinedStepDefinitions.java:262)
	at ✽.Then option &quot;M&quot; by value from radio button group having name &quot;radio_gender&quot; should be unselected(features/AssertSteps.feature:115)
</error>
  </testcase>
  <testcase time="0" classname="Scenario: verify link present or not" name="Then link having text &quot;selenium-cucumber gem&quot; should be present"/>
  <testcase time="0" classname="Scenario: verify link present or not" name="Then link having text &quot;xyz&quot; should not be present"/>
  <testcase time="0" classname="Scenario: verify link present or not" name="Scenario: verify link present or not"/>
  <testcase time="0" classname="Scenario: verify pop-up alert text" name="When I click on element having id &quot;try_it&quot;"/>
  <testcase time="0" classname="Scenario: verify pop-up alert text" name="Then I should see alert text as &quot;Press a button!&quot;"/>
  <testcase time="0" classname="Scenario: verify pop-up alert text" name="Then I accept alert"/>
  <testcase time="0" classname="Scenario: verify pop-up alert text" name="Scenario: verify pop-up alert text"/>
  <testcase time="0" classname="Scenario: Open test page" name="Given I navigate to &quot;http://selenium-cucumber.github.io/&quot;"/>
  <testcase time="0" classname="Scenario: Open test page" name="Scenario: Open test page"/>
  <testcase time="0" classname="Scenario: click on elements" name="Then I enter &quot;selenium-cucumber&quot; into input field having id &quot;f_name&quot;"/>
  <testcase time="0" classname="Scenario: click on elements" name="Then I click on element having id &quot;reset&quot;"/>
  <testcase time="0" classname="Scenario: click on elements" name="Then element having id &quot;f_name&quot; should have attribute &quot;value&quot; with value &quot;&quot;"/>
  <testcase time="0" classname="Scenario: click on elements" name="Scenario: click on elements"/>
  <testcase time="0" classname="Scenario: double click on elements" name="Then I double click on element having id &quot;dbClick&quot;"/>
  <testcase time="0" classname="Scenario: double click on elements" name="Then element having name &quot;demo2_name&quot; should be present"/>
  <testcase time="0" classname="Scenario: double click on elements" name="Scenario: double click on elements"/>
  <testcase time="0" classname="Scenario: click on links having text" name="Then I click on link having text &quot;selenium-cucumber gem&quot;"/>
  <testcase time="0" classname="Scenario: click on links having text" name="Then I should see page title as &quot;selenium-cucumber | RubyGems.org | your community gem host&quot;"/>
  <testcase time="0" classname="Scenario: click on links having text" name="Scenario: click on links having text"/>
  <testcase time="0" classname="Scenario: click on links having partial text" name="Then I click on link having partial text &quot;Home&quot;"/>
  <testcase time="0" classname="Scenario: click on links having partial text" name="Then I should see page title as &quot;Selenium-Cucumber | Code Less… Test More…&quot;"/>
  <testcase time="0" classname="Scenario: click on links having partial text" name="Scenario: click on links having partial text"/>
  <testcase time="0" classname="Scenario: Print Configuration" name="Given I print configuration"/>
  <testcase time="0" classname="Scenario: Print Configuration" name="Given I navigate to &quot;http://selenium-cucumber.github.io/&quot;"/>
  <testcase time="0" classname="Scenario: Print Configuration" name="Scenario: Print Configuration"/>
  <testcase time="0" classname="Scenario: Open test page" name="Given I navigate to &quot;http://selenium-cucumber.github.io/&quot;"/>
  <testcase time="0" classname="Scenario: Open test page" name="Scenario: Open test page"/>
  <testcase time="0" classname="Scenario: Enter text into textfield" name="Then I enter &quot;abc&quot; into input field having id &quot;f_name&quot;"/>
  <testcase time="0" classname="Scenario: Enter text into textfield" name="Then element having id &quot;f_name&quot; should have attribute &quot;value&quot; with value &quot;abc&quot;"/>
  <testcase time="0" classname="Scenario: Enter text into textfield" name="Then I enter &quot;xyz&quot; into input field having name &quot;lname_name&quot;"/>
  <testcase time="0" classname="Scenario: Enter text into textfield" name="Then element having name &quot;lname_name&quot; should have attribute &quot;value&quot; with value &quot;xyz&quot;"/>
  <testcase time="0" classname="Scenario: Enter text into textfield" name="Then I enter &quot;pqr&quot; into input field having class &quot;address_class&quot;"/>
  <testcase time="0" classname="Scenario: Enter text into textfield" name="Then element having class &quot;address_class&quot; should have attribute &quot;value&quot; with value &quot;pqr&quot;"/>
  <testcase time="0" classname="Scenario: Enter text into textfield" name="Scenario: Enter text into textfield"/>
  <testcase time="0" classname="Scenario: Clear text From textfield" name="Then I clear input field having id &quot;f_name&quot;"/>
  <testcase time="0" classname="Scenario: Clear text From textfield" name="Then element having id &quot;f_name&quot; should have attribute &quot;value&quot; with value &quot;&quot;"/>
  <testcase time="0" classname="Scenario: Clear text From textfield" name="Then I clear input field having name &quot;lname_name&quot;"/>
  <testcase time="0" classname="Scenario: Clear text From textfield" name="Then element having name &quot;lname_name&quot; should have attribute &quot;value&quot; with value &quot;&quot;"/>
  <testcase time="0" classname="Scenario: Clear text From textfield" name="Then I clear input field having class &quot;address_class&quot;"/>
  <testcase time="0" classname="Scenario: Clear text From textfield" name="Then element having class &quot;address_class&quot; should have attribute &quot;value&quot; with value &quot;&quot;"/>
  <testcase time="0.001" classname="Scenario: Clear text From textfield" name="Scenario: Clear text From textfield"/>
  <testcase time="0" classname="Scenario: select option from dropdown list" name="Then I select &quot;Select_5&quot; option by text from dropdown having id &quot;dropdownList1&quot;"/>
  <testcase time="0" classname="Scenario: select option from dropdown list" name="Then option &quot;Select_5&quot; by text from dropdown having id &quot;dropdownList1&quot; should be selected"/>
  <testcase time="0" classname="Scenario: select option from dropdown list" name="Then I select 1 option by index from dropdown having id &quot;dropdownList1&quot;"/>
  <testcase time="0" classname="Scenario: select option from dropdown list" name="Then option &quot;Select_1&quot; by text from dropdown having id &quot;dropdownList1&quot; should be selected"/>
  <testcase time="0" classname="Scenario: select option from dropdown list" name="Then I select &quot;s3&quot; option by value from dropdown having id &quot;dropdownList1&quot;"/>
  <testcase time="0" classname="Scenario: select option from dropdown list" name="Then option &quot;s3&quot; by value from dropdown having id &quot;dropdownList1&quot; should be selected"/>
  <testcase time="0" classname="Scenario: select option from dropdown list" name="Scenario: select option from dropdown list"/>
  <testcase time="0" classname="Scenario: select option from Multiselect List" name="Then I select &quot;Volvo&quot; option by text from multiselect dropdown having name &quot;cars&quot;"/>
  <testcase time="0" classname="Scenario: select option from Multiselect List" name="Then I select 4 option by index from multiselect dropdown having name &quot;cars&quot;"/>
  <testcase time="0" classname="Scenario: select option from Multiselect List" name="Then I select &quot;opel&quot; option by value from multiselect dropdown having name &quot;cars&quot;"/>
  <testcase time="0" classname="Scenario: select option from Multiselect List" name="Scenario: select option from Multiselect List"/>
  <testcase time="0" classname="Scenario: deselect option from Multiselect List" name="Then I deselect &quot;Volvo&quot; option by text from multiselect dropdown having name &quot;cars&quot;"/>
  <testcase time="0" classname="Scenario: deselect option from Multiselect List" name="Scenario: deselect option from Multiselect List"/>
  <testcase time="0" classname="Scenario: deselect all options from Multiselect List" name="Then I deselect all options from multiselect dropdown having name &quot;cars&quot;"/>
  <testcase time="0" classname="Scenario: deselect all options from Multiselect List" name="Scenario: deselect all options from Multiselect List"/>
  <testcase time="0" classname="Scenario: selecting checkbox" name="Then I check the checkbox having id &quot;chk3&quot;"/>
  <testcase time="0" classname="Scenario: selecting checkbox" name="Then checkbox having id &quot;chk3&quot; should be checked"/>
  <testcase time="0" classname="Scenario: selecting checkbox" name="Then I check the checkbox having name &quot;chk2_name&quot;"/>
  <testcase time="0" classname="Scenario: selecting checkbox" name="Then checkbox having name &quot;chk2_name&quot; should be checked"/>
  <testcase time="0" classname="Scenario: selecting checkbox" name="Scenario: selecting checkbox"/>
  <testcase time="0" classname="Scenario: unselecting checkbox" name="Then I uncheck the checkbox having class &quot;chk5_class&quot;"/>
  <testcase time="0" classname="Scenario: unselecting checkbox" name="Then checkbox having class &quot;chk5_class&quot; should be unchecked"/>
  <testcase time="0" classname="Scenario: unselecting checkbox" name="Scenario: unselecting checkbox"/>
  <testcase time="0" classname="Scenario: toggle checkbox" name="Then I toggle checkbox having id &quot;chk4&quot;"/>
  <testcase time="0" classname="Scenario: toggle checkbox" name="Then checkbox having id &quot;chk4&quot; should be checked"/>
  <testcase time="0" classname="Scenario: toggle checkbox" name="Then I toggle checkbox having id &quot;chk4&quot;"/>
  <testcase time="0" classname="Scenario: toggle checkbox" name="Then checkbox having id &quot;chk4&quot; should be unchecked"/>
  <testcase time="0" classname="Scenario: toggle checkbox" name="Scenario: toggle checkbox"/>
  <testcase time="0" classname="Scenario: selecting radio buttons" name="Then I select radio button having id &quot;rdb2&quot;"/>
  <testcase time="0" classname="Scenario: selecting radio buttons" name="Then radio button having id &quot;rdb2&quot; should be selected"/>
  <testcase time="0" classname="Scenario: selecting radio buttons" name="Then I select radio button having name &quot;rdb3_name&quot;"/>
  <testcase time="0" classname="Scenario: selecting radio buttons" name="Then radio button having name &quot;rdb3_name&quot; should be selected"/>
  <testcase time="0" classname="Scenario: selecting radio buttons" name="Then I select radio button having class &quot;rdb4_class&quot;"/>
  <testcase time="0" classname="Scenario: selecting radio buttons" name="Then radio button having class &quot;rdb4_class&quot; should be selected"/>
  <testcase time="0" classname="Scenario: selecting radio buttons" name="Scenario: selecting radio buttons"/>
  <testcase time="0" classname="Scenario: selecting radio button from group" name="Then I select &quot;F&quot; option by value from radio button group having name &quot;radio_gender&quot;"/>
  <testcase time="0" classname="Scenario: selecting radio button from group" name="Then radio button having xpath &quot;.//*[@id=&apos;frm&apos;]/fieldset/p[6]/input[2]&quot; should be selected"/>
  <testcase time="0" classname="Scenario: selecting radio button from group" name="Scenario: selecting radio button from group"/>
  <testcase time="0" classname="Scenario: Open test page" name="Given I navigate to &quot;http://selenium-cucumber.github.io/&quot;"/>
  <testcase time="0" classname="Scenario: Open test page" name="Scenario: Open test page"/>
  <testcase time="0" classname="Scenario: close browser" name="Then I close browser"/>
  <testcase time="0" classname="Scenario: close browser" name="Scenario: close browser"/>
  <testcase time="0.001" classname="Scenario: Open test page" name="Given I navigate to &quot;http://selenium-cucumber.github.io/&quot;">
    <error message="The FirefoxDriver cannot be used after quit() was called.
Build info: version: &apos;2.45.0&apos;, revision: &apos;5017cb8e7ca8e37638dc3091b2440b90a1d8686f&apos;, time: &apos;2015-02-27 09:10:26&apos;
System info: host: &apos;VI-D057&apos;, ip: &apos;10.10.9.106&apos;, os.name: &apos;Windows 7&apos;, os.arch: &apos;amd64&apos;, os.version: &apos;6.1&apos;, java.version: &apos;1.7.0_51&apos;
Driver info: driver.version: RemoteWebDriver" type="org.openqa.selenium.remote.SessionNotFoundException">org.openqa.selenium.remote.SessionNotFoundException: The FirefoxDriver cannot be used after quit() was called.
Build info: version: &apos;2.45.0&apos;, revision: &apos;5017cb8e7ca8e37638dc3091b2440b90a1d8686f&apos;, time: &apos;2015-02-27 09:10:26&apos;
System info: host: &apos;VI-D057&apos;, ip: &apos;10.10.9.106&apos;, os.name: &apos;Windows 7&apos;, os.arch: &apos;amd64&apos;, os.version: &apos;6.1&apos;, java.version: &apos;1.7.0_51&apos;
Driver info: driver.version: RemoteWebDriver
	at org.openqa.selenium.firefox.FirefoxDriver$LazyCommandExecutor.execute(FirefoxDriver.java:359)
	at org.openqa.selenium.remote.RemoteWebDriver.execute(RemoteWebDriver.java:572)
	at org.openqa.selenium.remote.RemoteWebDriver.get(RemoteWebDriver.java:304)
	at methods.NavigateMethods.navigateTo(NavigateMethods.java:24)
	at stepDefintions.PredefinedStepDefinitions.navigate_to(PredefinedStepDefinitions.java:17)
	at ✽.Given I navigate to &quot;http://selenium-cucumber.github.io/&quot;(features/javaScriptSteps.feature:6)
</error>
    <system-out>
  Scenario: close browser &amp;#27;[90m# features/Z_New.feature:7&amp;#27;[0m
    &amp;#27;[32mThen &amp;#27;[0m&amp;#27;[32mI close browser&amp;#27;[0m  &amp;#27;[90m# PredefinedStepDefinitions.close_browser()&amp;#27;[0m
Feature: Javasciprt Handling Steps
        As a user I should able to handle javascript pop-up
</system-out>
  </testcase>
  <testcase time="0.002" classname="Scenario: Open test page" name="Scenario: Open test page">
    <error message="The FirefoxDriver cannot be used after quit() was called.
Build info: version: &apos;2.45.0&apos;, revision: &apos;5017cb8e7ca8e37638dc3091b2440b90a1d8686f&apos;, time: &apos;2015-02-27 09:10:26&apos;
System info: host: &apos;VI-D057&apos;, ip: &apos;10.10.9.106&apos;, os.name: &apos;Windows 7&apos;, os.arch: &apos;amd64&apos;, os.version: &apos;6.1&apos;, java.version: &apos;1.7.0_51&apos;
Driver info: driver.version: RemoteWebDriver" type="org.openqa.selenium.remote.SessionNotFoundException">org.openqa.selenium.remote.SessionNotFoundException: The FirefoxDriver cannot be used after quit() was called.
Build info: version: &apos;2.45.0&apos;, revision: &apos;5017cb8e7ca8e37638dc3091b2440b90a1d8686f&apos;, time: &apos;2015-02-27 09:10:26&apos;
System info: host: &apos;VI-D057&apos;, ip: &apos;10.10.9.106&apos;, os.name: &apos;Windows 7&apos;, os.arch: &apos;amd64&apos;, os.version: &apos;6.1&apos;, java.version: &apos;1.7.0_51&apos;
Driver info: driver.version: RemoteWebDriver
	at org.openqa.selenium.firefox.FirefoxDriver$LazyCommandExecutor.execute(FirefoxDriver.java:359)
	at org.openqa.selenium.remote.RemoteWebDriver.execute(RemoteWebDriver.java:572)
	at org.openqa.selenium.remote.RemoteWebDriver.get(RemoteWebDriver.java:304)
	at methods.NavigateMethods.navigateTo(NavigateMethods.java:24)
	at stepDefintions.PredefinedStepDefinitions.navigate_to(PredefinedStepDefinitions.java:17)
	at ✽.Given I navigate to &quot;http://selenium-cucumber.github.io/&quot;(features/javaScriptSteps.feature:6)
</error>
  </testcase>
  <testcase time="0" classname="Scenario: accept alert" name="Then I click on element having id &quot;try_it&quot;">
    <error message="The FirefoxDriver cannot be used after quit() was called.
Build info: version: &apos;2.45.0&apos;, revision: &apos;5017cb8e7ca8e37638dc3091b2440b90a1d8686f&apos;, time: &apos;2015-02-27 09:10:26&apos;
System info: host: &apos;VI-D057&apos;, ip: &apos;10.10.9.106&apos;, os.name: &apos;Windows 7&apos;, os.arch: &apos;amd64&apos;, os.version: &apos;6.1&apos;, java.version: &apos;1.7.0_51&apos;
Driver info: driver.version: RemoteWebDriver" type="org.openqa.selenium.remote.SessionNotFoundException">org.openqa.selenium.remote.SessionNotFoundException: The FirefoxDriver cannot be used after quit() was called.
Build info: version: &apos;2.45.0&apos;, revision: &apos;5017cb8e7ca8e37638dc3091b2440b90a1d8686f&apos;, time: &apos;2015-02-27 09:10:26&apos;
System info: host: &apos;VI-D057&apos;, ip: &apos;10.10.9.106&apos;, os.name: &apos;Windows 7&apos;, os.arch: &apos;amd64&apos;, os.version: &apos;6.1&apos;, java.version: &apos;1.7.0_51&apos;
Driver info: driver.version: RemoteWebDriver
	at org.openqa.selenium.firefox.FirefoxDriver$LazyCommandExecutor.execute(FirefoxDriver.java:359)
	at org.openqa.selenium.remote.RemoteWebDriver.execute(RemoteWebDriver.java:572)
	at org.openqa.selenium.remote.RemoteWebDriver.findElement(RemoteWebDriver.java:352)
	at org.openqa.selenium.remote.RemoteWebDriver.findElementById(RemoteWebDriver.java:393)
	at org.openqa.selenium.By$ById.findElement(By.java:214)
	at org.openqa.selenium.remote.RemoteWebDriver.findElement(RemoteWebDriver.java:344)
	at org.openqa.selenium.support.ui.ExpectedConditions.findElement(ExpectedConditions.java:730)
	at org.openqa.selenium.support.ui.ExpectedConditions.access$000(ExpectedConditions.java:39)
	at org.openqa.selenium.support.ui.ExpectedConditions$3.apply(ExpectedConditions.java:106)
	at org.openqa.selenium.support.ui.ExpectedConditions$3.apply(ExpectedConditions.java:103)
	at org.openqa.selenium.support.ui.FluentWait.until(FluentWait.java:208)
	at methods.ClickElementsMethods.click(ClickElementsMethods.java:21)
	at stepDefintions.PredefinedStepDefinitions.click(PredefinedStepDefinitions.java:429)
	at ✽.Then I click on element having id &quot;try_it&quot;(features/javaScriptSteps.feature:10)
</error>
    <system-out>
  Scenario: Open test page                                    &amp;#27;[90m# features/javaScriptSteps.feature:5&amp;#27;[0m
    &amp;#27;[31mGiven &amp;#27;[0m&amp;#27;[31mI navigate to &quot;&amp;#27;[0m&amp;#27;[31m&amp;#27;[1mhttp://selenium-cucumber.github.io/&amp;#27;[0m&amp;#27;[31m&quot;&amp;#27;[0m &amp;#27;[90m# PredefinedStepDefinitions.navigate_to(String)&amp;#27;[0m
      &amp;#27;[31morg.openqa.selenium.remote.SessionNotFoundException: The FirefoxDriver cannot be used after quit() was called.
      Build info: version: &apos;2.45.0&apos;, revision: &apos;5017cb8e7ca8e37638dc3091b2440b90a1d8686f&apos;, time: &apos;2015-02-27 09:10:26&apos;
      System info: host: &apos;VI-D057&apos;, ip: &apos;10.10.9.106&apos;, os.name: &apos;Windows 7&apos;, os.arch: &apos;amd64&apos;, os.version: &apos;6.1&apos;, java.version: &apos;1.7.0_51&apos;
      Driver info: driver.version: RemoteWebDriver
      	at org.openqa.selenium.firefox.FirefoxDriver$LazyCommandExecutor.execute(FirefoxDriver.java:359)
      	at org.openqa.selenium.remote.RemoteWebDriver.execute(RemoteWebDriver.java:572)
      	at org.openqa.selenium.remote.RemoteWebDriver.get(RemoteWebDriver.java:304)
      	at methods.NavigateMethods.navigateTo(NavigateMethods.java:24)
      	at stepDefintions.PredefinedStepDefinitions.navigate_to(PredefinedStepDefinitions.java:17)
      	at ?.Given I navigate to &quot;http://selenium-cucumber.github.io/&quot;(features/javaScriptSteps.feature:6)
      &amp;#27;[0m
</system-out>
    <system-err>Apr 25, 2015 5:46:41 PM org.openqa.selenium.support.ui.ExpectedConditions findElement
WARNING: WebDriverException thrown by findElement(By.id: try_it)
org.openqa.selenium.remote.SessionNotFoundException: The FirefoxDriver cannot be used after quit() was called.
Build info: version: &apos;2.45.0&apos;, revision: &apos;5017cb8e7ca8e37638dc3091b2440b90a1d8686f&apos;, time: &apos;2015-02-27 09:10:26&apos;
System info: host: &apos;VI-D057&apos;, ip: &apos;10.10.9.106&apos;, os.name: &apos;Windows 7&apos;, os.arch: &apos;amd64&apos;, os.version: &apos;6.1&apos;, java.version: &apos;1.7.0_51&apos;
Driver info: driver.version: RemoteWebDriver
	at org.openqa.selenium.firefox.FirefoxDriver$LazyCommandExecutor.execute(FirefoxDriver.java:359)
	at org.openqa.selenium.remote.RemoteWebDriver.execute(RemoteWebDriver.java:572)
	at org.openqa.selenium.remote.RemoteWebDriver.findElement(RemoteWebDriver.java:352)
	at org.openqa.selenium.remote.RemoteWebDriver.findElementById(RemoteWebDriver.java:393)
	at org.openqa.selenium.By$ById.findElement(By.java:214)
	at org.openqa.selenium.remote.RemoteWebDriver.findElement(RemoteWebDriver.java:344)
	at org.openqa.selenium.support.ui.ExpectedConditions.findElement(ExpectedConditions.java:730)
	at org.openqa.selenium.support.ui.ExpectedConditions.access$000(ExpectedConditions.java:39)
	at org.openqa.selenium.support.ui.ExpectedConditions$3.apply(ExpectedConditions.java:106)
	at org.openqa.selenium.support.ui.ExpectedConditions$3.apply(ExpectedConditions.java:103)
	at org.openqa.selenium.support.ui.FluentWait.until(FluentWait.java:208)
	at methods.ClickElementsMethods.click(ClickElementsMethods.java:21)
	at stepDefintions.PredefinedStepDefinitions.click(PredefinedStepDefinitions.java:429)
	at sun.reflect.NativeMethodAccessorImpl.invoke0(Native Method)
	at sun.reflect.NativeMethodAccessorImpl.invoke(NativeMethodAccessorImpl.java:57)
	at sun.reflect.DelegatingMethodAccessorImpl.invoke(DelegatingMethodAccessorImpl.java:43)
	at java.lang.reflect.Method.invoke(Method.java:606)
	at cucumber.runtime.Utils$1.call(Utils.java:37)
	at cucumber.runtime.Timeout.timeout(Timeout.java:13)
	at cucumber.runtime.Utils.invoke(Utils.java:31)
	at cucumber.runtime.java.JavaStepDefinition.execute(JavaStepDefinition.java:37)
	at cucumber.runtime.StepDefinitionMatch.runStep(StepDefinitionMatch.java:37)
	at cucumber.runtime.Runtime.runStep(Runtime.java:298)
	at cucumber.runtime.model.StepContainer.runStep(StepContainer.java:44)
	at cucumber.runtime.model.StepContainer.runSteps(StepContainer.java:39)
	at cucumber.runtime.model.CucumberScenario.run(CucumberScenario.java:48)
	at cucumber.runtime.junit.ExecutionUnitRunner.run(ExecutionUnitRunner.java:91)
	at cucumber.runtime.junit.FeatureRunner.runChild(FeatureRunner.java:63)
	at cucumber.runtime.junit.FeatureRunner.runChild(FeatureRunner.java:18)
	at org.junit.runners.ParentRunner$3.run(ParentRunner.java:238)
	at org.junit.runners.ParentRunner$1.schedule(ParentRunner.java:63)
	at org.junit.runners.ParentRunner.runChildren(ParentRunner.java:236)
	at org.junit.runners.ParentRunner.access$000(ParentRunner.java:53)
	at org.junit.runners.ParentRunner$2.evaluate(ParentRunner.java:229)
	at org.junit.runners.ParentRunner.run(ParentRunner.java:309)
	at cucumber.runtime.junit.FeatureRunner.run(FeatureRunner.java:70)
	at cucumber.api.junit.Cucumber.runChild(Cucumber.java:93)
	at cucumber.api.junit.Cucumber.runChild(Cucumber.java:37)
	at org.junit.runners.ParentRunner$3.run(ParentRunner.java:238)
	at org.junit.runners.ParentRunner$1.schedule(ParentRunner.java:63)
	at org.junit.runners.ParentRunner.runChildren(ParentRunner.java:236)
	at org.junit.runners.ParentRunner.access$000(ParentRunner.java:53)
	at org.junit.runners.ParentRunner$2.evaluate(ParentRunner.java:229)
	at org.junit.runners.ParentRunner.run(ParentRunner.java:309)
	at cucumber.api.junit.Cucumber.run(Cucumber.java:98)
	at org.apache.maven.surefire.junit4.JUnit4Provider.execute(JUnit4Provider.java:252)
	at org.apache.maven.surefire.junit4.JUnit4Provider.executeTestSet(JUnit4Provider.java:141)
	at org.apache.maven.surefire.junit4.JUnit4Provider.invoke(JUnit4Provider.java:112)
	at sun.reflect.NativeMethodAccessorImpl.invoke0(Native Method)
	at sun.reflect.NativeMethodAccessorImpl.invoke(NativeMethodAccessorImpl.java:57)
	at sun.reflect.DelegatingMethodAccessorImpl.invoke(DelegatingMethodAccessorImpl.java:43)
	at java.lang.reflect.Method.invoke(Method.java:606)
	at org.apache.maven.surefire.util.ReflectionUtils.invokeMethodWithArray(ReflectionUtils.java:189)
	at org.apache.maven.surefire.booter.ProviderFactory$ProviderProxy.invoke(ProviderFactory.java:165)
	at org.apache.maven.surefire.booter.ProviderFactory.invokeProvider(ProviderFactory.java:85)
	at org.apache.maven.surefire.booter.ForkedBooter.runSuitesInProcess(ForkedBooter.java:115)
	at org.apache.maven.surefire.booter.ForkedBooter.main(ForkedBooter.java:75)

</system-err>
  </testcase>
  <testcase time="0" classname="Scenario: accept alert" name="Scenario: accept alert">
    <error message="The FirefoxDriver cannot be used after quit() was called.
Build info: version: &apos;2.45.0&apos;, revision: &apos;5017cb8e7ca8e37638dc3091b2440b90a1d8686f&apos;, time: &apos;2015-02-27 09:10:26&apos;
System info: host: &apos;VI-D057&apos;, ip: &apos;10.10.9.106&apos;, os.name: &apos;Windows 7&apos;, os.arch: &apos;amd64&apos;, os.version: &apos;6.1&apos;, java.version: &apos;1.7.0_51&apos;
Driver info: driver.version: RemoteWebDriver" type="org.openqa.selenium.remote.SessionNotFoundException">org.openqa.selenium.remote.SessionNotFoundException: The FirefoxDriver cannot be used after quit() was called.
Build info: version: &apos;2.45.0&apos;, revision: &apos;5017cb8e7ca8e37638dc3091b2440b90a1d8686f&apos;, time: &apos;2015-02-27 09:10:26&apos;
System info: host: &apos;VI-D057&apos;, ip: &apos;10.10.9.106&apos;, os.name: &apos;Windows 7&apos;, os.arch: &apos;amd64&apos;, os.version: &apos;6.1&apos;, java.version: &apos;1.7.0_51&apos;
Driver info: driver.version: RemoteWebDriver
	at org.openqa.selenium.firefox.FirefoxDriver$LazyCommandExecutor.execute(FirefoxDriver.java:359)
	at org.openqa.selenium.remote.RemoteWebDriver.execute(RemoteWebDriver.java:572)
	at org.openqa.selenium.remote.RemoteWebDriver.findElement(RemoteWebDriver.java:352)
	at org.openqa.selenium.remote.RemoteWebDriver.findElementById(RemoteWebDriver.java:393)
	at org.openqa.selenium.By$ById.findElement(By.java:214)
	at org.openqa.selenium.remote.RemoteWebDriver.findElement(RemoteWebDriver.java:344)
	at org.openqa.selenium.support.ui.ExpectedConditions.findElement(ExpectedConditions.java:730)
	at org.openqa.selenium.support.ui.ExpectedConditions.access$000(ExpectedConditions.java:39)
	at org.openqa.selenium.support.ui.ExpectedConditions$3.apply(ExpectedConditions.java:106)
	at org.openqa.selenium.support.ui.ExpectedConditions$3.apply(ExpectedConditions.java:103)
	at org.openqa.selenium.support.ui.FluentWait.until(FluentWait.java:208)
	at methods.ClickElementsMethods.click(ClickElementsMethods.java:21)
	at stepDefintions.PredefinedStepDefinitions.click(PredefinedStepDefinitions.java:429)
	at ✽.Then I click on element having id &quot;try_it&quot;(features/javaScriptSteps.feature:10)
</error>
  </testcase>
  <testcase time="0.001" classname="Scenario: accept alert" name="Then I accept alert">
    <skipped/>
  </testcase>
  <testcase time="0.002" classname="Scenario: accept alert" name="Then element having id &quot;demo&quot; should have text as &quot;You pressed OK!&quot;">
    <skipped/>
  </testcase>
  <testcase time="0" classname="Scenario: dismiss alert" name="Then I click on element having id &quot;try_it&quot;">
    <error message="The FirefoxDriver cannot be used after quit() was called.
Build info: version: &apos;2.45.0&apos;, revision: &apos;5017cb8e7ca8e37638dc3091b2440b90a1d8686f&apos;, time: &apos;2015-02-27 09:10:26&apos;
System info: host: &apos;VI-D057&apos;, ip: &apos;10.10.9.106&apos;, os.name: &apos;Windows 7&apos;, os.arch: &apos;amd64&apos;, os.version: &apos;6.1&apos;, java.version: &apos;1.7.0_51&apos;
Driver info: driver.version: RemoteWebDriver" type="org.openqa.selenium.remote.SessionNotFoundException">org.openqa.selenium.remote.SessionNotFoundException: The FirefoxDriver cannot be used after quit() was called.
Build info: version: &apos;2.45.0&apos;, revision: &apos;5017cb8e7ca8e37638dc3091b2440b90a1d8686f&apos;, time: &apos;2015-02-27 09:10:26&apos;
System info: host: &apos;VI-D057&apos;, ip: &apos;10.10.9.106&apos;, os.name: &apos;Windows 7&apos;, os.arch: &apos;amd64&apos;, os.version: &apos;6.1&apos;, java.version: &apos;1.7.0_51&apos;
Driver info: driver.version: RemoteWebDriver
	at org.openqa.selenium.firefox.FirefoxDriver$LazyCommandExecutor.execute(FirefoxDriver.java:359)
	at org.openqa.selenium.remote.RemoteWebDriver.execute(RemoteWebDriver.java:572)
	at org.openqa.selenium.remote.RemoteWebDriver.findElement(RemoteWebDriver.java:352)
	at org.openqa.selenium.remote.RemoteWebDriver.findElementById(RemoteWebDriver.java:393)
	at org.openqa.selenium.By$ById.findElement(By.java:214)
	at org.openqa.selenium.remote.RemoteWebDriver.findElement(RemoteWebDriver.java:344)
	at org.openqa.selenium.support.ui.ExpectedConditions.findElement(ExpectedConditions.java:730)
	at org.openqa.selenium.support.ui.ExpectedConditions.access$000(ExpectedConditions.java:39)
	at org.openqa.selenium.support.ui.ExpectedConditions$3.apply(ExpectedConditions.java:106)
	at org.openqa.selenium.support.ui.ExpectedConditions$3.apply(ExpectedConditions.java:103)
	at org.openqa.selenium.support.ui.FluentWait.until(FluentWait.java:208)
	at methods.ClickElementsMethods.click(ClickElementsMethods.java:21)
	at stepDefintions.PredefinedStepDefinitions.click(PredefinedStepDefinitions.java:429)
	at ✽.Then I click on element having id &quot;try_it&quot;(features/javaScriptSteps.feature:16)
</error>
    <system-out>
  Scenario: accept alert                                                &amp;#27;[90m# features/javaScriptSteps.feature:8&amp;#27;[0m
    &amp;#27;[31mThen &amp;#27;[0m&amp;#27;[31mI click on element having &amp;#27;[0m&amp;#27;[31m&amp;#27;[1mid&amp;#27;[0m&amp;#27;[31m &quot;&amp;#27;[0m&amp;#27;[31m&amp;#27;[1mtry_it&amp;#27;[0m&amp;#27;[31m&quot;&amp;#27;[0m                          &amp;#27;[90m# PredefinedStepDefinitions.click(String,String)&amp;#27;[0m
      &amp;#27;[31morg.openqa.selenium.remote.SessionNotFoundException: The FirefoxDriver cannot be used after quit() was called.
      Build info: version: &apos;2.45.0&apos;, revision: &apos;5017cb8e7ca8e37638dc3091b2440b90a1d8686f&apos;, time: &apos;2015-02-27 09:10:26&apos;
      System info: host: &apos;VI-D057&apos;, ip: &apos;10.10.9.106&apos;, os.name: &apos;Windows 7&apos;, os.arch: &apos;amd64&apos;, os.version: &apos;6.1&apos;, java.version: &apos;1.7.0_51&apos;
      Driver info: driver.version: RemoteWebDriver
      	at org.openqa.selenium.firefox.FirefoxDriver$LazyCommandExecutor.execute(FirefoxDriver.java:359)
      	at org.openqa.selenium.remote.RemoteWebDriver.execute(RemoteWebDriver.java:572)
      	at org.openqa.selenium.remote.RemoteWebDriver.findElement(RemoteWebDriver.java:352)
      	at org.openqa.selenium.remote.RemoteWebDriver.findElementById(RemoteWebDriver.java:393)
      	at org.openqa.selenium.By$ById.findElement(By.java:214)
      	at org.openqa.selenium.remote.RemoteWebDriver.findElement(RemoteWebDriver.java:344)
      	at org.openqa.selenium.support.ui.ExpectedConditions.findElement(ExpectedConditions.java:730)
      	at org.openqa.selenium.support.ui.ExpectedConditions.access$000(ExpectedConditions.java:39)
      	at org.openqa.selenium.support.ui.ExpectedConditions$3.apply(ExpectedConditions.java:106)
      	at org.openqa.selenium.support.ui.ExpectedConditions$3.apply(ExpectedConditions.java:103)
      	at org.openqa.selenium.support.ui.FluentWait.until(FluentWait.java:208)
      	at methods.ClickElementsMethods.click(ClickElementsMethods.java:21)
      	at stepDefintions.PredefinedStepDefinitions.click(PredefinedStepDefinitions.java:429)
      	at ?.Then I click on element having id &quot;try_it&quot;(features/javaScriptSteps.feature:10)
      &amp;#27;[0m
    &amp;#27;[36mThen &amp;#27;[0m&amp;#27;[36mI accept alert&amp;#27;[0m                                                 &amp;#27;[90m# PredefinedStepDefinitions.handle_alert()&amp;#27;[0m
    &amp;#27;[36mThen &amp;#27;[0m&amp;#27;[36melement having &amp;#27;[0m&amp;#27;[36m&amp;#27;[1mid&amp;#27;[0m&amp;#27;[36m &quot;&amp;#27;[0m&amp;#27;[36m&amp;#27;[1mdemo&amp;#27;[0m&amp;#27;[36m&quot; should&amp;#27;[0m&amp;#27;[36m&amp;#27;[1m&amp;#27;[0m&amp;#27;[36m have text as &quot;&amp;#27;[0m&amp;#27;[36m&amp;#27;[1mYou pressed OK!&amp;#27;[0m&amp;#27;[36m&quot;&amp;#27;[0m &amp;#27;[90m# PredefinedStepDefinitions.check_element_text(String,String,String,String)&amp;#27;[0m
</system-out>
    <system-err>Apr 25, 2015 5:46:41 PM org.openqa.selenium.support.ui.ExpectedConditions findElement
WARNING: WebDriverException thrown by findElement(By.id: try_it)
org.openqa.selenium.remote.SessionNotFoundException: The FirefoxDriver cannot be used after quit() was called.
Build info: version: &apos;2.45.0&apos;, revision: &apos;5017cb8e7ca8e37638dc3091b2440b90a1d8686f&apos;, time: &apos;2015-02-27 09:10:26&apos;
System info: host: &apos;VI-D057&apos;, ip: &apos;10.10.9.106&apos;, os.name: &apos;Windows 7&apos;, os.arch: &apos;amd64&apos;, os.version: &apos;6.1&apos;, java.version: &apos;1.7.0_51&apos;
Driver info: driver.version: RemoteWebDriver
	at org.openqa.selenium.firefox.FirefoxDriver$LazyCommandExecutor.execute(FirefoxDriver.java:359)
	at org.openqa.selenium.remote.RemoteWebDriver.execute(RemoteWebDriver.java:572)
	at org.openqa.selenium.remote.RemoteWebDriver.findElement(RemoteWebDriver.java:352)
	at org.openqa.selenium.remote.RemoteWebDriver.findElementById(RemoteWebDriver.java:393)
	at org.openqa.selenium.By$ById.findElement(By.java:214)
	at org.openqa.selenium.remote.RemoteWebDriver.findElement(RemoteWebDriver.java:344)
	at org.openqa.selenium.support.ui.ExpectedConditions.findElement(ExpectedConditions.java:730)
	at org.openqa.selenium.support.ui.ExpectedConditions.access$000(ExpectedConditions.java:39)
	at org.openqa.selenium.support.ui.ExpectedConditions$3.apply(ExpectedConditions.java:106)
	at org.openqa.selenium.support.ui.ExpectedConditions$3.apply(ExpectedConditions.java:103)
	at org.openqa.selenium.support.ui.FluentWait.until(FluentWait.java:208)
	at methods.ClickElementsMethods.click(ClickElementsMethods.java:21)
	at stepDefintions.PredefinedStepDefinitions.click(PredefinedStepDefinitions.java:429)
	at sun.reflect.NativeMethodAccessorImpl.invoke0(Native Method)
	at sun.reflect.NativeMethodAccessorImpl.invoke(NativeMethodAccessorImpl.java:57)
	at sun.reflect.DelegatingMethodAccessorImpl.invoke(DelegatingMethodAccessorImpl.java:43)
	at java.lang.reflect.Method.invoke(Method.java:606)
	at cucumber.runtime.Utils$1.call(Utils.java:37)
	at cucumber.runtime.Timeout.timeout(Timeout.java:13)
	at cucumber.runtime.Utils.invoke(Utils.java:31)
	at cucumber.runtime.java.JavaStepDefinition.execute(JavaStepDefinition.java:37)
	at cucumber.runtime.StepDefinitionMatch.runStep(StepDefinitionMatch.java:37)
	at cucumber.runtime.Runtime.runStep(Runtime.java:298)
	at cucumber.runtime.model.StepContainer.runStep(StepContainer.java:44)
	at cucumber.runtime.model.StepContainer.runSteps(StepContainer.java:39)
	at cucumber.runtime.model.CucumberScenario.run(CucumberScenario.java:48)
	at cucumber.runtime.junit.ExecutionUnitRunner.run(ExecutionUnitRunner.java:91)
	at cucumber.runtime.junit.FeatureRunner.runChild(FeatureRunner.java:63)
	at cucumber.runtime.junit.FeatureRunner.runChild(FeatureRunner.java:18)
	at org.junit.runners.ParentRunner$3.run(ParentRunner.java:238)
	at org.junit.runners.ParentRunner$1.schedule(ParentRunner.java:63)
	at org.junit.runners.ParentRunner.runChildren(ParentRunner.java:236)
	at org.junit.runners.ParentRunner.access$000(ParentRunner.java:53)
	at org.junit.runners.ParentRunner$2.evaluate(ParentRunner.java:229)
	at org.junit.runners.ParentRunner.run(ParentRunner.java:309)
	at cucumber.runtime.junit.FeatureRunner.run(FeatureRunner.java:70)
	at cucumber.api.junit.Cucumber.runChild(Cucumber.java:93)
	at cucumber.api.junit.Cucumber.runChild(Cucumber.java:37)
	at org.junit.runners.ParentRunner$3.run(ParentRunner.java:238)
	at org.junit.runners.ParentRunner$1.schedule(ParentRunner.java:63)
	at org.junit.runners.ParentRunner.runChildren(ParentRunner.java:236)
	at org.junit.runners.ParentRunner.access$000(ParentRunner.java:53)
	at org.junit.runners.ParentRunner$2.evaluate(ParentRunner.java:229)
	at org.junit.runners.ParentRunner.run(ParentRunner.java:309)
	at cucumber.api.junit.Cucumber.run(Cucumber.java:98)
	at org.apache.maven.surefire.junit4.JUnit4Provider.execute(JUnit4Provider.java:252)
	at org.apache.maven.surefire.junit4.JUnit4Provider.executeTestSet(JUnit4Provider.java:141)
	at org.apache.maven.surefire.junit4.JUnit4Provider.invoke(JUnit4Provider.java:112)
	at sun.reflect.NativeMethodAccessorImpl.invoke0(Native Method)
	at sun.reflect.NativeMethodAccessorImpl.invoke(NativeMethodAccessorImpl.java:57)
	at sun.reflect.DelegatingMethodAccessorImpl.invoke(DelegatingMethodAccessorImpl.java:43)
	at java.lang.reflect.Method.invoke(Method.java:606)
	at org.apache.maven.surefire.util.ReflectionUtils.invokeMethodWithArray(ReflectionUtils.java:189)
	at org.apache.maven.surefire.booter.ProviderFactory$ProviderProxy.invoke(ProviderFactory.java:165)
	at org.apache.maven.surefire.booter.ProviderFactory.invokeProvider(ProviderFactory.java:85)
	at org.apache.maven.surefire.booter.ForkedBooter.runSuitesInProcess(ForkedBooter.java:115)
	at org.apache.maven.surefire.booter.ForkedBooter.main(ForkedBooter.java:75)

</system-err>
  </testcase>
  <testcase time="0" classname="Scenario: dismiss alert" name="Scenario: dismiss alert">
    <error message="The FirefoxDriver cannot be used after quit() was called.
Build info: version: &apos;2.45.0&apos;, revision: &apos;5017cb8e7ca8e37638dc3091b2440b90a1d8686f&apos;, time: &apos;2015-02-27 09:10:26&apos;
System info: host: &apos;VI-D057&apos;, ip: &apos;10.10.9.106&apos;, os.name: &apos;Windows 7&apos;, os.arch: &apos;amd64&apos;, os.version: &apos;6.1&apos;, java.version: &apos;1.7.0_51&apos;
Driver info: driver.version: RemoteWebDriver" type="org.openqa.selenium.remote.SessionNotFoundException">org.openqa.selenium.remote.SessionNotFoundException: The FirefoxDriver cannot be used after quit() was called.
Build info: version: &apos;2.45.0&apos;, revision: &apos;5017cb8e7ca8e37638dc3091b2440b90a1d8686f&apos;, time: &apos;2015-02-27 09:10:26&apos;
System info: host: &apos;VI-D057&apos;, ip: &apos;10.10.9.106&apos;, os.name: &apos;Windows 7&apos;, os.arch: &apos;amd64&apos;, os.version: &apos;6.1&apos;, java.version: &apos;1.7.0_51&apos;
Driver info: driver.version: RemoteWebDriver
	at org.openqa.selenium.firefox.FirefoxDriver$LazyCommandExecutor.execute(FirefoxDriver.java:359)
	at org.openqa.selenium.remote.RemoteWebDriver.execute(RemoteWebDriver.java:572)
	at org.openqa.selenium.remote.RemoteWebDriver.findElement(RemoteWebDriver.java:352)
	at org.openqa.selenium.remote.RemoteWebDriver.findElementById(RemoteWebDriver.java:393)
	at org.openqa.selenium.By$ById.findElement(By.java:214)
	at org.openqa.selenium.remote.RemoteWebDriver.findElement(RemoteWebDriver.java:344)
	at org.openqa.selenium.support.ui.ExpectedConditions.findElement(ExpectedConditions.java:730)
	at org.openqa.selenium.support.ui.ExpectedConditions.access$000(ExpectedConditions.java:39)
	at org.openqa.selenium.support.ui.ExpectedConditions$3.apply(ExpectedConditions.java:106)
	at org.openqa.selenium.support.ui.ExpectedConditions$3.apply(ExpectedConditions.java:103)
	at org.openqa.selenium.support.ui.FluentWait.until(FluentWait.java:208)
	at methods.ClickElementsMethods.click(ClickElementsMethods.java:21)
	at stepDefintions.PredefinedStepDefinitions.click(PredefinedStepDefinitions.java:429)
	at ✽.Then I click on element having id &quot;try_it&quot;(features/javaScriptSteps.feature:16)
</error>
  </testcase>
  <testcase time="0" classname="Scenario: dismiss alert" name="Then I dismiss alert">
    <skipped/>
  </testcase>
  <testcase time="0" classname="Scenario: dismiss alert" name="Then element having id &quot;demo&quot; should have text as &quot;You pressed Cancel!&quot;">
    <skipped/>
  </testcase>
  <testcase time="0" classname="Scenario: Open test page" name="Given I navigate to &quot;http://selenium-cucumber.github.io/&quot;">
    <error message="The FirefoxDriver cannot be used after quit() was called.
Build info: version: &apos;2.45.0&apos;, revision: &apos;5017cb8e7ca8e37638dc3091b2440b90a1d8686f&apos;, time: &apos;2015-02-27 09:10:26&apos;
System info: host: &apos;VI-D057&apos;, ip: &apos;10.10.9.106&apos;, os.name: &apos;Windows 7&apos;, os.arch: &apos;amd64&apos;, os.version: &apos;6.1&apos;, java.version: &apos;1.7.0_51&apos;
Driver info: driver.version: RemoteWebDriver" type="org.openqa.selenium.remote.SessionNotFoundException">org.openqa.selenium.remote.SessionNotFoundException: The FirefoxDriver cannot be used after quit() was called.
Build info: version: &apos;2.45.0&apos;, revision: &apos;5017cb8e7ca8e37638dc3091b2440b90a1d8686f&apos;, time: &apos;2015-02-27 09:10:26&apos;
System info: host: &apos;VI-D057&apos;, ip: &apos;10.10.9.106&apos;, os.name: &apos;Windows 7&apos;, os.arch: &apos;amd64&apos;, os.version: &apos;6.1&apos;, java.version: &apos;1.7.0_51&apos;
Driver info: driver.version: RemoteWebDriver
	at org.openqa.selenium.firefox.FirefoxDriver$LazyCommandExecutor.execute(FirefoxDriver.java:359)
	at org.openqa.selenium.remote.RemoteWebDriver.execute(RemoteWebDriver.java:572)
	at org.openqa.selenium.remote.RemoteWebDriver.get(RemoteWebDriver.java:304)
	at methods.NavigateMethods.navigateTo(NavigateMethods.java:24)
	at stepDefintions.PredefinedStepDefinitions.navigate_to(PredefinedStepDefinitions.java:17)
	at ✽.Given I navigate to &quot;http://selenium-cucumber.github.io/&quot;(features/navigationSteps.feature:5)
</error>
    <system-out>
  Scenario: dismiss alert                                                   &amp;#27;[90m# features/javaScriptSteps.feature:14&amp;#27;[0m
    &amp;#27;[31mThen &amp;#27;[0m&amp;#27;[31mI click on element having &amp;#27;[0m&amp;#27;[31m&amp;#27;[1mid&amp;#27;[0m&amp;#27;[31m &quot;&amp;#27;[0m&amp;#27;[31m&amp;#27;[1mtry_it&amp;#27;[0m&amp;#27;[31m&quot;&amp;#27;[0m                              &amp;#27;[90m# PredefinedStepDefinitions.click(String,String)&amp;#27;[0m
      &amp;#27;[31morg.openqa.selenium.remote.SessionNotFoundException: The FirefoxDriver cannot be used after quit() was called.
      Build info: version: &apos;2.45.0&apos;, revision: &apos;5017cb8e7ca8e37638dc3091b2440b90a1d8686f&apos;, time: &apos;2015-02-27 09:10:26&apos;
      System info: host: &apos;VI-D057&apos;, ip: &apos;10.10.9.106&apos;, os.name: &apos;Windows 7&apos;, os.arch: &apos;amd64&apos;, os.version: &apos;6.1&apos;, java.version: &apos;1.7.0_51&apos;
      Driver info: driver.version: RemoteWebDriver
      	at org.openqa.selenium.firefox.FirefoxDriver$LazyCommandExecutor.execute(FirefoxDriver.java:359)
      	at org.openqa.selenium.remote.RemoteWebDriver.execute(RemoteWebDriver.java:572)
      	at org.openqa.selenium.remote.RemoteWebDriver.findElement(RemoteWebDriver.java:352)
      	at org.openqa.selenium.remote.RemoteWebDriver.findElementById(RemoteWebDriver.java:393)
      	at org.openqa.selenium.By$ById.findElement(By.java:214)
      	at org.openqa.selenium.remote.RemoteWebDriver.findElement(RemoteWebDriver.java:344)
      	at org.openqa.selenium.support.ui.ExpectedConditions.findElement(ExpectedConditions.java:730)
      	at org.openqa.selenium.support.ui.ExpectedConditions.access$000(ExpectedConditions.java:39)
      	at org.openqa.selenium.support.ui.ExpectedConditions$3.apply(ExpectedConditions.java:106)
      	at org.openqa.selenium.support.ui.ExpectedConditions$3.apply(ExpectedConditions.java:103)
      	at org.openqa.selenium.support.ui.FluentWait.until(FluentWait.java:208)
      	at methods.ClickElementsMethods.click(ClickElementsMethods.java:21)
      	at stepDefintions.PredefinedStepDefinitions.click(PredefinedStepDefinitions.java:429)
      	at ?.Then I click on element having id &quot;try_it&quot;(features/javaScriptSteps.feature:16)
      &amp;#27;[0m
    &amp;#27;[36mThen &amp;#27;[0m&amp;#27;[36mI dismiss alert&amp;#27;[0m                                                    &amp;#27;[90m# PredefinedStepDefinitions.dismiss_alert()&amp;#27;[0m
    &amp;#27;[36mThen &amp;#27;[0m&amp;#27;[36melement having &amp;#27;[0m&amp;#27;[36m&amp;#27;[1mid&amp;#27;[0m&amp;#27;[36m &quot;&amp;#27;[0m&amp;#27;[36m&amp;#27;[1mdemo&amp;#27;[0m&amp;#27;[36m&quot; should&amp;#27;[0m&amp;#27;[36m&amp;#27;[1m&amp;#27;[0m&amp;#27;[36m have text as &quot;&amp;#27;[0m&amp;#27;[36m&amp;#27;[1mYou pressed Cancel!&amp;#27;[0m&amp;#27;[36m&quot;&amp;#27;[0m &amp;#27;[90m# PredefinedStepDefinitions.check_element_text(String,String,String,String)&amp;#27;[0m
Feature: Navigation Steps
        As a user I should able to navigate on web page
</system-out>
  </testcase>
  <testcase time="0" classname="Scenario: Open test page" name="Scenario: Open test page">
    <error message="The FirefoxDriver cannot be used after quit() was called.
Build info: version: &apos;2.45.0&apos;, revision: &apos;5017cb8e7ca8e37638dc3091b2440b90a1d8686f&apos;, time: &apos;2015-02-27 09:10:26&apos;
System info: host: &apos;VI-D057&apos;, ip: &apos;10.10.9.106&apos;, os.name: &apos;Windows 7&apos;, os.arch: &apos;amd64&apos;, os.version: &apos;6.1&apos;, java.version: &apos;1.7.0_51&apos;
Driver info: driver.version: RemoteWebDriver" type="org.openqa.selenium.remote.SessionNotFoundException">org.openqa.selenium.remote.SessionNotFoundException: The FirefoxDriver cannot be used after quit() was called.
Build info: version: &apos;2.45.0&apos;, revision: &apos;5017cb8e7ca8e37638dc3091b2440b90a1d8686f&apos;, time: &apos;2015-02-27 09:10:26&apos;
System info: host: &apos;VI-D057&apos;, ip: &apos;10.10.9.106&apos;, os.name: &apos;Windows 7&apos;, os.arch: &apos;amd64&apos;, os.version: &apos;6.1&apos;, java.version: &apos;1.7.0_51&apos;
Driver info: driver.version: RemoteWebDriver
	at org.openqa.selenium.firefox.FirefoxDriver$LazyCommandExecutor.execute(FirefoxDriver.java:359)
	at org.openqa.selenium.remote.RemoteWebDriver.execute(RemoteWebDriver.java:572)
	at org.openqa.selenium.remote.RemoteWebDriver.get(RemoteWebDriver.java:304)
	at methods.NavigateMethods.navigateTo(NavigateMethods.java:24)
	at stepDefintions.PredefinedStepDefinitions.navigate_to(PredefinedStepDefinitions.java:17)
	at ✽.Given I navigate to &quot;http://selenium-cucumber.github.io/&quot;(features/navigationSteps.feature:5)
</error>
  </testcase>
  <testcase time="0" classname="Scenario: navigating back/forward and refresh page" name="Then I click on link having text &quot;selenium-cucumber gem&quot;">
    <error message="The FirefoxDriver cannot be used after quit() was called.
Build info: version: &apos;2.45.0&apos;, revision: &apos;5017cb8e7ca8e37638dc3091b2440b90a1d8686f&apos;, time: &apos;2015-02-27 09:10:26&apos;
System info: host: &apos;VI-D057&apos;, ip: &apos;10.10.9.106&apos;, os.name: &apos;Windows 7&apos;, os.arch: &apos;amd64&apos;, os.version: &apos;6.1&apos;, java.version: &apos;1.7.0_51&apos;
Driver info: driver.version: RemoteWebDriver" type="org.openqa.selenium.remote.SessionNotFoundException">org.openqa.selenium.remote.SessionNotFoundException: The FirefoxDriver cannot be used after quit() was called.
Build info: version: &apos;2.45.0&apos;, revision: &apos;5017cb8e7ca8e37638dc3091b2440b90a1d8686f&apos;, time: &apos;2015-02-27 09:10:26&apos;
System info: host: &apos;VI-D057&apos;, ip: &apos;10.10.9.106&apos;, os.name: &apos;Windows 7&apos;, os.arch: &apos;amd64&apos;, os.version: &apos;6.1&apos;, java.version: &apos;1.7.0_51&apos;
Driver info: driver.version: RemoteWebDriver
	at org.openqa.selenium.firefox.FirefoxDriver$LazyCommandExecutor.execute(FirefoxDriver.java:359)
	at org.openqa.selenium.remote.RemoteWebDriver.execute(RemoteWebDriver.java:572)
	at org.openqa.selenium.remote.RemoteWebDriver.findElement(RemoteWebDriver.java:352)
	at org.openqa.selenium.remote.RemoteWebDriver.findElementByLinkText(RemoteWebDriver.java:401)
	at org.openqa.selenium.By$ByLinkText.findElement(By.java:242)
	at org.openqa.selenium.remote.RemoteWebDriver.findElement(RemoteWebDriver.java:344)
	at org.openqa.selenium.support.ui.ExpectedConditions.findElement(ExpectedConditions.java:730)
	at org.openqa.selenium.support.ui.ExpectedConditions.access$000(ExpectedConditions.java:39)
	at org.openqa.selenium.support.ui.ExpectedConditions$3.apply(ExpectedConditions.java:106)
	at org.openqa.selenium.support.ui.ExpectedConditions$3.apply(ExpectedConditions.java:103)
	at org.openqa.selenium.support.ui.FluentWait.until(FluentWait.java:208)
	at methods.ClickElementsMethods.click(ClickElementsMethods.java:21)
	at stepDefintions.PredefinedStepDefinitions.click_link(PredefinedStepDefinitions.java:452)
	at ✽.Then I click on link having text &quot;selenium-cucumber gem&quot;(features/navigationSteps.feature:8)
</error>
    <system-out>
  Scenario: Open test page                                    &amp;#27;[90m# features/navigationSteps.feature:4&amp;#27;[0m
    &amp;#27;[31mGiven &amp;#27;[0m&amp;#27;[31mI navigate to &quot;&amp;#27;[0m&amp;#27;[31m&amp;#27;[1mhttp://selenium-cucumber.github.io/&amp;#27;[0m&amp;#27;[31m&quot;&amp;#27;[0m &amp;#27;[90m# PredefinedStepDefinitions.navigate_to(String)&amp;#27;[0m
      &amp;#27;[31morg.openqa.selenium.remote.SessionNotFoundException: The FirefoxDriver cannot be used after quit() was called.
      Build info: version: &apos;2.45.0&apos;, revision: &apos;5017cb8e7ca8e37638dc3091b2440b90a1d8686f&apos;, time: &apos;2015-02-27 09:10:26&apos;
      System info: host: &apos;VI-D057&apos;, ip: &apos;10.10.9.106&apos;, os.name: &apos;Windows 7&apos;, os.arch: &apos;amd64&apos;, os.version: &apos;6.1&apos;, java.version: &apos;1.7.0_51&apos;
      Driver info: driver.version: RemoteWebDriver
      	at org.openqa.selenium.firefox.FirefoxDriver$LazyCommandExecutor.execute(FirefoxDriver.java:359)
      	at org.openqa.selenium.remote.RemoteWebDriver.execute(RemoteWebDriver.java:572)
      	at org.openqa.selenium.remote.RemoteWebDriver.get(RemoteWebDriver.java:304)
      	at methods.NavigateMethods.navigateTo(NavigateMethods.java:24)
      	at stepDefintions.PredefinedStepDefinitions.navigate_to(PredefinedStepDefinitions.java:17)
      	at ?.Given I navigate to &quot;http://selenium-cucumber.github.io/&quot;(features/navigationSteps.feature:5)
      &amp;#27;[0m
</system-out>
    <system-err>Apr 25, 2015 5:46:41 PM org.openqa.selenium.support.ui.ExpectedConditions findElement
WARNING: WebDriverException thrown by findElement(By.linkText: selenium-cucumber gem)
org.openqa.selenium.remote.SessionNotFoundException: The FirefoxDriver cannot be used after quit() was called.
Build info: version: &apos;2.45.0&apos;, revision: &apos;5017cb8e7ca8e37638dc3091b2440b90a1d8686f&apos;, time: &apos;2015-02-27 09:10:26&apos;
System info: host: &apos;VI-D057&apos;, ip: &apos;10.10.9.106&apos;, os.name: &apos;Windows 7&apos;, os.arch: &apos;amd64&apos;, os.version: &apos;6.1&apos;, java.version: &apos;1.7.0_51&apos;
Driver info: driver.version: RemoteWebDriver
	at org.openqa.selenium.firefox.FirefoxDriver$LazyCommandExecutor.execute(FirefoxDriver.java:359)
	at org.openqa.selenium.remote.RemoteWebDriver.execute(RemoteWebDriver.java:572)
	at org.openqa.selenium.remote.RemoteWebDriver.findElement(RemoteWebDriver.java:352)
	at org.openqa.selenium.remote.RemoteWebDriver.findElementByLinkText(RemoteWebDriver.java:401)
	at org.openqa.selenium.By$ByLinkText.findElement(By.java:242)
	at org.openqa.selenium.remote.RemoteWebDriver.findElement(RemoteWebDriver.java:344)
	at org.openqa.selenium.support.ui.ExpectedConditions.findElement(ExpectedConditions.java:730)
	at org.openqa.selenium.support.ui.ExpectedConditions.access$000(ExpectedConditions.java:39)
	at org.openqa.selenium.support.ui.ExpectedConditions$3.apply(ExpectedConditions.java:106)
	at org.openqa.selenium.support.ui.ExpectedConditions$3.apply(ExpectedConditions.java:103)
	at org.openqa.selenium.support.ui.FluentWait.until(FluentWait.java:208)
	at methods.ClickElementsMethods.click(ClickElementsMethods.java:21)
	at stepDefintions.PredefinedStepDefinitions.click_link(PredefinedStepDefinitions.java:452)
	at sun.reflect.NativeMethodAccessorImpl.invoke0(Native Method)
	at sun.reflect.NativeMethodAccessorImpl.invoke(NativeMethodAccessorImpl.java:57)
	at sun.reflect.DelegatingMethodAccessorImpl.invoke(DelegatingMethodAccessorImpl.java:43)
	at java.lang.reflect.Method.invoke(Method.java:606)
	at cucumber.runtime.Utils$1.call(Utils.java:37)
	at cucumber.runtime.Timeout.timeout(Timeout.java:13)
	at cucumber.runtime.Utils.invoke(Utils.java:31)
	at cucumber.runtime.java.JavaStepDefinition.execute(JavaStepDefinition.java:37)
	at cucumber.runtime.StepDefinitionMatch.runStep(StepDefinitionMatch.java:37)
	at cucumber.runtime.Runtime.runStep(Runtime.java:298)
	at cucumber.runtime.model.StepContainer.runStep(StepContainer.java:44)
	at cucumber.runtime.model.StepContainer.runSteps(StepContainer.java:39)
	at cucumber.runtime.model.CucumberScenario.run(CucumberScenario.java:48)
	at cucumber.runtime.junit.ExecutionUnitRunner.run(ExecutionUnitRunner.java:91)
	at cucumber.runtime.junit.FeatureRunner.runChild(FeatureRunner.java:63)
	at cucumber.runtime.junit.FeatureRunner.runChild(FeatureRunner.java:18)
	at org.junit.runners.ParentRunner$3.run(ParentRunner.java:238)
	at org.junit.runners.ParentRunner$1.schedule(ParentRunner.java:63)
	at org.junit.runners.ParentRunner.runChildren(ParentRunner.java:236)
	at org.junit.runners.ParentRunner.access$000(ParentRunner.java:53)
	at org.junit.runners.ParentRunner$2.evaluate(ParentRunner.java:229)
	at org.junit.runners.ParentRunner.run(ParentRunner.java:309)
	at cucumber.runtime.junit.FeatureRunner.run(FeatureRunner.java:70)
	at cucumber.api.junit.Cucumber.runChild(Cucumber.java:93)
	at cucumber.api.junit.Cucumber.runChild(Cucumber.java:37)
	at org.junit.runners.ParentRunner$3.run(ParentRunner.java:238)
	at org.junit.runners.ParentRunner$1.schedule(ParentRunner.java:63)
	at org.junit.runners.ParentRunner.runChildren(ParentRunner.java:236)
	at org.junit.runners.ParentRunner.access$000(ParentRunner.java:53)
	at org.junit.runners.ParentRunner$2.evaluate(ParentRunner.java:229)
	at org.junit.runners.ParentRunner.run(ParentRunner.java:309)
	at cucumber.api.junit.Cucumber.run(Cucumber.java:98)
	at org.apache.maven.surefire.junit4.JUnit4Provider.execute(JUnit4Provider.java:252)
	at org.apache.maven.surefire.junit4.JUnit4Provider.executeTestSet(JUnit4Provider.java:141)
	at org.apache.maven.surefire.junit4.JUnit4Provider.invoke(JUnit4Provider.java:112)
	at sun.reflect.NativeMethodAccessorImpl.invoke0(Native Method)
	at sun.reflect.NativeMethodAccessorImpl.invoke(NativeMethodAccessorImpl.java:57)
	at sun.reflect.DelegatingMethodAccessorImpl.invoke(DelegatingMethodAccessorImpl.java:43)
	at java.lang.reflect.Method.invoke(Method.java:606)
	at org.apache.maven.surefire.util.ReflectionUtils.invokeMethodWithArray(ReflectionUtils.java:189)
	at org.apache.maven.surefire.booter.ProviderFactory$ProviderProxy.invoke(ProviderFactory.java:165)
	at org.apache.maven.surefire.booter.ProviderFactory.invokeProvider(ProviderFactory.java:85)
	at org.apache.maven.surefire.booter.ForkedBooter.runSuitesInProcess(ForkedBooter.java:115)
	at org.apache.maven.surefire.booter.ForkedBooter.main(ForkedBooter.java:75)

</system-err>
  </testcase>
  <testcase time="0" classname="Scenario: navigating back/forward and refresh page" name="Scenario: navigating back/forward and refresh page">
    <error message="The FirefoxDriver cannot be used after quit() was called.
Build info: version: &apos;2.45.0&apos;, revision: &apos;5017cb8e7ca8e37638dc3091b2440b90a1d8686f&apos;, time: &apos;2015-02-27 09:10:26&apos;
System info: host: &apos;VI-D057&apos;, ip: &apos;10.10.9.106&apos;, os.name: &apos;Windows 7&apos;, os.arch: &apos;amd64&apos;, os.version: &apos;6.1&apos;, java.version: &apos;1.7.0_51&apos;
Driver info: driver.version: RemoteWebDriver" type="org.openqa.selenium.remote.SessionNotFoundException">org.openqa.selenium.remote.SessionNotFoundException: The FirefoxDriver cannot be used after quit() was called.
Build info: version: &apos;2.45.0&apos;, revision: &apos;5017cb8e7ca8e37638dc3091b2440b90a1d8686f&apos;, time: &apos;2015-02-27 09:10:26&apos;
System info: host: &apos;VI-D057&apos;, ip: &apos;10.10.9.106&apos;, os.name: &apos;Windows 7&apos;, os.arch: &apos;amd64&apos;, os.version: &apos;6.1&apos;, java.version: &apos;1.7.0_51&apos;
Driver info: driver.version: RemoteWebDriver
	at org.openqa.selenium.firefox.FirefoxDriver$LazyCommandExecutor.execute(FirefoxDriver.java:359)
	at org.openqa.selenium.remote.RemoteWebDriver.execute(RemoteWebDriver.java:572)
	at org.openqa.selenium.remote.RemoteWebDriver.findElement(RemoteWebDriver.java:352)
	at org.openqa.selenium.remote.RemoteWebDriver.findElementByLinkText(RemoteWebDriver.java:401)
	at org.openqa.selenium.By$ByLinkText.findElement(By.java:242)
	at org.openqa.selenium.remote.RemoteWebDriver.findElement(RemoteWebDriver.java:344)
	at org.openqa.selenium.support.ui.ExpectedConditions.findElement(ExpectedConditions.java:730)
	at org.openqa.selenium.support.ui.ExpectedConditions.access$000(ExpectedConditions.java:39)
	at org.openqa.selenium.support.ui.ExpectedConditions$3.apply(ExpectedConditions.java:106)
	at org.openqa.selenium.support.ui.ExpectedConditions$3.apply(ExpectedConditions.java:103)
	at org.openqa.selenium.support.ui.FluentWait.until(FluentWait.java:208)
	at methods.ClickElementsMethods.click(ClickElementsMethods.java:21)
	at stepDefintions.PredefinedStepDefinitions.click_link(PredefinedStepDefinitions.java:452)
	at ✽.Then I click on link having text &quot;selenium-cucumber gem&quot;(features/navigationSteps.feature:8)
</error>
  </testcase>
  <testcase time="0" classname="Scenario: navigating back/forward and refresh page" name="Then I should see page title as &quot;selenium-cucumber | RubyGems.org | your community gem host&quot;">
    <skipped/>
  </testcase>
  <testcase time="0" classname="Scenario: navigating back/forward and refresh page" name="Then I navigate back">
    <skipped/>
  </testcase>
  <testcase time="0" classname="Scenario: navigating back/forward and refresh page" name="Then I should see page title as &quot;Test Page for selenium-cucumber&quot;">
    <skipped/>
  </testcase>
  <testcase time="0" classname="Scenario: navigating back/forward and refresh page" name="Then I navigate forward">
    <skipped/>
  </testcase>
  <testcase time="0" classname="Scenario: navigating back/forward and refresh page" name="Then I should see page title as &quot;selenium-cucumber | RubyGems.org | your community gem host&quot;">
    <skipped/>
  </testcase>
  <testcase time="0.001" classname="Scenario: navigating back/forward and refresh page" name="Then I navigate back">
    <skipped/>
  </testcase>
  <testcase time="0.001" classname="Scenario: navigating back/forward and refresh page" name="Then I should see page title as &quot;Test Page for selenium-cucumber&quot;">
    <skipped/>
  </testcase>
  <testcase time="0.001" classname="Scenario: navigating back/forward and refresh page" name="Then I refresh page">
    <skipped/>
  </testcase>
  <testcase time="0.001" classname="Scenario: navigating back/forward and refresh page" name="Then I should see page title as &quot;Test Page for selenium-cucumber&quot;">
    <skipped/>
  </testcase>
  <testcase time="0" classname="Scenario: switch to new window" name="Then I click on link having text &quot;selenium-cucumber website&quot;">
    <error message="The FirefoxDriver cannot be used after quit() was called.
Build info: version: &apos;2.45.0&apos;, revision: &apos;5017cb8e7ca8e37638dc3091b2440b90a1d8686f&apos;, time: &apos;2015-02-27 09:10:26&apos;
System info: host: &apos;VI-D057&apos;, ip: &apos;10.10.9.106&apos;, os.name: &apos;Windows 7&apos;, os.arch: &apos;amd64&apos;, os.version: &apos;6.1&apos;, java.version: &apos;1.7.0_51&apos;
Driver info: driver.version: RemoteWebDriver" type="org.openqa.selenium.remote.SessionNotFoundException">org.openqa.selenium.remote.SessionNotFoundException: The FirefoxDriver cannot be used after quit() was called.
Build info: version: &apos;2.45.0&apos;, revision: &apos;5017cb8e7ca8e37638dc3091b2440b90a1d8686f&apos;, time: &apos;2015-02-27 09:10:26&apos;
System info: host: &apos;VI-D057&apos;, ip: &apos;10.10.9.106&apos;, os.name: &apos;Windows 7&apos;, os.arch: &apos;amd64&apos;, os.version: &apos;6.1&apos;, java.version: &apos;1.7.0_51&apos;
Driver info: driver.version: RemoteWebDriver
	at org.openqa.selenium.firefox.FirefoxDriver$LazyCommandExecutor.execute(FirefoxDriver.java:359)
	at org.openqa.selenium.remote.RemoteWebDriver.execute(RemoteWebDriver.java:572)
	at org.openqa.selenium.remote.RemoteWebDriver.findElement(RemoteWebDriver.java:352)
	at org.openqa.selenium.remote.RemoteWebDriver.findElementByLinkText(RemoteWebDriver.java:401)
	at org.openqa.selenium.By$ByLinkText.findElement(By.java:242)
	at org.openqa.selenium.remote.RemoteWebDriver.findElement(RemoteWebDriver.java:344)
	at org.openqa.selenium.support.ui.ExpectedConditions.findElement(ExpectedConditions.java:730)
	at org.openqa.selenium.support.ui.ExpectedConditions.access$000(ExpectedConditions.java:39)
	at org.openqa.selenium.support.ui.ExpectedConditions$3.apply(ExpectedConditions.java:106)
	at org.openqa.selenium.support.ui.ExpectedConditions$3.apply(ExpectedConditions.java:103)
	at org.openqa.selenium.support.ui.FluentWait.until(FluentWait.java:208)
	at methods.ClickElementsMethods.click(ClickElementsMethods.java:21)
	at stepDefintions.PredefinedStepDefinitions.click_link(PredefinedStepDefinitions.java:452)
	at ✽.Then I click on link having text &quot;selenium-cucumber website&quot;(features/navigationSteps.feature:20)
</error>
    <system-out>
  Scenario: navigating back/forward and refresh page                                             &amp;#27;[90m# features/navigationSteps.feature:7&amp;#27;[0m
    &amp;#27;[31mThen &amp;#27;[0m&amp;#27;[31mI click on link having text &quot;&amp;#27;[0m&amp;#27;[31m&amp;#27;[1mselenium-cucumber gem&amp;#27;[0m&amp;#27;[31m&quot;&amp;#27;[0m                                     &amp;#27;[90m# PredefinedStepDefinitions.click_link(String)&amp;#27;[0m
      &amp;#27;[31morg.openqa.selenium.remote.SessionNotFoundException: The FirefoxDriver cannot be used after quit() was called.
      Build info: version: &apos;2.45.0&apos;, revision: &apos;5017cb8e7ca8e37638dc3091b2440b90a1d8686f&apos;, time: &apos;2015-02-27 09:10:26&apos;
      System info: host: &apos;VI-D057&apos;, ip: &apos;10.10.9.106&apos;, os.name: &apos;Windows 7&apos;, os.arch: &apos;amd64&apos;, os.version: &apos;6.1&apos;, java.version: &apos;1.7.0_51&apos;
      Driver info: driver.version: RemoteWebDriver
      	at org.openqa.selenium.firefox.FirefoxDriver$LazyCommandExecutor.execute(FirefoxDriver.java:359)
      	at org.openqa.selenium.remote.RemoteWebDriver.execute(RemoteWebDriver.java:572)
      	at org.openqa.selenium.remote.RemoteWebDriver.findElement(RemoteWebDriver.java:352)
      	at org.openqa.selenium.remote.RemoteWebDriver.findElementByLinkText(RemoteWebDriver.java:401)
      	at org.openqa.selenium.By$ByLinkText.findElement(By.java:242)
      	at org.openqa.selenium.remote.RemoteWebDriver.findElement(RemoteWebDriver.java:344)
      	at org.openqa.selenium.support.ui.ExpectedConditions.findElement(ExpectedConditions.java:730)
      	at org.openqa.selenium.support.ui.ExpectedConditions.access$000(ExpectedConditions.java:39)
      	at org.openqa.selenium.support.ui.ExpectedConditions$3.apply(ExpectedConditions.java:106)
      	at org.openqa.selenium.support.ui.ExpectedConditions$3.apply(ExpectedConditions.java:103)
      	at org.openqa.selenium.support.ui.FluentWait.until(FluentWait.java:208)
      	at methods.ClickElementsMethods.click(ClickElementsMethods.java:21)
      	at stepDefintions.PredefinedStepDefinitions.click_link(PredefinedStepDefinitions.java:452)
      	at ?.Then I click on link having text &quot;selenium-cucumber gem&quot;(features/navigationSteps.feature:8)
      &amp;#27;[0m
    &amp;#27;[36mThen &amp;#27;[0m&amp;#27;[36mI should&amp;#27;[0m&amp;#27;[36m&amp;#27;[1m&amp;#27;[0m&amp;#27;[36m see page title as &quot;&amp;#27;[0m&amp;#27;[36m&amp;#27;[1mselenium-cucumber | RubyGems.org | your community gem host&amp;#27;[0m&amp;#27;[36m&quot;&amp;#27;[0m &amp;#27;[90m# PredefinedStepDefinitions.check_title(String,String)&amp;#27;[0m
    &amp;#27;[36mThen &amp;#27;[0m&amp;#27;[36mI navigate back&amp;#27;[0m                                                                         &amp;#27;[90m# PredefinedStepDefinitions.navigate_back()&amp;#27;[0m
    &amp;#27;[36mThen &amp;#27;[0m&amp;#27;[36mI should&amp;#27;[0m&amp;#27;[36m&amp;#27;[1m&amp;#27;[0m&amp;#27;[36m see page title as &quot;&amp;#27;[0m&amp;#27;[36m&amp;#27;[1mTest Page for selenium-cucumber&amp;#27;[0m&amp;#27;[36m&quot;&amp;#27;[0m                            &amp;#27;[90m# PredefinedStepDefinitions.check_title(String,String)&amp;#27;[0m
    &amp;#27;[36mThen &amp;#27;[0m&amp;#27;[36mI navigate forward&amp;#27;[0m                                                                      &amp;#27;[90m# PredefinedStepDefinitions.navigate_forward()&amp;#27;[0m
    &amp;#27;[36mThen &amp;#27;[0m&amp;#27;[36mI should&amp;#27;[0m&amp;#27;[36m&amp;#27;[1m&amp;#27;[0m&amp;#27;[36m see page title as &quot;&amp;#27;[0m&amp;#27;[36m&amp;#27;[1mselenium-cucumber | RubyGems.org | your community gem host&amp;#27;[0m&amp;#27;[36m&quot;&amp;#27;[0m &amp;#27;[90m# PredefinedStepDefinitions.check_title(String,String)&amp;#27;[0m
    &amp;#27;[36mThen &amp;#27;[0m&amp;#27;[36mI navigate back&amp;#27;[0m                                                                         &amp;#27;[90m# PredefinedStepDefinitions.navigate_back()&amp;#27;[0m
    &amp;#27;[36mThen &amp;#27;[0m&amp;#27;[36mI should&amp;#27;[0m&amp;#27;[36m&amp;#27;[1m&amp;#27;[0m&amp;#27;[36m see page title as &quot;&amp;#27;[0m&amp;#27;[36m&amp;#27;[1mTest Page for selenium-cucumber&amp;#27;[0m&amp;#27;[36m&quot;&amp;#27;[0m                            &amp;#27;[90m# PredefinedStepDefinitions.check_title(String,String)&amp;#27;[0m
    &amp;#27;[36mThen &amp;#27;[0m&amp;#27;[36mI refresh page&amp;#27;[0m                                                                          &amp;#27;[90m# PredefinedStepDefinitions.refresh_page()&amp;#27;[0m
    &amp;#27;[36mThen &amp;#27;[0m&amp;#27;[36mI should&amp;#27;[0m&amp;#27;[36m&amp;#27;[1m&amp;#27;[0m&amp;#27;[36m see page title as &quot;&amp;#27;[0m&amp;#27;[36m&amp;#27;[1mTest Page for selenium-cucumber&amp;#27;[0m&amp;#27;[36m&quot;&amp;#27;[0m                            &amp;#27;[90m# PredefinedStepDefinitions.check_title(String,String)&amp;#27;[0m
</system-out>
    <system-err>Apr 25, 2015 5:46:41 PM org.openqa.selenium.support.ui.ExpectedConditions findElement
WARNING: WebDriverException thrown by findElement(By.linkText: selenium-cucumber website)
org.openqa.selenium.remote.SessionNotFoundException: The FirefoxDriver cannot be used after quit() was called.
Build info: version: &apos;2.45.0&apos;, revision: &apos;5017cb8e7ca8e37638dc3091b2440b90a1d8686f&apos;, time: &apos;2015-02-27 09:10:26&apos;
System info: host: &apos;VI-D057&apos;, ip: &apos;10.10.9.106&apos;, os.name: &apos;Windows 7&apos;, os.arch: &apos;amd64&apos;, os.version: &apos;6.1&apos;, java.version: &apos;1.7.0_51&apos;
Driver info: driver.version: RemoteWebDriver
	at org.openqa.selenium.firefox.FirefoxDriver$LazyCommandExecutor.execute(FirefoxDriver.java:359)
	at org.openqa.selenium.remote.RemoteWebDriver.execute(RemoteWebDriver.java:572)
	at org.openqa.selenium.remote.RemoteWebDriver.findElement(RemoteWebDriver.java:352)
	at org.openqa.selenium.remote.RemoteWebDriver.findElementByLinkText(RemoteWebDriver.java:401)
	at org.openqa.selenium.By$ByLinkText.findElement(By.java:242)
	at org.openqa.selenium.remote.RemoteWebDriver.findElement(RemoteWebDriver.java:344)
	at org.openqa.selenium.support.ui.ExpectedConditions.findElement(ExpectedConditions.java:730)
	at org.openqa.selenium.support.ui.ExpectedConditions.access$000(ExpectedConditions.java:39)
	at org.openqa.selenium.support.ui.ExpectedConditions$3.apply(ExpectedConditions.java:106)
	at org.openqa.selenium.support.ui.ExpectedConditions$3.apply(ExpectedConditions.java:103)
	at org.openqa.selenium.support.ui.FluentWait.until(FluentWait.java:208)
	at methods.ClickElementsMethods.click(ClickElementsMethods.java:21)
	at stepDefintions.PredefinedStepDefinitions.click_link(PredefinedStepDefinitions.java:452)
	at sun.reflect.NativeMethodAccessorImpl.invoke0(Native Method)
	at sun.reflect.NativeMethodAccessorImpl.invoke(NativeMethodAccessorImpl.java:57)
	at sun.reflect.DelegatingMethodAccessorImpl.invoke(DelegatingMethodAccessorImpl.java:43)
	at java.lang.reflect.Method.invoke(Method.java:606)
	at cucumber.runtime.Utils$1.call(Utils.java:37)
	at cucumber.runtime.Timeout.timeout(Timeout.java:13)
	at cucumber.runtime.Utils.invoke(Utils.java:31)
	at cucumber.runtime.java.JavaStepDefinition.execute(JavaStepDefinition.java:37)
	at cucumber.runtime.StepDefinitionMatch.runStep(StepDefinitionMatch.java:37)
	at cucumber.runtime.Runtime.runStep(Runtime.java:298)
	at cucumber.runtime.model.StepContainer.runStep(StepContainer.java:44)
	at cucumber.runtime.model.StepContainer.runSteps(StepContainer.java:39)
	at cucumber.runtime.model.CucumberScenario.run(CucumberScenario.java:48)
	at cucumber.runtime.junit.ExecutionUnitRunner.run(ExecutionUnitRunner.java:91)
	at cucumber.runtime.junit.FeatureRunner.runChild(FeatureRunner.java:63)
	at cucumber.runtime.junit.FeatureRunner.runChild(FeatureRunner.java:18)
	at org.junit.runners.ParentRunner$3.run(ParentRunner.java:238)
	at org.junit.runners.ParentRunner$1.schedule(ParentRunner.java:63)
	at org.junit.runners.ParentRunner.runChildren(ParentRunner.java:236)
	at org.junit.runners.ParentRunner.access$000(ParentRunner.java:53)
	at org.junit.runners.ParentRunner$2.evaluate(ParentRunner.java:229)
	at org.junit.runners.ParentRunner.run(ParentRunner.java:309)
	at cucumber.runtime.junit.FeatureRunner.run(FeatureRunner.java:70)
	at cucumber.api.junit.Cucumber.runChild(Cucumber.java:93)
	at cucumber.api.junit.Cucumber.runChild(Cucumber.java:37)
	at org.junit.runners.ParentRunner$3.run(ParentRunner.java:238)
	at org.junit.runners.ParentRunner$1.schedule(ParentRunner.java:63)
	at org.junit.runners.ParentRunner.runChildren(ParentRunner.java:236)
	at org.junit.runners.ParentRunner.access$000(ParentRunner.java:53)
	at org.junit.runners.ParentRunner$2.evaluate(ParentRunner.java:229)
	at org.junit.runners.ParentRunner.run(ParentRunner.java:309)
	at cucumber.api.junit.Cucumber.run(Cucumber.java:98)
	at org.apache.maven.surefire.junit4.JUnit4Provider.execute(JUnit4Provider.java:252)
	at org.apache.maven.surefire.junit4.JUnit4Provider.executeTestSet(JUnit4Provider.java:141)
	at org.apache.maven.surefire.junit4.JUnit4Provider.invoke(JUnit4Provider.java:112)
	at sun.reflect.NativeMethodAccessorImpl.invoke0(Native Method)
	at sun.reflect.NativeMethodAccessorImpl.invoke(NativeMethodAccessorImpl.java:57)
	at sun.reflect.DelegatingMethodAccessorImpl.invoke(DelegatingMethodAccessorImpl.java:43)
	at java.lang.reflect.Method.invoke(Method.java:606)
	at org.apache.maven.surefire.util.ReflectionUtils.invokeMethodWithArray(ReflectionUtils.java:189)
	at org.apache.maven.surefire.booter.ProviderFactory$ProviderProxy.invoke(ProviderFactory.java:165)
	at org.apache.maven.surefire.booter.ProviderFactory.invokeProvider(ProviderFactory.java:85)
	at org.apache.maven.surefire.booter.ForkedBooter.runSuitesInProcess(ForkedBooter.java:115)
	at org.apache.maven.surefire.booter.ForkedBooter.main(ForkedBooter.java:75)

</system-err>
  </testcase>
  <testcase time="0" classname="Scenario: switch to new window" name="Scenario: switch to new window">
    <error message="The FirefoxDriver cannot be used after quit() was called.
Build info: version: &apos;2.45.0&apos;, revision: &apos;5017cb8e7ca8e37638dc3091b2440b90a1d8686f&apos;, time: &apos;2015-02-27 09:10:26&apos;
System info: host: &apos;VI-D057&apos;, ip: &apos;10.10.9.106&apos;, os.name: &apos;Windows 7&apos;, os.arch: &apos;amd64&apos;, os.version: &apos;6.1&apos;, java.version: &apos;1.7.0_51&apos;
Driver info: driver.version: RemoteWebDriver" type="org.openqa.selenium.remote.SessionNotFoundException">org.openqa.selenium.remote.SessionNotFoundException: The FirefoxDriver cannot be used after quit() was called.
Build info: version: &apos;2.45.0&apos;, revision: &apos;5017cb8e7ca8e37638dc3091b2440b90a1d8686f&apos;, time: &apos;2015-02-27 09:10:26&apos;
System info: host: &apos;VI-D057&apos;, ip: &apos;10.10.9.106&apos;, os.name: &apos;Windows 7&apos;, os.arch: &apos;amd64&apos;, os.version: &apos;6.1&apos;, java.version: &apos;1.7.0_51&apos;
Driver info: driver.version: RemoteWebDriver
	at org.openqa.selenium.firefox.FirefoxDriver$LazyCommandExecutor.execute(FirefoxDriver.java:359)
	at org.openqa.selenium.remote.RemoteWebDriver.execute(RemoteWebDriver.java:572)
	at org.openqa.selenium.remote.RemoteWebDriver.findElement(RemoteWebDriver.java:352)
	at org.openqa.selenium.remote.RemoteWebDriver.findElementByLinkText(RemoteWebDriver.java:401)
	at org.openqa.selenium.By$ByLinkText.findElement(By.java:242)
	at org.openqa.selenium.remote.RemoteWebDriver.findElement(RemoteWebDriver.java:344)
	at org.openqa.selenium.support.ui.ExpectedConditions.findElement(ExpectedConditions.java:730)
	at org.openqa.selenium.support.ui.ExpectedConditions.access$000(ExpectedConditions.java:39)
	at org.openqa.selenium.support.ui.ExpectedConditions$3.apply(ExpectedConditions.java:106)
	at org.openqa.selenium.support.ui.ExpectedConditions$3.apply(ExpectedConditions.java:103)
	at org.openqa.selenium.support.ui.FluentWait.until(FluentWait.java:208)
	at methods.ClickElementsMethods.click(ClickElementsMethods.java:21)
	at stepDefintions.PredefinedStepDefinitions.click_link(PredefinedStepDefinitions.java:452)
	at ✽.Then I click on link having text &quot;selenium-cucumber website&quot;(features/navigationSteps.feature:20)
</error>
  </testcase>
  <testcase time="0.001" classname="Scenario: switch to new window" name="Then I switch to new window">
    <skipped/>
  </testcase>
  <testcase time="0.001" classname="Scenario: switch to new window" name="Then element having id &quot;access&quot; should be present">
    <skipped/>
  </testcase>
  <testcase time="0.001" classname="Scenario: switch to new window" name="Then I should see page title as &quot;Selenium-Cucumber | Code Less… Test More…&quot;">
    <skipped/>
  </testcase>
  <testcase time="0.001" classname="Scenario: switch to new window" name="Then I close new window">
    <skipped/>
  </testcase>
  <testcase time="0" classname="Scenario: switch to privious window" name="Then I switch to previous window">
    <error message="null value in entry: name=null" type="java.lang.NullPointerException">java.lang.NullPointerException: null value in entry: name=null
	at com.google.common.collect.CollectPreconditions.checkEntryNotNull(CollectPreconditions.java:33)
	at com.google.common.collect.SingletonImmutableBiMap.&lt;init&gt;(SingletonImmutableBiMap.java:39)
	at com.google.common.collect.ImmutableBiMap.of(ImmutableBiMap.java:57)
	at com.google.common.collect.ImmutableMap.of(ImmutableMap.java:80)
	at org.openqa.selenium.remote.RemoteWebDriver$RemoteTargetLocator.window(RemoteWebDriver.java:890)
	at methods.NavigateMethods.switchToOldWindow(NavigateMethods.java:156)
	at stepDefintions.PredefinedStepDefinitions.switch_to_old_window(PredefinedStepDefinitions.java:54)
	at ✽.Then I switch to previous window(features/navigationSteps.feature:27)
</error>
    <system-out>
  Scenario: switch to new window                                                &amp;#27;[90m# features/navigationSteps.feature:19&amp;#27;[0m
    &amp;#27;[31mThen &amp;#27;[0m&amp;#27;[31mI click on link having text &quot;&amp;#27;[0m&amp;#27;[31m&amp;#27;[1mselenium-cucumber website&amp;#27;[0m&amp;#27;[31m&quot;&amp;#27;[0m                &amp;#27;[90m# PredefinedStepDefinitions.click_link(String)&amp;#27;[0m
      &amp;#27;[31morg.openqa.selenium.remote.SessionNotFoundException: The FirefoxDriver cannot be used after quit() was called.
      Build info: version: &apos;2.45.0&apos;, revision: &apos;5017cb8e7ca8e37638dc3091b2440b90a1d8686f&apos;, time: &apos;2015-02-27 09:10:26&apos;
      System info: host: &apos;VI-D057&apos;, ip: &apos;10.10.9.106&apos;, os.name: &apos;Windows 7&apos;, os.arch: &apos;amd64&apos;, os.version: &apos;6.1&apos;, java.version: &apos;1.7.0_51&apos;
      Driver info: driver.version: RemoteWebDriver
      	at org.openqa.selenium.firefox.FirefoxDriver$LazyCommandExecutor.execute(FirefoxDriver.java:359)
      	at org.openqa.selenium.remote.RemoteWebDriver.execute(RemoteWebDriver.java:572)
      	at org.openqa.selenium.remote.RemoteWebDriver.findElement(RemoteWebDriver.java:352)
      	at org.openqa.selenium.remote.RemoteWebDriver.findElementByLinkText(RemoteWebDriver.java:401)
      	at org.openqa.selenium.By$ByLinkText.findElement(By.java:242)
      	at org.openqa.selenium.remote.RemoteWebDriver.findElement(RemoteWebDriver.java:344)
      	at org.openqa.selenium.support.ui.ExpectedConditions.findElement(ExpectedConditions.java:730)
      	at org.openqa.selenium.support.ui.ExpectedConditions.access$000(ExpectedConditions.java:39)
      	at org.openqa.selenium.support.ui.ExpectedConditions$3.apply(ExpectedConditions.java:106)
      	at org.openqa.selenium.support.ui.ExpectedConditions$3.apply(ExpectedConditions.java:103)
      	at org.openqa.selenium.support.ui.FluentWait.until(FluentWait.java:208)
      	at methods.ClickElementsMethods.click(ClickElementsMethods.java:21)
      	at stepDefintions.PredefinedStepDefinitions.click_link(PredefinedStepDefinitions.java:452)
      	at ?.Then I click on link having text &quot;selenium-cucumber website&quot;(features/navigationSteps.feature:20)
      &amp;#27;[0m
    &amp;#27;[36mThen &amp;#27;[0m&amp;#27;[36mI switch to new window&amp;#27;[0m                                                 &amp;#27;[90m# PredefinedStepDefinitions.switch_to_new_window()&amp;#27;[0m
    &amp;#27;[36mThen &amp;#27;[0m&amp;#27;[36melement having &amp;#27;[0m&amp;#27;[36m&amp;#27;[1mid&amp;#27;[0m&amp;#27;[36m &quot;&amp;#27;[0m&amp;#27;[36m&amp;#27;[1maccess&amp;#27;[0m&amp;#27;[36m&quot; should&amp;#27;[0m&amp;#27;[36m&amp;#27;[1m&amp;#27;[0m&amp;#27;[36m be present&amp;#27;[0m                           &amp;#27;[90m# PredefinedStepDefinitions.check_element_presence(String,String,String)&amp;#27;[0m
    &amp;#27;[36mThen &amp;#27;[0m&amp;#27;[36mI should&amp;#27;[0m&amp;#27;[36m&amp;#27;[1m&amp;#27;[0m&amp;#27;[36m see page title as &quot;&amp;#27;[0m&amp;#27;[36m&amp;#27;[1mSelenium-Cucumber | Code Less… Test More…&amp;#27;[0m&amp;#27;[36m&quot;&amp;#27;[0m &amp;#27;[90m# PredefinedStepDefinitions.check_title(String,String)&amp;#27;[0m
    &amp;#27;[36mThen &amp;#27;[0m&amp;#27;[36mI close new window&amp;#27;[0m                                                     &amp;#27;[90m# PredefinedStepDefinitions.close_new_window()&amp;#27;[0m
</system-out>
  </testcase>
  <testcase time="0" classname="Scenario: switch to privious window" name="Scenario: switch to privious window">
    <error message="null value in entry: name=null" type="java.lang.NullPointerException">java.lang.NullPointerException: null value in entry: name=null
	at com.google.common.collect.CollectPreconditions.checkEntryNotNull(CollectPreconditions.java:33)
	at com.google.common.collect.SingletonImmutableBiMap.&lt;init&gt;(SingletonImmutableBiMap.java:39)
	at com.google.common.collect.ImmutableBiMap.of(ImmutableBiMap.java:57)
	at com.google.common.collect.ImmutableMap.of(ImmutableMap.java:80)
	at org.openqa.selenium.remote.RemoteWebDriver$RemoteTargetLocator.window(RemoteWebDriver.java:890)
	at methods.NavigateMethods.switchToOldWindow(NavigateMethods.java:156)
	at stepDefintions.PredefinedStepDefinitions.switch_to_old_window(PredefinedStepDefinitions.java:54)
	at ✽.Then I switch to previous window(features/navigationSteps.feature:27)
</error>
  </testcase>
  <testcase time="0.001" classname="Scenario: switch to privious window" name="Then I should see page title as &quot;Test Page for selenium-cucumber&quot;">
    <skipped/>
  </testcase>
  <testcase time="0" classname="Scenario: Zoom in/out web page" name="Then I zoom in page">
    <error message="The FirefoxDriver cannot be used after quit() was called.
Build info: version: &apos;2.45.0&apos;, revision: &apos;5017cb8e7ca8e37638dc3091b2440b90a1d8686f&apos;, time: &apos;2015-02-27 09:10:26&apos;
System info: host: &apos;VI-D057&apos;, ip: &apos;10.10.9.106&apos;, os.name: &apos;Windows 7&apos;, os.arch: &apos;amd64&apos;, os.version: &apos;6.1&apos;, java.version: &apos;1.7.0_51&apos;
Driver info: driver.version: RemoteWebDriver" type="org.openqa.selenium.remote.SessionNotFoundException">org.openqa.selenium.remote.SessionNotFoundException: The FirefoxDriver cannot be used after quit() was called.
Build info: version: &apos;2.45.0&apos;, revision: &apos;5017cb8e7ca8e37638dc3091b2440b90a1d8686f&apos;, time: &apos;2015-02-27 09:10:26&apos;
System info: host: &apos;VI-D057&apos;, ip: &apos;10.10.9.106&apos;, os.name: &apos;Windows 7&apos;, os.arch: &apos;amd64&apos;, os.version: &apos;6.1&apos;, java.version: &apos;1.7.0_51&apos;
Driver info: driver.version: RemoteWebDriver
	at org.openqa.selenium.firefox.FirefoxDriver$LazyCommandExecutor.execute(FirefoxDriver.java:359)
	at org.openqa.selenium.remote.RemoteWebDriver.execute(RemoteWebDriver.java:572)
	at org.openqa.selenium.remote.RemoteWebDriver.findElement(RemoteWebDriver.java:352)
	at org.openqa.selenium.remote.RemoteWebDriver.findElementByTagName(RemoteWebDriver.java:417)
	at org.openqa.selenium.By$ByTagName.findElement(By.java:330)
	at org.openqa.selenium.remote.RemoteWebDriver.findElement(RemoteWebDriver.java:344)
	at methods.NavigateMethods.zoomInOut(NavigateMethods.java:65)
	at stepDefintions.PredefinedStepDefinitions.zoom_in(PredefinedStepDefinitions.java:116)
	at ✽.Then I zoom in page(features/navigationSteps.feature:31)
</error>
    <system-out>
  Scenario: switch to privious window                                 &amp;#27;[90m# features/navigationSteps.feature:26&amp;#27;[0m
    &amp;#27;[31mThen &amp;#27;[0m&amp;#27;[31mI switch to previous window&amp;#27;[0m                                  &amp;#27;[90m# PredefinedStepDefinitions.switch_to_old_window()&amp;#27;[0m
      &amp;#27;[31mjava.lang.NullPointerException: null value in entry: name=null
      	at com.google.common.collect.CollectPreconditions.checkEntryNotNull(CollectPreconditions.java:33)
      	at com.google.common.collect.SingletonImmutableBiMap.&lt;init&gt;(SingletonImmutableBiMap.java:39)
      	at com.google.common.collect.ImmutableBiMap.of(ImmutableBiMap.java:57)
      	at com.google.common.collect.ImmutableMap.of(ImmutableMap.java:80)
      	at org.openqa.selenium.remote.RemoteWebDriver$RemoteTargetLocator.window(RemoteWebDriver.java:890)
      	at methods.NavigateMethods.switchToOldWindow(NavigateMethods.java:156)
      	at stepDefintions.PredefinedStepDefinitions.switch_to_old_window(PredefinedStepDefinitions.java:54)
      	at ?.Then I switch to previous window(features/navigationSteps.feature:27)
      &amp;#27;[0m
    &amp;#27;[36mThen &amp;#27;[0m&amp;#27;[36mI should&amp;#27;[0m&amp;#27;[36m&amp;#27;[1m&amp;#27;[0m&amp;#27;[36m see page title as &quot;&amp;#27;[0m&amp;#27;[36m&amp;#27;[1mTest Page for selenium-cucumber&amp;#27;[0m&amp;#27;[36m&quot;&amp;#27;[0m &amp;#27;[90m# PredefinedStepDefinitions.check_title(String,String)&amp;#27;[0m
</system-out>
  </testcase>
  <testcase time="0" classname="Scenario: Zoom in/out web page" name="Scenario: Zoom in/out web page">
    <error message="The FirefoxDriver cannot be used after quit() was called.
Build info: version: &apos;2.45.0&apos;, revision: &apos;5017cb8e7ca8e37638dc3091b2440b90a1d8686f&apos;, time: &apos;2015-02-27 09:10:26&apos;
System info: host: &apos;VI-D057&apos;, ip: &apos;10.10.9.106&apos;, os.name: &apos;Windows 7&apos;, os.arch: &apos;amd64&apos;, os.version: &apos;6.1&apos;, java.version: &apos;1.7.0_51&apos;
Driver info: driver.version: RemoteWebDriver" type="org.openqa.selenium.remote.SessionNotFoundException">org.openqa.selenium.remote.SessionNotFoundException: The FirefoxDriver cannot be used after quit() was called.
Build info: version: &apos;2.45.0&apos;, revision: &apos;5017cb8e7ca8e37638dc3091b2440b90a1d8686f&apos;, time: &apos;2015-02-27 09:10:26&apos;
System info: host: &apos;VI-D057&apos;, ip: &apos;10.10.9.106&apos;, os.name: &apos;Windows 7&apos;, os.arch: &apos;amd64&apos;, os.version: &apos;6.1&apos;, java.version: &apos;1.7.0_51&apos;
Driver info: driver.version: RemoteWebDriver
	at org.openqa.selenium.firefox.FirefoxDriver$LazyCommandExecutor.execute(FirefoxDriver.java:359)
	at org.openqa.selenium.remote.RemoteWebDriver.execute(RemoteWebDriver.java:572)
	at org.openqa.selenium.remote.RemoteWebDriver.findElement(RemoteWebDriver.java:352)
	at org.openqa.selenium.remote.RemoteWebDriver.findElementByTagName(RemoteWebDriver.java:417)
	at org.openqa.selenium.By$ByTagName.findElement(By.java:330)
	at org.openqa.selenium.remote.RemoteWebDriver.findElement(RemoteWebDriver.java:344)
	at methods.NavigateMethods.zoomInOut(NavigateMethods.java:65)
	at stepDefintions.PredefinedStepDefinitions.zoom_in(PredefinedStepDefinitions.java:116)
	at ✽.Then I zoom in page(features/navigationSteps.feature:31)
</error>
  </testcase>
  <testcase time="0" classname="Scenario: Zoom in/out web page" name="Then I zoom out page">
    <skipped/>
  </testcase>
  <testcase time="0" classname="Scenario: Zoom in/out web page" name="Then I reset page view">
    <skipped/>
  </testcase>
  <testcase time="0" classname="Scenario: Scroll web page" name="Then I scroll to element having id &quot;demo&quot;">
    <error message="The FirefoxDriver cannot be used after quit() was called.
Build info: version: &apos;2.45.0&apos;, revision: &apos;5017cb8e7ca8e37638dc3091b2440b90a1d8686f&apos;, time: &apos;2015-02-27 09:10:26&apos;
System info: host: &apos;VI-D057&apos;, ip: &apos;10.10.9.106&apos;, os.name: &apos;Windows 7&apos;, os.arch: &apos;amd64&apos;, os.version: &apos;6.1&apos;, java.version: &apos;1.7.0_51&apos;
Driver info: driver.version: RemoteWebDriver" type="org.openqa.selenium.remote.SessionNotFoundException">org.openqa.selenium.remote.SessionNotFoundException: The FirefoxDriver cannot be used after quit() was called.
Build info: version: &apos;2.45.0&apos;, revision: &apos;5017cb8e7ca8e37638dc3091b2440b90a1d8686f&apos;, time: &apos;2015-02-27 09:10:26&apos;
System info: host: &apos;VI-D057&apos;, ip: &apos;10.10.9.106&apos;, os.name: &apos;Windows 7&apos;, os.arch: &apos;amd64&apos;, os.version: &apos;6.1&apos;, java.version: &apos;1.7.0_51&apos;
Driver info: driver.version: RemoteWebDriver
	at org.openqa.selenium.firefox.FirefoxDriver$LazyCommandExecutor.execute(FirefoxDriver.java:359)
	at org.openqa.selenium.remote.RemoteWebDriver.execute(RemoteWebDriver.java:572)
	at org.openqa.selenium.remote.RemoteWebDriver.findElement(RemoteWebDriver.java:352)
	at org.openqa.selenium.remote.RemoteWebDriver.findElementById(RemoteWebDriver.java:393)
	at org.openqa.selenium.By$ById.findElement(By.java:214)
	at org.openqa.selenium.remote.RemoteWebDriver.findElement(RemoteWebDriver.java:344)
	at org.openqa.selenium.support.ui.ExpectedConditions.findElement(ExpectedConditions.java:730)
	at org.openqa.selenium.support.ui.ExpectedConditions.access$000(ExpectedConditions.java:39)
	at org.openqa.selenium.support.ui.ExpectedConditions$3.apply(ExpectedConditions.java:106)
	at org.openqa.selenium.support.ui.ExpectedConditions$3.apply(ExpectedConditions.java:103)
	at org.openqa.selenium.support.ui.FluentWait.until(FluentWait.java:208)
	at methods.NavigateMethods.scrollToElement(NavigateMethods.java:124)
	at stepDefintions.PredefinedStepDefinitions.scroll_to_element(PredefinedStepDefinitions.java:159)
	at ✽.Then I scroll to element having id &quot;demo&quot;(features/navigationSteps.feature:36)
</error>
    <system-out>
  Scenario: Zoom in/out web page &amp;#27;[90m# features/navigationSteps.feature:30&amp;#27;[0m
    &amp;#27;[31mThen &amp;#27;[0m&amp;#27;[31mI zoom in page&amp;#27;[0m          &amp;#27;[90m# PredefinedStepDefinitions.zoom_in()&amp;#27;[0m
      &amp;#27;[31morg.openqa.selenium.remote.SessionNotFoundException: The FirefoxDriver cannot be used after quit() was called.
      Build info: version: &apos;2.45.0&apos;, revision: &apos;5017cb8e7ca8e37638dc3091b2440b90a1d8686f&apos;, time: &apos;2015-02-27 09:10:26&apos;
      System info: host: &apos;VI-D057&apos;, ip: &apos;10.10.9.106&apos;, os.name: &apos;Windows 7&apos;, os.arch: &apos;amd64&apos;, os.version: &apos;6.1&apos;, java.version: &apos;1.7.0_51&apos;
      Driver info: driver.version: RemoteWebDriver
      	at org.openqa.selenium.firefox.FirefoxDriver$LazyCommandExecutor.execute(FirefoxDriver.java:359)
      	at org.openqa.selenium.remote.RemoteWebDriver.execute(RemoteWebDriver.java:572)
      	at org.openqa.selenium.remote.RemoteWebDriver.findElement(RemoteWebDriver.java:352)
      	at org.openqa.selenium.remote.RemoteWebDriver.findElementByTagName(RemoteWebDriver.java:417)
      	at org.openqa.selenium.By$ByTagName.findElement(By.java:330)
      	at org.openqa.selenium.remote.RemoteWebDriver.findElement(RemoteWebDriver.java:344)
      	at methods.NavigateMethods.zoomInOut(NavigateMethods.java:65)
      	at stepDefintions.PredefinedStepDefinitions.zoom_in(PredefinedStepDefinitions.java:116)
      	at ?.Then I zoom in page(features/navigationSteps.feature:31)
      &amp;#27;[0m
    &amp;#27;[36mThen &amp;#27;[0m&amp;#27;[36mI zoom out page&amp;#27;[0m         &amp;#27;[90m# PredefinedStepDefinitions.zoom_out()&amp;#27;[0m
    &amp;#27;[36mThen &amp;#27;[0m&amp;#27;[36mI reset page view&amp;#27;[0m       &amp;#27;[90m# PredefinedStepDefinitions.reset_page_zoom()&amp;#27;[0m
</system-out>
    <system-err>Apr 25, 2015 5:46:41 PM org.openqa.selenium.support.ui.ExpectedConditions findElement
WARNING: WebDriverException thrown by findElement(By.id: demo)
org.openqa.selenium.remote.SessionNotFoundException: The FirefoxDriver cannot be used after quit() was called.
Build info: version: &apos;2.45.0&apos;, revision: &apos;5017cb8e7ca8e37638dc3091b2440b90a1d8686f&apos;, time: &apos;2015-02-27 09:10:26&apos;
System info: host: &apos;VI-D057&apos;, ip: &apos;10.10.9.106&apos;, os.name: &apos;Windows 7&apos;, os.arch: &apos;amd64&apos;, os.version: &apos;6.1&apos;, java.version: &apos;1.7.0_51&apos;
Driver info: driver.version: RemoteWebDriver
	at org.openqa.selenium.firefox.FirefoxDriver$LazyCommandExecutor.execute(FirefoxDriver.java:359)
	at org.openqa.selenium.remote.RemoteWebDriver.execute(RemoteWebDriver.java:572)
	at org.openqa.selenium.remote.RemoteWebDriver.findElement(RemoteWebDriver.java:352)
	at org.openqa.selenium.remote.RemoteWebDriver.findElementById(RemoteWebDriver.java:393)
	at org.openqa.selenium.By$ById.findElement(By.java:214)
	at org.openqa.selenium.remote.RemoteWebDriver.findElement(RemoteWebDriver.java:344)
	at org.openqa.selenium.support.ui.ExpectedConditions.findElement(ExpectedConditions.java:730)
	at org.openqa.selenium.support.ui.ExpectedConditions.access$000(ExpectedConditions.java:39)
	at org.openqa.selenium.support.ui.ExpectedConditions$3.apply(ExpectedConditions.java:106)
	at org.openqa.selenium.support.ui.ExpectedConditions$3.apply(ExpectedConditions.java:103)
	at org.openqa.selenium.support.ui.FluentWait.until(FluentWait.java:208)
	at methods.NavigateMethods.scrollToElement(NavigateMethods.java:124)
	at stepDefintions.PredefinedStepDefinitions.scroll_to_element(PredefinedStepDefinitions.java:159)
	at sun.reflect.NativeMethodAccessorImpl.invoke0(Native Method)
	at sun.reflect.NativeMethodAccessorImpl.invoke(NativeMethodAccessorImpl.java:57)
	at sun.reflect.DelegatingMethodAccessorImpl.invoke(DelegatingMethodAccessorImpl.java:43)
	at java.lang.reflect.Method.invoke(Method.java:606)
	at cucumber.runtime.Utils$1.call(Utils.java:37)
	at cucumber.runtime.Timeout.timeout(Timeout.java:13)
	at cucumber.runtime.Utils.invoke(Utils.java:31)
	at cucumber.runtime.java.JavaStepDefinition.execute(JavaStepDefinition.java:37)
	at cucumber.runtime.StepDefinitionMatch.runStep(StepDefinitionMatch.java:37)
	at cucumber.runtime.Runtime.runStep(Runtime.java:298)
	at cucumber.runtime.model.StepContainer.runStep(StepContainer.java:44)
	at cucumber.runtime.model.StepContainer.runSteps(StepContainer.java:39)
	at cucumber.runtime.model.CucumberScenario.run(CucumberScenario.java:48)
	at cucumber.runtime.junit.ExecutionUnitRunner.run(ExecutionUnitRunner.java:91)
	at cucumber.runtime.junit.FeatureRunner.runChild(FeatureRunner.java:63)
	at cucumber.runtime.junit.FeatureRunner.runChild(FeatureRunner.java:18)
	at org.junit.runners.ParentRunner$3.run(ParentRunner.java:238)
	at org.junit.runners.ParentRunner$1.schedule(ParentRunner.java:63)
	at org.junit.runners.ParentRunner.runChildren(ParentRunner.java:236)
	at org.junit.runners.ParentRunner.access$000(ParentRunner.java:53)
	at org.junit.runners.ParentRunner$2.evaluate(ParentRunner.java:229)
	at org.junit.runners.ParentRunner.run(ParentRunner.java:309)
	at cucumber.runtime.junit.FeatureRunner.run(FeatureRunner.java:70)
	at cucumber.api.junit.Cucumber.runChild(Cucumber.java:93)
	at cucumber.api.junit.Cucumber.runChild(Cucumber.java:37)
	at org.junit.runners.ParentRunner$3.run(ParentRunner.java:238)
	at org.junit.runners.ParentRunner$1.schedule(ParentRunner.java:63)
	at org.junit.runners.ParentRunner.runChildren(ParentRunner.java:236)
	at org.junit.runners.ParentRunner.access$000(ParentRunner.java:53)
	at org.junit.runners.ParentRunner$2.evaluate(ParentRunner.java:229)
	at org.junit.runners.ParentRunner.run(ParentRunner.java:309)
	at cucumber.api.junit.Cucumber.run(Cucumber.java:98)
	at org.apache.maven.surefire.junit4.JUnit4Provider.execute(JUnit4Provider.java:252)
	at org.apache.maven.surefire.junit4.JUnit4Provider.executeTestSet(JUnit4Provider.java:141)
	at org.apache.maven.surefire.junit4.JUnit4Provider.invoke(JUnit4Provider.java:112)
	at sun.reflect.NativeMethodAccessorImpl.invoke0(Native Method)
	at sun.reflect.NativeMethodAccessorImpl.invoke(NativeMethodAccessorImpl.java:57)
	at sun.reflect.DelegatingMethodAccessorImpl.invoke(DelegatingMethodAccessorImpl.java:43)
	at java.lang.reflect.Method.invoke(Method.java:606)
	at org.apache.maven.surefire.util.ReflectionUtils.invokeMethodWithArray(ReflectionUtils.java:189)
	at org.apache.maven.surefire.booter.ProviderFactory$ProviderProxy.invoke(ProviderFactory.java:165)
	at org.apache.maven.surefire.booter.ProviderFactory.invokeProvider(ProviderFactory.java:85)
	at org.apache.maven.surefire.booter.ForkedBooter.runSuitesInProcess(ForkedBooter.java:115)
	at org.apache.maven.surefire.booter.ForkedBooter.main(ForkedBooter.java:75)

</system-err>
  </testcase>
  <testcase time="0" classname="Scenario: Scroll web page" name="Scenario: Scroll web page">
    <error message="The FirefoxDriver cannot be used after quit() was called.
Build info: version: &apos;2.45.0&apos;, revision: &apos;5017cb8e7ca8e37638dc3091b2440b90a1d8686f&apos;, time: &apos;2015-02-27 09:10:26&apos;
System info: host: &apos;VI-D057&apos;, ip: &apos;10.10.9.106&apos;, os.name: &apos;Windows 7&apos;, os.arch: &apos;amd64&apos;, os.version: &apos;6.1&apos;, java.version: &apos;1.7.0_51&apos;
Driver info: driver.version: RemoteWebDriver" type="org.openqa.selenium.remote.SessionNotFoundException">org.openqa.selenium.remote.SessionNotFoundException: The FirefoxDriver cannot be used after quit() was called.
Build info: version: &apos;2.45.0&apos;, revision: &apos;5017cb8e7ca8e37638dc3091b2440b90a1d8686f&apos;, time: &apos;2015-02-27 09:10:26&apos;
System info: host: &apos;VI-D057&apos;, ip: &apos;10.10.9.106&apos;, os.name: &apos;Windows 7&apos;, os.arch: &apos;amd64&apos;, os.version: &apos;6.1&apos;, java.version: &apos;1.7.0_51&apos;
Driver info: driver.version: RemoteWebDriver
	at org.openqa.selenium.firefox.FirefoxDriver$LazyCommandExecutor.execute(FirefoxDriver.java:359)
	at org.openqa.selenium.remote.RemoteWebDriver.execute(RemoteWebDriver.java:572)
	at org.openqa.selenium.remote.RemoteWebDriver.findElement(RemoteWebDriver.java:352)
	at org.openqa.selenium.remote.RemoteWebDriver.findElementById(RemoteWebDriver.java:393)
	at org.openqa.selenium.By$ById.findElement(By.java:214)
	at org.openqa.selenium.remote.RemoteWebDriver.findElement(RemoteWebDriver.java:344)
	at org.openqa.selenium.support.ui.ExpectedConditions.findElement(ExpectedConditions.java:730)
	at org.openqa.selenium.support.ui.ExpectedConditions.access$000(ExpectedConditions.java:39)
	at org.openqa.selenium.support.ui.ExpectedConditions$3.apply(ExpectedConditions.java:106)
	at org.openqa.selenium.support.ui.ExpectedConditions$3.apply(ExpectedConditions.java:103)
	at org.openqa.selenium.support.ui.FluentWait.until(FluentWait.java:208)
	at methods.NavigateMethods.scrollToElement(NavigateMethods.java:124)
	at stepDefintions.PredefinedStepDefinitions.scroll_to_element(PredefinedStepDefinitions.java:159)
	at ✽.Then I scroll to element having id &quot;demo&quot;(features/navigationSteps.feature:36)
</error>
  </testcase>
  <testcase time="0" classname="Scenario: Scroll web page" name="Then I scroll to top of page">
    <skipped/>
  </testcase>
  <testcase time="0" classname="Scenario: Scroll web page" name="Then I scroll to end of page">
    <skipped/>
  </testcase>
  <testcase time="0" classname="Scenario: Hover over elelment" name="Then I hover over element having id &quot;hover_it&quot;">
    <error message="The FirefoxDriver cannot be used after quit() was called.
Build info: version: &apos;2.45.0&apos;, revision: &apos;5017cb8e7ca8e37638dc3091b2440b90a1d8686f&apos;, time: &apos;2015-02-27 09:10:26&apos;
System info: host: &apos;VI-D057&apos;, ip: &apos;10.10.9.106&apos;, os.name: &apos;Windows 7&apos;, os.arch: &apos;amd64&apos;, os.version: &apos;6.1&apos;, java.version: &apos;1.7.0_51&apos;
Driver info: driver.version: RemoteWebDriver" type="org.openqa.selenium.remote.SessionNotFoundException">org.openqa.selenium.remote.SessionNotFoundException: The FirefoxDriver cannot be used after quit() was called.
Build info: version: &apos;2.45.0&apos;, revision: &apos;5017cb8e7ca8e37638dc3091b2440b90a1d8686f&apos;, time: &apos;2015-02-27 09:10:26&apos;
System info: host: &apos;VI-D057&apos;, ip: &apos;10.10.9.106&apos;, os.name: &apos;Windows 7&apos;, os.arch: &apos;amd64&apos;, os.version: &apos;6.1&apos;, java.version: &apos;1.7.0_51&apos;
Driver info: driver.version: RemoteWebDriver
	at org.openqa.selenium.firefox.FirefoxDriver$LazyCommandExecutor.execute(FirefoxDriver.java:359)
	at org.openqa.selenium.remote.RemoteWebDriver.execute(RemoteWebDriver.java:572)
	at org.openqa.selenium.remote.RemoteWebDriver.findElement(RemoteWebDriver.java:352)
	at org.openqa.selenium.remote.RemoteWebDriver.findElementById(RemoteWebDriver.java:393)
	at org.openqa.selenium.By$ById.findElement(By.java:214)
	at org.openqa.selenium.remote.RemoteWebDriver.findElement(RemoteWebDriver.java:344)
	at org.openqa.selenium.support.ui.ExpectedConditions.findElement(ExpectedConditions.java:730)
	at org.openqa.selenium.support.ui.ExpectedConditions.access$000(ExpectedConditions.java:39)
	at org.openqa.selenium.support.ui.ExpectedConditions$3.apply(ExpectedConditions.java:106)
	at org.openqa.selenium.support.ui.ExpectedConditions$3.apply(ExpectedConditions.java:103)
	at org.openqa.selenium.support.ui.FluentWait.until(FluentWait.java:208)
	at methods.NavigateMethods.hoverOverElement(NavigateMethods.java:114)
	at stepDefintions.PredefinedStepDefinitions.hover_over_element(PredefinedStepDefinitions.java:169)
	at ✽.Then I hover over element having id &quot;hover_it&quot;(features/navigationSteps.feature:41)
</error>
    <system-out>
  Scenario: Scroll web page                   &amp;#27;[90m# features/navigationSteps.feature:35&amp;#27;[0m
    &amp;#27;[31mThen &amp;#27;[0m&amp;#27;[31mI scroll to element having &amp;#27;[0m&amp;#27;[31m&amp;#27;[1mid&amp;#27;[0m&amp;#27;[31m &quot;&amp;#27;[0m&amp;#27;[31m&amp;#27;[1mdemo&amp;#27;[0m&amp;#27;[31m&quot;&amp;#27;[0m &amp;#27;[90m# PredefinedStepDefinitions.scroll_to_element(String,String)&amp;#27;[0m
      &amp;#27;[31morg.openqa.selenium.remote.SessionNotFoundException: The FirefoxDriver cannot be used after quit() was called.
      Build info: version: &apos;2.45.0&apos;, revision: &apos;5017cb8e7ca8e37638dc3091b2440b90a1d8686f&apos;, time: &apos;2015-02-27 09:10:26&apos;
      System info: host: &apos;VI-D057&apos;, ip: &apos;10.10.9.106&apos;, os.name: &apos;Windows 7&apos;, os.arch: &apos;amd64&apos;, os.version: &apos;6.1&apos;, java.version: &apos;1.7.0_51&apos;
      Driver info: driver.version: RemoteWebDriver
      	at org.openqa.selenium.firefox.FirefoxDriver$LazyCommandExecutor.execute(FirefoxDriver.java:359)
      	at org.openqa.selenium.remote.RemoteWebDriver.execute(RemoteWebDriver.java:572)
      	at org.openqa.selenium.remote.RemoteWebDriver.findElement(RemoteWebDriver.java:352)
      	at org.openqa.selenium.remote.RemoteWebDriver.findElementById(RemoteWebDriver.java:393)
      	at org.openqa.selenium.By$ById.findElement(By.java:214)
      	at org.openqa.selenium.remote.RemoteWebDriver.findElement(RemoteWebDriver.java:344)
      	at org.openqa.selenium.support.ui.ExpectedConditions.findElement(ExpectedConditions.java:730)
      	at org.openqa.selenium.support.ui.ExpectedConditions.access$000(ExpectedConditions.java:39)
      	at org.openqa.selenium.support.ui.ExpectedConditions$3.apply(ExpectedConditions.java:106)
      	at org.openqa.selenium.support.ui.ExpectedConditions$3.apply(ExpectedConditions.java:103)
      	at org.openqa.selenium.support.ui.FluentWait.until(FluentWait.java:208)
      	at methods.NavigateMethods.scrollToElement(NavigateMethods.java:124)
      	at stepDefintions.PredefinedStepDefinitions.scroll_to_element(PredefinedStepDefinitions.java:159)
      	at ?.Then I scroll to element having id &quot;demo&quot;(features/navigationSteps.feature:36)
      &amp;#27;[0m
    &amp;#27;[36mThen &amp;#27;[0m&amp;#27;[36mI scroll to &amp;#27;[0m&amp;#27;[36m&amp;#27;[1mtop&amp;#27;[0m&amp;#27;[36m of page&amp;#27;[0m              &amp;#27;[90m# PredefinedStepDefinitions.scroll_page(String)&amp;#27;[0m
    &amp;#27;[36mThen &amp;#27;[0m&amp;#27;[36mI scroll to &amp;#27;[0m&amp;#27;[36m&amp;#27;[1mend&amp;#27;[0m&amp;#27;[36m of page&amp;#27;[0m              &amp;#27;[90m# PredefinedStepDefinitions.scroll_page(String)&amp;#27;[0m
</system-out>
    <system-err>Apr 25, 2015 5:46:41 PM org.openqa.selenium.support.ui.ExpectedConditions findElement
WARNING: WebDriverException thrown by findElement(By.id: hover_it)
org.openqa.selenium.remote.SessionNotFoundException: The FirefoxDriver cannot be used after quit() was called.
Build info: version: &apos;2.45.0&apos;, revision: &apos;5017cb8e7ca8e37638dc3091b2440b90a1d8686f&apos;, time: &apos;2015-02-27 09:10:26&apos;
System info: host: &apos;VI-D057&apos;, ip: &apos;10.10.9.106&apos;, os.name: &apos;Windows 7&apos;, os.arch: &apos;amd64&apos;, os.version: &apos;6.1&apos;, java.version: &apos;1.7.0_51&apos;
Driver info: driver.version: RemoteWebDriver
	at org.openqa.selenium.firefox.FirefoxDriver$LazyCommandExecutor.execute(FirefoxDriver.java:359)
	at org.openqa.selenium.remote.RemoteWebDriver.execute(RemoteWebDriver.java:572)
	at org.openqa.selenium.remote.RemoteWebDriver.findElement(RemoteWebDriver.java:352)
	at org.openqa.selenium.remote.RemoteWebDriver.findElementById(RemoteWebDriver.java:393)
	at org.openqa.selenium.By$ById.findElement(By.java:214)
	at org.openqa.selenium.remote.RemoteWebDriver.findElement(RemoteWebDriver.java:344)
	at org.openqa.selenium.support.ui.ExpectedConditions.findElement(ExpectedConditions.java:730)
	at org.openqa.selenium.support.ui.ExpectedConditions.access$000(ExpectedConditions.java:39)
	at org.openqa.selenium.support.ui.ExpectedConditions$3.apply(ExpectedConditions.java:106)
	at org.openqa.selenium.support.ui.ExpectedConditions$3.apply(ExpectedConditions.java:103)
	at org.openqa.selenium.support.ui.FluentWait.until(FluentWait.java:208)
	at methods.NavigateMethods.hoverOverElement(NavigateMethods.java:114)
	at stepDefintions.PredefinedStepDefinitions.hover_over_element(PredefinedStepDefinitions.java:169)
	at sun.reflect.NativeMethodAccessorImpl.invoke0(Native Method)
	at sun.reflect.NativeMethodAccessorImpl.invoke(NativeMethodAccessorImpl.java:57)
	at sun.reflect.DelegatingMethodAccessorImpl.invoke(DelegatingMethodAccessorImpl.java:43)
	at java.lang.reflect.Method.invoke(Method.java:606)
	at cucumber.runtime.Utils$1.call(Utils.java:37)
	at cucumber.runtime.Timeout.timeout(Timeout.java:13)
	at cucumber.runtime.Utils.invoke(Utils.java:31)
	at cucumber.runtime.java.JavaStepDefinition.execute(JavaStepDefinition.java:37)
	at cucumber.runtime.StepDefinitionMatch.runStep(StepDefinitionMatch.java:37)
	at cucumber.runtime.Runtime.runStep(Runtime.java:298)
	at cucumber.runtime.model.StepContainer.runStep(StepContainer.java:44)
	at cucumber.runtime.model.StepContainer.runSteps(StepContainer.java:39)
	at cucumber.runtime.model.CucumberScenario.run(CucumberScenario.java:48)
	at cucumber.runtime.junit.ExecutionUnitRunner.run(ExecutionUnitRunner.java:91)
	at cucumber.runtime.junit.FeatureRunner.runChild(FeatureRunner.java:63)
	at cucumber.runtime.junit.FeatureRunner.runChild(FeatureRunner.java:18)
	at org.junit.runners.ParentRunner$3.run(ParentRunner.java:238)
	at org.junit.runners.ParentRunner$1.schedule(ParentRunner.java:63)
	at org.junit.runners.ParentRunner.runChildren(ParentRunner.java:236)
	at org.junit.runners.ParentRunner.access$000(ParentRunner.java:53)
	at org.junit.runners.ParentRunner$2.evaluate(ParentRunner.java:229)
	at org.junit.runners.ParentRunner.run(ParentRunner.java:309)
	at cucumber.runtime.junit.FeatureRunner.run(FeatureRunner.java:70)
	at cucumber.api.junit.Cucumber.runChild(Cucumber.java:93)
	at cucumber.api.junit.Cucumber.runChild(Cucumber.java:37)
	at org.junit.runners.ParentRunner$3.run(ParentRunner.java:238)
	at org.junit.runners.ParentRunner$1.schedule(ParentRunner.java:63)
	at org.junit.runners.ParentRunner.runChildren(ParentRunner.java:236)
	at org.junit.runners.ParentRunner.access$000(ParentRunner.java:53)
	at org.junit.runners.ParentRunner$2.evaluate(ParentRunner.java:229)
	at org.junit.runners.ParentRunner.run(ParentRunner.java:309)
	at cucumber.api.junit.Cucumber.run(Cucumber.java:98)
	at org.apache.maven.surefire.junit4.JUnit4Provider.execute(JUnit4Provider.java:252)
	at org.apache.maven.surefire.junit4.JUnit4Provider.executeTestSet(JUnit4Provider.java:141)
	at org.apache.maven.surefire.junit4.JUnit4Provider.invoke(JUnit4Provider.java:112)
	at sun.reflect.NativeMethodAccessorImpl.invoke0(Native Method)
	at sun.reflect.NativeMethodAccessorImpl.invoke(NativeMethodAccessorImpl.java:57)
	at sun.reflect.DelegatingMethodAccessorImpl.invoke(DelegatingMethodAccessorImpl.java:43)
	at java.lang.reflect.Method.invoke(Method.java:606)
	at org.apache.maven.surefire.util.ReflectionUtils.invokeMethodWithArray(ReflectionUtils.java:189)
	at org.apache.maven.surefire.booter.ProviderFactory$ProviderProxy.invoke(ProviderFactory.java:165)
	at org.apache.maven.surefire.booter.ProviderFactory.invokeProvider(ProviderFactory.java:85)
	at org.apache.maven.surefire.booter.ForkedBooter.runSuitesInProcess(ForkedBooter.java:115)
	at org.apache.maven.surefire.booter.ForkedBooter.main(ForkedBooter.java:75)

</system-err>
  </testcase>
  <testcase time="0.001" classname="Scenario: Hover over elelment" name="Scenario: Hover over elelment">
    <error message="The FirefoxDriver cannot be used after quit() was called.
Build info: version: &apos;2.45.0&apos;, revision: &apos;5017cb8e7ca8e37638dc3091b2440b90a1d8686f&apos;, time: &apos;2015-02-27 09:10:26&apos;
System info: host: &apos;VI-D057&apos;, ip: &apos;10.10.9.106&apos;, os.name: &apos;Windows 7&apos;, os.arch: &apos;amd64&apos;, os.version: &apos;6.1&apos;, java.version: &apos;1.7.0_51&apos;
Driver info: driver.version: RemoteWebDriver" type="org.openqa.selenium.remote.SessionNotFoundException">org.openqa.selenium.remote.SessionNotFoundException: The FirefoxDriver cannot be used after quit() was called.
Build info: version: &apos;2.45.0&apos;, revision: &apos;5017cb8e7ca8e37638dc3091b2440b90a1d8686f&apos;, time: &apos;2015-02-27 09:10:26&apos;
System info: host: &apos;VI-D057&apos;, ip: &apos;10.10.9.106&apos;, os.name: &apos;Windows 7&apos;, os.arch: &apos;amd64&apos;, os.version: &apos;6.1&apos;, java.version: &apos;1.7.0_51&apos;
Driver info: driver.version: RemoteWebDriver
	at org.openqa.selenium.firefox.FirefoxDriver$LazyCommandExecutor.execute(FirefoxDriver.java:359)
	at org.openqa.selenium.remote.RemoteWebDriver.execute(RemoteWebDriver.java:572)
	at org.openqa.selenium.remote.RemoteWebDriver.findElement(RemoteWebDriver.java:352)
	at org.openqa.selenium.remote.RemoteWebDriver.findElementById(RemoteWebDriver.java:393)
	at org.openqa.selenium.By$ById.findElement(By.java:214)
	at org.openqa.selenium.remote.RemoteWebDriver.findElement(RemoteWebDriver.java:344)
	at org.openqa.selenium.support.ui.ExpectedConditions.findElement(ExpectedConditions.java:730)
	at org.openqa.selenium.support.ui.ExpectedConditions.access$000(ExpectedConditions.java:39)
	at org.openqa.selenium.support.ui.ExpectedConditions$3.apply(ExpectedConditions.java:106)
	at org.openqa.selenium.support.ui.ExpectedConditions$3.apply(ExpectedConditions.java:103)
	at org.openqa.selenium.support.ui.FluentWait.until(FluentWait.java:208)
	at methods.NavigateMethods.hoverOverElement(NavigateMethods.java:114)
	at stepDefintions.PredefinedStepDefinitions.hover_over_element(PredefinedStepDefinitions.java:169)
	at ✽.Then I hover over element having id &quot;hover_it&quot;(features/navigationSteps.feature:41)
</error>
  </testcase>
  <testcase time="0.001" classname="Scenario: Hover over elelment" name="Then element having id &quot;mouse_hover_demo&quot; should have text as &quot;Mouse hovered&quot;">
    <skipped/>
  </testcase>
  <testcase time="0" classname="Scenario: Interacting with browser" name="Then I resize browser window size to width 400 and height 400">
    <error message="The FirefoxDriver cannot be used after quit() was called.
Build info: version: &apos;2.45.0&apos;, revision: &apos;5017cb8e7ca8e37638dc3091b2440b90a1d8686f&apos;, time: &apos;2015-02-27 09:10:26&apos;
System info: host: &apos;VI-D057&apos;, ip: &apos;10.10.9.106&apos;, os.name: &apos;Windows 7&apos;, os.arch: &apos;amd64&apos;, os.version: &apos;6.1&apos;, java.version: &apos;1.7.0_51&apos;
Driver info: driver.version: RemoteWebDriver" type="org.openqa.selenium.remote.SessionNotFoundException">org.openqa.selenium.remote.SessionNotFoundException: The FirefoxDriver cannot be used after quit() was called.
Build info: version: &apos;2.45.0&apos;, revision: &apos;5017cb8e7ca8e37638dc3091b2440b90a1d8686f&apos;, time: &apos;2015-02-27 09:10:26&apos;
System info: host: &apos;VI-D057&apos;, ip: &apos;10.10.9.106&apos;, os.name: &apos;Windows 7&apos;, os.arch: &apos;amd64&apos;, os.version: &apos;6.1&apos;, java.version: &apos;1.7.0_51&apos;
Driver info: driver.version: RemoteWebDriver
	at org.openqa.selenium.firefox.FirefoxDriver$LazyCommandExecutor.execute(FirefoxDriver.java:359)
	at org.openqa.selenium.remote.RemoteWebDriver.execute(RemoteWebDriver.java:572)
	at org.openqa.selenium.remote.RemoteWebDriver$RemoteWebDriverOptions$RemoteWindow.setSize(RemoteWebDriver.java:801)
	at methods.NavigateMethods.resizeBrowser(NavigateMethods.java:98)
	at stepDefintions.PredefinedStepDefinitions.resize_browser(PredefinedStepDefinitions.java:93)
	at ✽.Then I resize browser window size to width 400 and height 400(features/navigationSteps.feature:45)
</error>
    <system-out>
  Scenario: Hover over elelment                                                   &amp;#27;[90m# features/navigationSteps.feature:40&amp;#27;[0m
    &amp;#27;[31mThen &amp;#27;[0m&amp;#27;[31mI hover over element having &amp;#27;[0m&amp;#27;[31m&amp;#27;[1mid&amp;#27;[0m&amp;#27;[31m &quot;&amp;#27;[0m&amp;#27;[31m&amp;#27;[1mhover_it&amp;#27;[0m&amp;#27;[31m&quot;&amp;#27;[0m                                &amp;#27;[90m# PredefinedStepDefinitions.hover_over_element(String,String)&amp;#27;[0m
      &amp;#27;[31morg.openqa.selenium.remote.SessionNotFoundException: The FirefoxDriver cannot be used after quit() was called.
      Build info: version: &apos;2.45.0&apos;, revision: &apos;5017cb8e7ca8e37638dc3091b2440b90a1d8686f&apos;, time: &apos;2015-02-27 09:10:26&apos;
      System info: host: &apos;VI-D057&apos;, ip: &apos;10.10.9.106&apos;, os.name: &apos;Windows 7&apos;, os.arch: &apos;amd64&apos;, os.version: &apos;6.1&apos;, java.version: &apos;1.7.0_51&apos;
      Driver info: driver.version: RemoteWebDriver
      	at org.openqa.selenium.firefox.FirefoxDriver$LazyCommandExecutor.execute(FirefoxDriver.java:359)
      	at org.openqa.selenium.remote.RemoteWebDriver.execute(RemoteWebDriver.java:572)
      	at org.openqa.selenium.remote.RemoteWebDriver.findElement(RemoteWebDriver.java:352)
      	at org.openqa.selenium.remote.RemoteWebDriver.findElementById(RemoteWebDriver.java:393)
      	at org.openqa.selenium.By$ById.findElement(By.java:214)
      	at org.openqa.selenium.remote.RemoteWebDriver.findElement(RemoteWebDriver.java:344)
      	at org.openqa.selenium.support.ui.ExpectedConditions.findElement(ExpectedConditions.java:730)
      	at org.openqa.selenium.support.ui.ExpectedConditions.access$000(ExpectedConditions.java:39)
      	at org.openqa.selenium.support.ui.ExpectedConditions$3.apply(ExpectedConditions.java:106)
      	at org.openqa.selenium.support.ui.ExpectedConditions$3.apply(ExpectedConditions.java:103)
      	at org.openqa.selenium.support.ui.FluentWait.until(FluentWait.java:208)
      	at methods.NavigateMethods.hoverOverElement(NavigateMethods.java:114)
      	at stepDefintions.PredefinedStepDefinitions.hover_over_element(PredefinedStepDefinitions.java:169)
      	at ?.Then I hover over element having id &quot;hover_it&quot;(features/navigationSteps.feature:41)
      &amp;#27;[0m
    &amp;#27;[36mThen &amp;#27;[0m&amp;#27;[36melement having &amp;#27;[0m&amp;#27;[36m&amp;#27;[1mid&amp;#27;[0m&amp;#27;[36m &quot;&amp;#27;[0m&amp;#27;[36m&amp;#27;[1mmouse_hover_demo&amp;#27;[0m&amp;#27;[36m&quot; should&amp;#27;[0m&amp;#27;[36m&amp;#27;[1m&amp;#27;[0m&amp;#27;[36m have text as &quot;&amp;#27;[0m&amp;#27;[36m&amp;#27;[1mMouse hovered&amp;#27;[0m&amp;#27;[36m&quot;&amp;#27;[0m &amp;#27;[90m# PredefinedStepDefinitions.check_element_text(String,String,String,String)&amp;#27;[0m
</system-out>
  </testcase>
  <testcase time="0.001" classname="Scenario: Interacting with browser" name="Scenario: Interacting with browser">
    <error message="The FirefoxDriver cannot be used after quit() was called.
Build info: version: &apos;2.45.0&apos;, revision: &apos;5017cb8e7ca8e37638dc3091b2440b90a1d8686f&apos;, time: &apos;2015-02-27 09:10:26&apos;
System info: host: &apos;VI-D057&apos;, ip: &apos;10.10.9.106&apos;, os.name: &apos;Windows 7&apos;, os.arch: &apos;amd64&apos;, os.version: &apos;6.1&apos;, java.version: &apos;1.7.0_51&apos;
Driver info: driver.version: RemoteWebDriver" type="org.openqa.selenium.remote.SessionNotFoundException">org.openqa.selenium.remote.SessionNotFoundException: The FirefoxDriver cannot be used after quit() was called.
Build info: version: &apos;2.45.0&apos;, revision: &apos;5017cb8e7ca8e37638dc3091b2440b90a1d8686f&apos;, time: &apos;2015-02-27 09:10:26&apos;
System info: host: &apos;VI-D057&apos;, ip: &apos;10.10.9.106&apos;, os.name: &apos;Windows 7&apos;, os.arch: &apos;amd64&apos;, os.version: &apos;6.1&apos;, java.version: &apos;1.7.0_51&apos;
Driver info: driver.version: RemoteWebDriver
	at org.openqa.selenium.firefox.FirefoxDriver$LazyCommandExecutor.execute(FirefoxDriver.java:359)
	at org.openqa.selenium.remote.RemoteWebDriver.execute(RemoteWebDriver.java:572)
	at org.openqa.selenium.remote.RemoteWebDriver$RemoteWebDriverOptions$RemoteWindow.setSize(RemoteWebDriver.java:801)
	at methods.NavigateMethods.resizeBrowser(NavigateMethods.java:98)
	at stepDefintions.PredefinedStepDefinitions.resize_browser(PredefinedStepDefinitions.java:93)
	at ✽.Then I resize browser window size to width 400 and height 400(features/navigationSteps.feature:45)
</error>
  </testcase>
  <testcase time="0.001" classname="Scenario: Interacting with browser" name="Then I maximize browser window">
    <skipped/>
  </testcase>
  <testcase time="0" classname="Scenario: Switching to new window by handle" name="Then I click on link having text &quot;selenium-cucumber website&quot;">
    <error message="The FirefoxDriver cannot be used after quit() was called.
Build info: version: &apos;2.45.0&apos;, revision: &apos;5017cb8e7ca8e37638dc3091b2440b90a1d8686f&apos;, time: &apos;2015-02-27 09:10:26&apos;
System info: host: &apos;VI-D057&apos;, ip: &apos;10.10.9.106&apos;, os.name: &apos;Windows 7&apos;, os.arch: &apos;amd64&apos;, os.version: &apos;6.1&apos;, java.version: &apos;1.7.0_51&apos;
Driver info: driver.version: RemoteWebDriver" type="org.openqa.selenium.remote.SessionNotFoundException">org.openqa.selenium.remote.SessionNotFoundException: The FirefoxDriver cannot be used after quit() was called.
Build info: version: &apos;2.45.0&apos;, revision: &apos;5017cb8e7ca8e37638dc3091b2440b90a1d8686f&apos;, time: &apos;2015-02-27 09:10:26&apos;
System info: host: &apos;VI-D057&apos;, ip: &apos;10.10.9.106&apos;, os.name: &apos;Windows 7&apos;, os.arch: &apos;amd64&apos;, os.version: &apos;6.1&apos;, java.version: &apos;1.7.0_51&apos;
Driver info: driver.version: RemoteWebDriver
	at org.openqa.selenium.firefox.FirefoxDriver$LazyCommandExecutor.execute(FirefoxDriver.java:359)
	at org.openqa.selenium.remote.RemoteWebDriver.execute(RemoteWebDriver.java:572)
	at org.openqa.selenium.remote.RemoteWebDriver.findElement(RemoteWebDriver.java:352)
	at org.openqa.selenium.remote.RemoteWebDriver.findElementByLinkText(RemoteWebDriver.java:401)
	at org.openqa.selenium.By$ByLinkText.findElement(By.java:242)
	at org.openqa.selenium.remote.RemoteWebDriver.findElement(RemoteWebDriver.java:344)
	at org.openqa.selenium.support.ui.ExpectedConditions.findElement(ExpectedConditions.java:730)
	at org.openqa.selenium.support.ui.ExpectedConditions.access$000(ExpectedConditions.java:39)
	at org.openqa.selenium.support.ui.ExpectedConditions$3.apply(ExpectedConditions.java:106)
	at org.openqa.selenium.support.ui.ExpectedConditions$3.apply(ExpectedConditions.java:103)
	at org.openqa.selenium.support.ui.FluentWait.until(FluentWait.java:208)
	at methods.ClickElementsMethods.click(ClickElementsMethods.java:21)
	at stepDefintions.PredefinedStepDefinitions.click_link(PredefinedStepDefinitions.java:452)
	at ✽.Then I click on link having text &quot;selenium-cucumber website&quot;(features/navigationSteps.feature:49)
</error>
    <system-out>
  Scenario: Interacting with browser                              &amp;#27;[90m# features/navigationSteps.feature:44&amp;#27;[0m
    &amp;#27;[31mThen &amp;#27;[0m&amp;#27;[31mI resize browser window size to width &amp;#27;[0m&amp;#27;[31m&amp;#27;[1m400&amp;#27;[0m&amp;#27;[31m and height &amp;#27;[0m&amp;#27;[31m&amp;#27;[1m400&amp;#27;[0m &amp;#27;[90m# PredefinedStepDefinitions.resize_browser(int,int)&amp;#27;[0m
      &amp;#27;[31morg.openqa.selenium.remote.SessionNotFoundException: The FirefoxDriver cannot be used after quit() was called.
      Build info: version: &apos;2.45.0&apos;, revision: &apos;5017cb8e7ca8e37638dc3091b2440b90a1d8686f&apos;, time: &apos;2015-02-27 09:10:26&apos;
      System info: host: &apos;VI-D057&apos;, ip: &apos;10.10.9.106&apos;, os.name: &apos;Windows 7&apos;, os.arch: &apos;amd64&apos;, os.version: &apos;6.1&apos;, java.version: &apos;1.7.0_51&apos;
      Driver info: driver.version: RemoteWebDriver
      	at org.openqa.selenium.firefox.FirefoxDriver$LazyCommandExecutor.execute(FirefoxDriver.java:359)
      	at org.openqa.selenium.remote.RemoteWebDriver.execute(RemoteWebDriver.java:572)
      	at org.openqa.selenium.remote.RemoteWebDriver$RemoteWebDriverOptions$RemoteWindow.setSize(RemoteWebDriver.java:801)
      	at methods.NavigateMethods.resizeBrowser(NavigateMethods.java:98)
      	at stepDefintions.PredefinedStepDefinitions.resize_browser(PredefinedStepDefinitions.java:93)
      	at ?.Then I resize browser window size to width 400 and height 400(features/navigationSteps.feature:45)
      &amp;#27;[0m
    &amp;#27;[36mThen &amp;#27;[0m&amp;#27;[36mI maximize browser window&amp;#27;[0m                                &amp;#27;[90m# PredefinedStepDefinitions.maximize_browser()&amp;#27;[0m
</system-out>
    <system-err>Apr 25, 2015 5:46:41 PM org.openqa.selenium.support.ui.ExpectedConditions findElement
WARNING: WebDriverException thrown by findElement(By.linkText: selenium-cucumber website)
org.openqa.selenium.remote.SessionNotFoundException: The FirefoxDriver cannot be used after quit() was called.
Build info: version: &apos;2.45.0&apos;, revision: &apos;5017cb8e7ca8e37638dc3091b2440b90a1d8686f&apos;, time: &apos;2015-02-27 09:10:26&apos;
System info: host: &apos;VI-D057&apos;, ip: &apos;10.10.9.106&apos;, os.name: &apos;Windows 7&apos;, os.arch: &apos;amd64&apos;, os.version: &apos;6.1&apos;, java.version: &apos;1.7.0_51&apos;
Driver info: driver.version: RemoteWebDriver
	at org.openqa.selenium.firefox.FirefoxDriver$LazyCommandExecutor.execute(FirefoxDriver.java:359)
	at org.openqa.selenium.remote.RemoteWebDriver.execute(RemoteWebDriver.java:572)
	at org.openqa.selenium.remote.RemoteWebDriver.findElement(RemoteWebDriver.java:352)
	at org.openqa.selenium.remote.RemoteWebDriver.findElementByLinkText(RemoteWebDriver.java:401)
	at org.openqa.selenium.By$ByLinkText.findElement(By.java:242)
	at org.openqa.selenium.remote.RemoteWebDriver.findElement(RemoteWebDriver.java:344)
	at org.openqa.selenium.support.ui.ExpectedConditions.findElement(ExpectedConditions.java:730)
	at org.openqa.selenium.support.ui.ExpectedConditions.access$000(ExpectedConditions.java:39)
	at org.openqa.selenium.support.ui.ExpectedConditions$3.apply(ExpectedConditions.java:106)
	at org.openqa.selenium.support.ui.ExpectedConditions$3.apply(ExpectedConditions.java:103)
	at org.openqa.selenium.support.ui.FluentWait.until(FluentWait.java:208)
	at methods.ClickElementsMethods.click(ClickElementsMethods.java:21)
	at stepDefintions.PredefinedStepDefinitions.click_link(PredefinedStepDefinitions.java:452)
	at sun.reflect.NativeMethodAccessorImpl.invoke0(Native Method)
	at sun.reflect.NativeMethodAccessorImpl.invoke(NativeMethodAccessorImpl.java:57)
	at sun.reflect.DelegatingMethodAccessorImpl.invoke(DelegatingMethodAccessorImpl.java:43)
	at java.lang.reflect.Method.invoke(Method.java:606)
	at cucumber.runtime.Utils$1.call(Utils.java:37)
	at cucumber.runtime.Timeout.timeout(Timeout.java:13)
	at cucumber.runtime.Utils.invoke(Utils.java:31)
	at cucumber.runtime.java.JavaStepDefinition.execute(JavaStepDefinition.java:37)
	at cucumber.runtime.StepDefinitionMatch.runStep(StepDefinitionMatch.java:37)
	at cucumber.runtime.Runtime.runStep(Runtime.java:298)
	at cucumber.runtime.model.StepContainer.runStep(StepContainer.java:44)
	at cucumber.runtime.model.StepContainer.runSteps(StepContainer.java:39)
	at cucumber.runtime.model.CucumberScenario.run(CucumberScenario.java:48)
	at cucumber.runtime.junit.ExecutionUnitRunner.run(ExecutionUnitRunner.java:91)
	at cucumber.runtime.junit.FeatureRunner.runChild(FeatureRunner.java:63)
	at cucumber.runtime.junit.FeatureRunner.runChild(FeatureRunner.java:18)
	at org.junit.runners.ParentRunner$3.run(ParentRunner.java:238)
	at org.junit.runners.ParentRunner$1.schedule(ParentRunner.java:63)
	at org.junit.runners.ParentRunner.runChildren(ParentRunner.java:236)
	at org.junit.runners.ParentRunner.access$000(ParentRunner.java:53)
	at org.junit.runners.ParentRunner$2.evaluate(ParentRunner.java:229)
	at org.junit.runners.ParentRunner.run(ParentRunner.java:309)
	at cucumber.runtime.junit.FeatureRunner.run(FeatureRunner.java:70)
	at cucumber.api.junit.Cucumber.runChild(Cucumber.java:93)
	at cucumber.api.junit.Cucumber.runChild(Cucumber.java:37)
	at org.junit.runners.ParentRunner$3.run(ParentRunner.java:238)
	at org.junit.runners.ParentRunner$1.schedule(ParentRunner.java:63)
	at org.junit.runners.ParentRunner.runChildren(ParentRunner.java:236)
	at org.junit.runners.ParentRunner.access$000(ParentRunner.java:53)
	at org.junit.runners.ParentRunner$2.evaluate(ParentRunner.java:229)
	at org.junit.runners.ParentRunner.run(ParentRunner.java:309)
	at cucumber.api.junit.Cucumber.run(Cucumber.java:98)
	at org.apache.maven.surefire.junit4.JUnit4Provider.execute(JUnit4Provider.java:252)
	at org.apache.maven.surefire.junit4.JUnit4Provider.executeTestSet(JUnit4Provider.java:141)
	at org.apache.maven.surefire.junit4.JUnit4Provider.invoke(JUnit4Provider.java:112)
	at sun.reflect.NativeMethodAccessorImpl.invoke0(Native Method)
	at sun.reflect.NativeMethodAccessorImpl.invoke(NativeMethodAccessorImpl.java:57)
	at sun.reflect.DelegatingMethodAccessorImpl.invoke(DelegatingMethodAccessorImpl.java:43)
	at java.lang.reflect.Method.invoke(Method.java:606)
	at org.apache.maven.surefire.util.ReflectionUtils.invokeMethodWithArray(ReflectionUtils.java:189)
	at org.apache.maven.surefire.booter.ProviderFactory$ProviderProxy.invoke(ProviderFactory.java:165)
	at org.apache.maven.surefire.booter.ProviderFactory.invokeProvider(ProviderFactory.java:85)
	at org.apache.maven.surefire.booter.ForkedBooter.runSuitesInProcess(ForkedBooter.java:115)
	at org.apache.maven.surefire.booter.ForkedBooter.main(ForkedBooter.java:75)

</system-err>
  </testcase>
  <testcase time="0" classname="Scenario: Switching to new window by handle" name="Scenario: Switching to new window by handle">
    <error message="The FirefoxDriver cannot be used after quit() was called.
Build info: version: &apos;2.45.0&apos;, revision: &apos;5017cb8e7ca8e37638dc3091b2440b90a1d8686f&apos;, time: &apos;2015-02-27 09:10:26&apos;
System info: host: &apos;VI-D057&apos;, ip: &apos;10.10.9.106&apos;, os.name: &apos;Windows 7&apos;, os.arch: &apos;amd64&apos;, os.version: &apos;6.1&apos;, java.version: &apos;1.7.0_51&apos;
Driver info: driver.version: RemoteWebDriver" type="org.openqa.selenium.remote.SessionNotFoundException">org.openqa.selenium.remote.SessionNotFoundException: The FirefoxDriver cannot be used after quit() was called.
Build info: version: &apos;2.45.0&apos;, revision: &apos;5017cb8e7ca8e37638dc3091b2440b90a1d8686f&apos;, time: &apos;2015-02-27 09:10:26&apos;
System info: host: &apos;VI-D057&apos;, ip: &apos;10.10.9.106&apos;, os.name: &apos;Windows 7&apos;, os.arch: &apos;amd64&apos;, os.version: &apos;6.1&apos;, java.version: &apos;1.7.0_51&apos;
Driver info: driver.version: RemoteWebDriver
	at org.openqa.selenium.firefox.FirefoxDriver$LazyCommandExecutor.execute(FirefoxDriver.java:359)
	at org.openqa.selenium.remote.RemoteWebDriver.execute(RemoteWebDriver.java:572)
	at org.openqa.selenium.remote.RemoteWebDriver.findElement(RemoteWebDriver.java:352)
	at org.openqa.selenium.remote.RemoteWebDriver.findElementByLinkText(RemoteWebDriver.java:401)
	at org.openqa.selenium.By$ByLinkText.findElement(By.java:242)
	at org.openqa.selenium.remote.RemoteWebDriver.findElement(RemoteWebDriver.java:344)
	at org.openqa.selenium.support.ui.ExpectedConditions.findElement(ExpectedConditions.java:730)
	at org.openqa.selenium.support.ui.ExpectedConditions.access$000(ExpectedConditions.java:39)
	at org.openqa.selenium.support.ui.ExpectedConditions$3.apply(ExpectedConditions.java:106)
	at org.openqa.selenium.support.ui.ExpectedConditions$3.apply(ExpectedConditions.java:103)
	at org.openqa.selenium.support.ui.FluentWait.until(FluentWait.java:208)
	at methods.ClickElementsMethods.click(ClickElementsMethods.java:21)
	at stepDefintions.PredefinedStepDefinitions.click_link(PredefinedStepDefinitions.java:452)
	at ✽.Then I click on link having text &quot;selenium-cucumber website&quot;(features/navigationSteps.feature:49)
</error>
  </testcase>
  <testcase time="0" classname="Scenario: Switching to new window by handle" name="Then I switch to new window">
    <skipped/>
  </testcase>
  <testcase time="0" classname="Scenario: Switching to new window by handle" name="Then I click on link having text &quot;Blogs&quot;">
    <skipped/>
  </testcase>
  <testcase time="0" classname="Scenario: Switching to new window by handle" name="Then I close new window">
    <skipped/>
  </testcase>
  <testcase time="0" classname="Scenario: Switching to new window by handle" name="Then I switch to previous window">
    <skipped/>
  </testcase>
  <testcase time="0" classname="Scenario: Switching to new window by handle" name="Then I click on link having text &quot;selenium-cucumber gem&quot;">
    <skipped/>
  </testcase>
  <testcase time="0" classname="Scenario: Switching to new window by handle" name="Then I navigate back">
    <skipped/>
  </testcase>
  <testcase time="0" classname="Scenario: Switching to new window by Title" name="Then I click on link having text &quot;selenium-cucumber website&quot;">
    <error message="The FirefoxDriver cannot be used after quit() was called.
Build info: version: &apos;2.45.0&apos;, revision: &apos;5017cb8e7ca8e37638dc3091b2440b90a1d8686f&apos;, time: &apos;2015-02-27 09:10:26&apos;
System info: host: &apos;VI-D057&apos;, ip: &apos;10.10.9.106&apos;, os.name: &apos;Windows 7&apos;, os.arch: &apos;amd64&apos;, os.version: &apos;6.1&apos;, java.version: &apos;1.7.0_51&apos;
Driver info: driver.version: RemoteWebDriver" type="org.openqa.selenium.remote.SessionNotFoundException">org.openqa.selenium.remote.SessionNotFoundException: The FirefoxDriver cannot be used after quit() was called.
Build info: version: &apos;2.45.0&apos;, revision: &apos;5017cb8e7ca8e37638dc3091b2440b90a1d8686f&apos;, time: &apos;2015-02-27 09:10:26&apos;
System info: host: &apos;VI-D057&apos;, ip: &apos;10.10.9.106&apos;, os.name: &apos;Windows 7&apos;, os.arch: &apos;amd64&apos;, os.version: &apos;6.1&apos;, java.version: &apos;1.7.0_51&apos;
Driver info: driver.version: RemoteWebDriver
	at org.openqa.selenium.firefox.FirefoxDriver$LazyCommandExecutor.execute(FirefoxDriver.java:359)
	at org.openqa.selenium.remote.RemoteWebDriver.execute(RemoteWebDriver.java:572)
	at org.openqa.selenium.remote.RemoteWebDriver.findElement(RemoteWebDriver.java:352)
	at org.openqa.selenium.remote.RemoteWebDriver.findElementByLinkText(RemoteWebDriver.java:401)
	at org.openqa.selenium.By$ByLinkText.findElement(By.java:242)
	at org.openqa.selenium.remote.RemoteWebDriver.findElement(RemoteWebDriver.java:344)
	at org.openqa.selenium.support.ui.ExpectedConditions.findElement(ExpectedConditions.java:730)
	at org.openqa.selenium.support.ui.ExpectedConditions.access$000(ExpectedConditions.java:39)
	at org.openqa.selenium.support.ui.ExpectedConditions$3.apply(ExpectedConditions.java:106)
	at org.openqa.selenium.support.ui.ExpectedConditions$3.apply(ExpectedConditions.java:103)
	at org.openqa.selenium.support.ui.FluentWait.until(FluentWait.java:208)
	at methods.ClickElementsMethods.click(ClickElementsMethods.java:21)
	at stepDefintions.PredefinedStepDefinitions.click_link(PredefinedStepDefinitions.java:452)
	at ✽.Then I click on link having text &quot;selenium-cucumber website&quot;(features/navigationSteps.feature:58)
</error>
    <system-out>
  Scenario: Switching to new window by handle                    &amp;#27;[90m# features/navigationSteps.feature:48&amp;#27;[0m
    &amp;#27;[31mThen &amp;#27;[0m&amp;#27;[31mI click on link having text &quot;&amp;#27;[0m&amp;#27;[31m&amp;#27;[1mselenium-cucumber website&amp;#27;[0m&amp;#27;[31m&quot;&amp;#27;[0m &amp;#27;[90m# PredefinedStepDefinitions.click_link(String)&amp;#27;[0m
      &amp;#27;[31morg.openqa.selenium.remote.SessionNotFoundException: The FirefoxDriver cannot be used after quit() was called.
      Build info: version: &apos;2.45.0&apos;, revision: &apos;5017cb8e7ca8e37638dc3091b2440b90a1d8686f&apos;, time: &apos;2015-02-27 09:10:26&apos;
      System info: host: &apos;VI-D057&apos;, ip: &apos;10.10.9.106&apos;, os.name: &apos;Windows 7&apos;, os.arch: &apos;amd64&apos;, os.version: &apos;6.1&apos;, java.version: &apos;1.7.0_51&apos;
      Driver info: driver.version: RemoteWebDriver
      	at org.openqa.selenium.firefox.FirefoxDriver$LazyCommandExecutor.execute(FirefoxDriver.java:359)
      	at org.openqa.selenium.remote.RemoteWebDriver.execute(RemoteWebDriver.java:572)
      	at org.openqa.selenium.remote.RemoteWebDriver.findElement(RemoteWebDriver.java:352)
      	at org.openqa.selenium.remote.RemoteWebDriver.findElementByLinkText(RemoteWebDriver.java:401)
      	at org.openqa.selenium.By$ByLinkText.findElement(By.java:242)
      	at org.openqa.selenium.remote.RemoteWebDriver.findElement(RemoteWebDriver.java:344)
      	at org.openqa.selenium.support.ui.ExpectedConditions.findElement(ExpectedConditions.java:730)
      	at org.openqa.selenium.support.ui.ExpectedConditions.access$000(ExpectedConditions.java:39)
      	at org.openqa.selenium.support.ui.ExpectedConditions$3.apply(ExpectedConditions.java:106)
      	at org.openqa.selenium.support.ui.ExpectedConditions$3.apply(ExpectedConditions.java:103)
      	at org.openqa.selenium.support.ui.FluentWait.until(FluentWait.java:208)
      	at methods.ClickElementsMethods.click(ClickElementsMethods.java:21)
      	at stepDefintions.PredefinedStepDefinitions.click_link(PredefinedStepDefinitions.java:452)
      	at ?.Then I click on link having text &quot;selenium-cucumber website&quot;(features/navigationSteps.feature:49)
      &amp;#27;[0m
    &amp;#27;[36mThen &amp;#27;[0m&amp;#27;[36mI switch to new window&amp;#27;[0m                                  &amp;#27;[90m# PredefinedStepDefinitions.switch_to_new_window()&amp;#27;[0m
    &amp;#27;[36mThen &amp;#27;[0m&amp;#27;[36mI click on link having text &quot;&amp;#27;[0m&amp;#27;[36m&amp;#27;[1mBlogs&amp;#27;[0m&amp;#27;[36m&quot;&amp;#27;[0m                     &amp;#27;[90m# PredefinedStepDefinitions.click_link(String)&amp;#27;[0m
    &amp;#27;[36mThen &amp;#27;[0m&amp;#27;[36mI close new window&amp;#27;[0m                                      &amp;#27;[90m# PredefinedStepDefinitions.close_new_window()&amp;#27;[0m
    &amp;#27;[36mThen &amp;#27;[0m&amp;#27;[36mI switch to previous window&amp;#27;[0m                             &amp;#27;[90m# PredefinedStepDefinitions.switch_to_old_window()&amp;#27;[0m
    &amp;#27;[36mThen &amp;#27;[0m&amp;#27;[36mI click on link having text &quot;&amp;#27;[0m&amp;#27;[36m&amp;#27;[1mselenium-cucumber gem&amp;#27;[0m&amp;#27;[36m&quot;&amp;#27;[0m     &amp;#27;[90m# PredefinedStepDefinitions.click_link(String)&amp;#27;[0m
    &amp;#27;[36mThen &amp;#27;[0m&amp;#27;[36mI navigate back&amp;#27;[0m                                         &amp;#27;[90m# PredefinedStepDefinitions.navigate_back()&amp;#27;[0m
</system-out>
    <system-err>Apr 25, 2015 5:46:41 PM org.openqa.selenium.support.ui.ExpectedConditions findElement
WARNING: WebDriverException thrown by findElement(By.linkText: selenium-cucumber website)
org.openqa.selenium.remote.SessionNotFoundException: The FirefoxDriver cannot be used after quit() was called.
Build info: version: &apos;2.45.0&apos;, revision: &apos;5017cb8e7ca8e37638dc3091b2440b90a1d8686f&apos;, time: &apos;2015-02-27 09:10:26&apos;
System info: host: &apos;VI-D057&apos;, ip: &apos;10.10.9.106&apos;, os.name: &apos;Windows 7&apos;, os.arch: &apos;amd64&apos;, os.version: &apos;6.1&apos;, java.version: &apos;1.7.0_51&apos;
Driver info: driver.version: RemoteWebDriver
	at org.openqa.selenium.firefox.FirefoxDriver$LazyCommandExecutor.execute(FirefoxDriver.java:359)
	at org.openqa.selenium.remote.RemoteWebDriver.execute(RemoteWebDriver.java:572)
	at org.openqa.selenium.remote.RemoteWebDriver.findElement(RemoteWebDriver.java:352)
	at org.openqa.selenium.remote.RemoteWebDriver.findElementByLinkText(RemoteWebDriver.java:401)
	at org.openqa.selenium.By$ByLinkText.findElement(By.java:242)
	at org.openqa.selenium.remote.RemoteWebDriver.findElement(RemoteWebDriver.java:344)
	at org.openqa.selenium.support.ui.ExpectedConditions.findElement(ExpectedConditions.java:730)
	at org.openqa.selenium.support.ui.ExpectedConditions.access$000(ExpectedConditions.java:39)
	at org.openqa.selenium.support.ui.ExpectedConditions$3.apply(ExpectedConditions.java:106)
	at org.openqa.selenium.support.ui.ExpectedConditions$3.apply(ExpectedConditions.java:103)
	at org.openqa.selenium.support.ui.FluentWait.until(FluentWait.java:208)
	at methods.ClickElementsMethods.click(ClickElementsMethods.java:21)
	at stepDefintions.PredefinedStepDefinitions.click_link(PredefinedStepDefinitions.java:452)
	at sun.reflect.NativeMethodAccessorImpl.invoke0(Native Method)
	at sun.reflect.NativeMethodAccessorImpl.invoke(NativeMethodAccessorImpl.java:57)
	at sun.reflect.DelegatingMethodAccessorImpl.invoke(DelegatingMethodAccessorImpl.java:43)
	at java.lang.reflect.Method.invoke(Method.java:606)
	at cucumber.runtime.Utils$1.call(Utils.java:37)
	at cucumber.runtime.Timeout.timeout(Timeout.java:13)
	at cucumber.runtime.Utils.invoke(Utils.java:31)
	at cucumber.runtime.java.JavaStepDefinition.execute(JavaStepDefinition.java:37)
	at cucumber.runtime.StepDefinitionMatch.runStep(StepDefinitionMatch.java:37)
	at cucumber.runtime.Runtime.runStep(Runtime.java:298)
	at cucumber.runtime.model.StepContainer.runStep(StepContainer.java:44)
	at cucumber.runtime.model.StepContainer.runSteps(StepContainer.java:39)
	at cucumber.runtime.model.CucumberScenario.run(CucumberScenario.java:48)
	at cucumber.runtime.junit.ExecutionUnitRunner.run(ExecutionUnitRunner.java:91)
	at cucumber.runtime.junit.FeatureRunner.runChild(FeatureRunner.java:63)
	at cucumber.runtime.junit.FeatureRunner.runChild(FeatureRunner.java:18)
	at org.junit.runners.ParentRunner$3.run(ParentRunner.java:238)
	at org.junit.runners.ParentRunner$1.schedule(ParentRunner.java:63)
	at org.junit.runners.ParentRunner.runChildren(ParentRunner.java:236)
	at org.junit.runners.ParentRunner.access$000(ParentRunner.java:53)
	at org.junit.runners.ParentRunner$2.evaluate(ParentRunner.java:229)
	at org.junit.runners.ParentRunner.run(ParentRunner.java:309)
	at cucumber.runtime.junit.FeatureRunner.run(FeatureRunner.java:70)
	at cucumber.api.junit.Cucumber.runChild(Cucumber.java:93)
	at cucumber.api.junit.Cucumber.runChild(Cucumber.java:37)
	at org.junit.runners.ParentRunner$3.run(ParentRunner.java:238)
	at org.junit.runners.ParentRunner$1.schedule(ParentRunner.java:63)
	at org.junit.runners.ParentRunner.runChildren(ParentRunner.java:236)
	at org.junit.runners.ParentRunner.access$000(ParentRunner.java:53)
	at org.junit.runners.ParentRunner$2.evaluate(ParentRunner.java:229)
	at org.junit.runners.ParentRunner.run(ParentRunner.java:309)
	at cucumber.api.junit.Cucumber.run(Cucumber.java:98)
	at org.apache.maven.surefire.junit4.JUnit4Provider.execute(JUnit4Provider.java:252)
	at org.apache.maven.surefire.junit4.JUnit4Provider.executeTestSet(JUnit4Provider.java:141)
	at org.apache.maven.surefire.junit4.JUnit4Provider.invoke(JUnit4Provider.java:112)
	at sun.reflect.NativeMethodAccessorImpl.invoke0(Native Method)
	at sun.reflect.NativeMethodAccessorImpl.invoke(NativeMethodAccessorImpl.java:57)
	at sun.reflect.DelegatingMethodAccessorImpl.invoke(DelegatingMethodAccessorImpl.java:43)
	at java.lang.reflect.Method.invoke(Method.java:606)
	at org.apache.maven.surefire.util.ReflectionUtils.invokeMethodWithArray(ReflectionUtils.java:189)
	at org.apache.maven.surefire.booter.ProviderFactory$ProviderProxy.invoke(ProviderFactory.java:165)
	at org.apache.maven.surefire.booter.ProviderFactory.invokeProvider(ProviderFactory.java:85)
	at org.apache.maven.surefire.booter.ForkedBooter.runSuitesInProcess(ForkedBooter.java:115)
	at org.apache.maven.surefire.booter.ForkedBooter.main(ForkedBooter.java:75)

</system-err>
  </testcase>
  <testcase time="0.001" classname="Scenario: Switching to new window by Title" name="Scenario: Switching to new window by Title">
    <error message="The FirefoxDriver cannot be used after quit() was called.
Build info: version: &apos;2.45.0&apos;, revision: &apos;5017cb8e7ca8e37638dc3091b2440b90a1d8686f&apos;, time: &apos;2015-02-27 09:10:26&apos;
System info: host: &apos;VI-D057&apos;, ip: &apos;10.10.9.106&apos;, os.name: &apos;Windows 7&apos;, os.arch: &apos;amd64&apos;, os.version: &apos;6.1&apos;, java.version: &apos;1.7.0_51&apos;
Driver info: driver.version: RemoteWebDriver" type="org.openqa.selenium.remote.SessionNotFoundException">org.openqa.selenium.remote.SessionNotFoundException: The FirefoxDriver cannot be used after quit() was called.
Build info: version: &apos;2.45.0&apos;, revision: &apos;5017cb8e7ca8e37638dc3091b2440b90a1d8686f&apos;, time: &apos;2015-02-27 09:10:26&apos;
System info: host: &apos;VI-D057&apos;, ip: &apos;10.10.9.106&apos;, os.name: &apos;Windows 7&apos;, os.arch: &apos;amd64&apos;, os.version: &apos;6.1&apos;, java.version: &apos;1.7.0_51&apos;
Driver info: driver.version: RemoteWebDriver
	at org.openqa.selenium.firefox.FirefoxDriver$LazyCommandExecutor.execute(FirefoxDriver.java:359)
	at org.openqa.selenium.remote.RemoteWebDriver.execute(RemoteWebDriver.java:572)
	at org.openqa.selenium.remote.RemoteWebDriver.findElement(RemoteWebDriver.java:352)
	at org.openqa.selenium.remote.RemoteWebDriver.findElementByLinkText(RemoteWebDriver.java:401)
	at org.openqa.selenium.By$ByLinkText.findElement(By.java:242)
	at org.openqa.selenium.remote.RemoteWebDriver.findElement(RemoteWebDriver.java:344)
	at org.openqa.selenium.support.ui.ExpectedConditions.findElement(ExpectedConditions.java:730)
	at org.openqa.selenium.support.ui.ExpectedConditions.access$000(ExpectedConditions.java:39)
	at org.openqa.selenium.support.ui.ExpectedConditions$3.apply(ExpectedConditions.java:106)
	at org.openqa.selenium.support.ui.ExpectedConditions$3.apply(ExpectedConditions.java:103)
	at org.openqa.selenium.support.ui.FluentWait.until(FluentWait.java:208)
	at methods.ClickElementsMethods.click(ClickElementsMethods.java:21)
	at stepDefintions.PredefinedStepDefinitions.click_link(PredefinedStepDefinitions.java:452)
	at ✽.Then I click on link having text &quot;selenium-cucumber website&quot;(features/navigationSteps.feature:58)
</error>
  </testcase>
  <testcase time="0.001" classname="Scenario: Switching to new window by Title" name="Then I switch to window having title &quot;Selenium-Cucumber | Code Less… Test More…&quot;">
    <skipped/>
  </testcase>
  <testcase time="0.001" classname="Scenario: Switching to new window by Title" name="Then I click on link having text &quot;Source Code&quot;">
    <skipped/>
  </testcase>
  <testcase time="0.001" classname="Scenario: Switching to new window by Title" name="Then I close new window">
    <skipped/>
  </testcase>
  <testcase time="0.001" classname="Scenario: Switching to new window by Title" name="Then I switch to previous window">
    <skipped/>
  </testcase>
  <testcase time="0.001" classname="Scenario: Switching to new window by Title" name="Then I click on link having text &quot;selenium-cucumber gem&quot;">
    <skipped/>
  </testcase>
  <testcase time="0.001" classname="Scenario: Switching to new window by Title" name="Then I navigate back">
    <skipped/>
  </testcase>
  <testcase time="0.001" classname="Scenario: Moving to frames" name="Then I switch to frame having name &quot;frame_one&quot;">
    <error message="The FirefoxDriver cannot be used after quit() was called.
Build info: version: &apos;2.45.0&apos;, revision: &apos;5017cb8e7ca8e37638dc3091b2440b90a1d8686f&apos;, time: &apos;2015-02-27 09:10:26&apos;
System info: host: &apos;VI-D057&apos;, ip: &apos;10.10.9.106&apos;, os.name: &apos;Windows 7&apos;, os.arch: &apos;amd64&apos;, os.version: &apos;6.1&apos;, java.version: &apos;1.7.0_51&apos;
Driver info: driver.version: RemoteWebDriver" type="org.openqa.selenium.remote.SessionNotFoundException">org.openqa.selenium.remote.SessionNotFoundException: The FirefoxDriver cannot be used after quit() was called.
Build info: version: &apos;2.45.0&apos;, revision: &apos;5017cb8e7ca8e37638dc3091b2440b90a1d8686f&apos;, time: &apos;2015-02-27 09:10:26&apos;
System info: host: &apos;VI-D057&apos;, ip: &apos;10.10.9.106&apos;, os.name: &apos;Windows 7&apos;, os.arch: &apos;amd64&apos;, os.version: &apos;6.1&apos;, java.version: &apos;1.7.0_51&apos;
Driver info: driver.version: RemoteWebDriver
	at org.openqa.selenium.firefox.FirefoxDriver$LazyCommandExecutor.execute(FirefoxDriver.java:359)
	at org.openqa.selenium.remote.RemoteWebDriver.execute(RemoteWebDriver.java:572)
	at org.openqa.selenium.remote.RemoteWebDriver.findElement(RemoteWebDriver.java:352)
	at org.openqa.selenium.remote.RemoteWebDriver.findElementByName(RemoteWebDriver.java:425)
	at org.openqa.selenium.By$ByName.findElement(By.java:299)
	at org.openqa.selenium.remote.RemoteWebDriver.findElement(RemoteWebDriver.java:344)
	at org.openqa.selenium.support.ui.ExpectedConditions.findElement(ExpectedConditions.java:730)
	at org.openqa.selenium.support.ui.ExpectedConditions.access$000(ExpectedConditions.java:39)
	at org.openqa.selenium.support.ui.ExpectedConditions$3.apply(ExpectedConditions.java:106)
	at org.openqa.selenium.support.ui.ExpectedConditions$3.apply(ExpectedConditions.java:103)
	at org.openqa.selenium.support.ui.FluentWait.until(FluentWait.java:208)
	at methods.NavigateMethods.switchFrame(NavigateMethods.java:197)
	at stepDefintions.PredefinedStepDefinitions.switch_frame_by_element(PredefinedStepDefinitions.java:77)
	at ✽.Then I switch to frame having name &quot;frame_one&quot;(features/navigationSteps.feature:67)
</error>
    <system-out>
  Scenario: Switching to new window by Title                                         &amp;#27;[90m# features/navigationSteps.feature:57&amp;#27;[0m
    &amp;#27;[31mThen &amp;#27;[0m&amp;#27;[31mI click on link having text &quot;&amp;#27;[0m&amp;#27;[31m&amp;#27;[1mselenium-cucumber website&amp;#27;[0m&amp;#27;[31m&quot;&amp;#27;[0m                     &amp;#27;[90m# PredefinedStepDefinitions.click_link(String)&amp;#27;[0m
      &amp;#27;[31morg.openqa.selenium.remote.SessionNotFoundException: The FirefoxDriver cannot be used after quit() was called.
      Build info: version: &apos;2.45.0&apos;, revision: &apos;5017cb8e7ca8e37638dc3091b2440b90a1d8686f&apos;, time: &apos;2015-02-27 09:10:26&apos;
      System info: host: &apos;VI-D057&apos;, ip: &apos;10.10.9.106&apos;, os.name: &apos;Windows 7&apos;, os.arch: &apos;amd64&apos;, os.version: &apos;6.1&apos;, java.version: &apos;1.7.0_51&apos;
      Driver info: driver.version: RemoteWebDriver
      	at org.openqa.selenium.firefox.FirefoxDriver$LazyCommandExecutor.execute(FirefoxDriver.java:359)
      	at org.openqa.selenium.remote.RemoteWebDriver.execute(RemoteWebDriver.java:572)
      	at org.openqa.selenium.remote.RemoteWebDriver.findElement(RemoteWebDriver.java:352)
      	at org.openqa.selenium.remote.RemoteWebDriver.findElementByLinkText(RemoteWebDriver.java:401)
      	at org.openqa.selenium.By$ByLinkText.findElement(By.java:242)
      	at org.openqa.selenium.remote.RemoteWebDriver.findElement(RemoteWebDriver.java:344)
      	at org.openqa.selenium.support.ui.ExpectedConditions.findElement(ExpectedConditions.java:730)
      	at org.openqa.selenium.support.ui.ExpectedConditions.access$000(ExpectedConditions.java:39)
      	at org.openqa.selenium.support.ui.ExpectedConditions$3.apply(ExpectedConditions.java:106)
      	at org.openqa.selenium.support.ui.ExpectedConditions$3.apply(ExpectedConditions.java:103)
      	at org.openqa.selenium.support.ui.FluentWait.until(FluentWait.java:208)
      	at methods.ClickElementsMethods.click(ClickElementsMethods.java:21)
      	at stepDefintions.PredefinedStepDefinitions.click_link(PredefinedStepDefinitions.java:452)
      	at ?.Then I click on link having text &quot;selenium-cucumber website&quot;(features/navigationSteps.feature:58)
      &amp;#27;[0m
    &amp;#27;[36mThen &amp;#27;[0m&amp;#27;[36mI switch to window having title &quot;&amp;#27;[0m&amp;#27;[36m&amp;#27;[1mSelenium-Cucumber | Code Less… Test More…&amp;#27;[0m&amp;#27;[36m&quot;&amp;#27;[0m &amp;#27;[90m# PredefinedStepDefinitions.switch_to_window_by_title(String)&amp;#27;[0m
    &amp;#27;[36mThen &amp;#27;[0m&amp;#27;[36mI click on link having text &quot;&amp;#27;[0m&amp;#27;[36m&amp;#27;[1mSource Code&amp;#27;[0m&amp;#27;[36m&quot;&amp;#27;[0m                                   &amp;#27;[90m# PredefinedStepDefinitions.click_link(String)&amp;#27;[0m
    &amp;#27;[36mThen &amp;#27;[0m&amp;#27;[36mI close new window&amp;#27;[0m                                                          &amp;#27;[90m# PredefinedStepDefinitions.close_new_window()&amp;#27;[0m
    &amp;#27;[36mThen &amp;#27;[0m&amp;#27;[36mI switch to previous window&amp;#27;[0m                                                 &amp;#27;[90m# PredefinedStepDefinitions.switch_to_old_window()&amp;#27;[0m
    &amp;#27;[36mThen &amp;#27;[0m&amp;#27;[36mI click on link having text &quot;&amp;#27;[0m&amp;#27;[36m&amp;#27;[1mselenium-cucumber gem&amp;#27;[0m&amp;#27;[36m&quot;&amp;#27;[0m                         &amp;#27;[90m# PredefinedStepDefinitions.click_link(String)&amp;#27;[0m
    &amp;#27;[36mThen &amp;#27;[0m&amp;#27;[36mI navigate back&amp;#27;[0m                                                             &amp;#27;[90m# PredefinedStepDefinitions.navigate_back()&amp;#27;[0m
</system-out>
    <system-err>Apr 25, 2015 5:46:41 PM org.openqa.selenium.support.ui.ExpectedConditions findElement
WARNING: WebDriverException thrown by findElement(By.name: frame_one)
org.openqa.selenium.remote.SessionNotFoundException: The FirefoxDriver cannot be used after quit() was called.
Build info: version: &apos;2.45.0&apos;, revision: &apos;5017cb8e7ca8e37638dc3091b2440b90a1d8686f&apos;, time: &apos;2015-02-27 09:10:26&apos;
System info: host: &apos;VI-D057&apos;, ip: &apos;10.10.9.106&apos;, os.name: &apos;Windows 7&apos;, os.arch: &apos;amd64&apos;, os.version: &apos;6.1&apos;, java.version: &apos;1.7.0_51&apos;
Driver info: driver.version: RemoteWebDriver
	at org.openqa.selenium.firefox.FirefoxDriver$LazyCommandExecutor.execute(FirefoxDriver.java:359)
	at org.openqa.selenium.remote.RemoteWebDriver.execute(RemoteWebDriver.java:572)
	at org.openqa.selenium.remote.RemoteWebDriver.findElement(RemoteWebDriver.java:352)
	at org.openqa.selenium.remote.RemoteWebDriver.findElementByName(RemoteWebDriver.java:425)
	at org.openqa.selenium.By$ByName.findElement(By.java:299)
	at org.openqa.selenium.remote.RemoteWebDriver.findElement(RemoteWebDriver.java:344)
	at org.openqa.selenium.support.ui.ExpectedConditions.findElement(ExpectedConditions.java:730)
	at org.openqa.selenium.support.ui.ExpectedConditions.access$000(ExpectedConditions.java:39)
	at org.openqa.selenium.support.ui.ExpectedConditions$3.apply(ExpectedConditions.java:106)
	at org.openqa.selenium.support.ui.ExpectedConditions$3.apply(ExpectedConditions.java:103)
	at org.openqa.selenium.support.ui.FluentWait.until(FluentWait.java:208)
	at methods.NavigateMethods.switchFrame(NavigateMethods.java:197)
	at stepDefintions.PredefinedStepDefinitions.switch_frame_by_element(PredefinedStepDefinitions.java:77)
	at sun.reflect.NativeMethodAccessorImpl.invoke0(Native Method)
	at sun.reflect.NativeMethodAccessorImpl.invoke(NativeMethodAccessorImpl.java:57)
	at sun.reflect.DelegatingMethodAccessorImpl.invoke(DelegatingMethodAccessorImpl.java:43)
	at java.lang.reflect.Method.invoke(Method.java:606)
	at cucumber.runtime.Utils$1.call(Utils.java:37)
	at cucumber.runtime.Timeout.timeout(Timeout.java:13)
	at cucumber.runtime.Utils.invoke(Utils.java:31)
	at cucumber.runtime.java.JavaStepDefinition.execute(JavaStepDefinition.java:37)
	at cucumber.runtime.StepDefinitionMatch.runStep(StepDefinitionMatch.java:37)
	at cucumber.runtime.Runtime.runStep(Runtime.java:298)
	at cucumber.runtime.model.StepContainer.runStep(StepContainer.java:44)
	at cucumber.runtime.model.StepContainer.runSteps(StepContainer.java:39)
	at cucumber.runtime.model.CucumberScenario.run(CucumberScenario.java:48)
	at cucumber.runtime.junit.ExecutionUnitRunner.run(ExecutionUnitRunner.java:91)
	at cucumber.runtime.junit.FeatureRunner.runChild(FeatureRunner.java:63)
	at cucumber.runtime.junit.FeatureRunner.runChild(FeatureRunner.java:18)
	at org.junit.runners.ParentRunner$3.run(ParentRunner.java:238)
	at org.junit.runners.ParentRunner$1.schedule(ParentRunner.java:63)
	at org.junit.runners.ParentRunner.runChildren(ParentRunner.java:236)
	at org.junit.runners.ParentRunner.access$000(ParentRunner.java:53)
	at org.junit.runners.ParentRunner$2.evaluate(ParentRunner.java:229)
	at org.junit.runners.ParentRunner.run(ParentRunner.java:309)
	at cucumber.runtime.junit.FeatureRunner.run(FeatureRunner.java:70)
	at cucumber.api.junit.Cucumber.runChild(Cucumber.java:93)
	at cucumber.api.junit.Cucumber.runChild(Cucumber.java:37)
	at org.junit.runners.ParentRunner$3.run(ParentRunner.java:238)
	at org.junit.runners.ParentRunner$1.schedule(ParentRunner.java:63)
	at org.junit.runners.ParentRunner.runChildren(ParentRunner.java:236)
	at org.junit.runners.ParentRunner.access$000(ParentRunner.java:53)
	at org.junit.runners.ParentRunner$2.evaluate(ParentRunner.java:229)
	at org.junit.runners.ParentRunner.run(ParentRunner.java:309)
	at cucumber.api.junit.Cucumber.run(Cucumber.java:98)
	at org.apache.maven.surefire.junit4.JUnit4Provider.execute(JUnit4Provider.java:252)
	at org.apache.maven.surefire.junit4.JUnit4Provider.executeTestSet(JUnit4Provider.java:141)
	at org.apache.maven.surefire.junit4.JUnit4Provider.invoke(JUnit4Provider.java:112)
	at sun.reflect.NativeMethodAccessorImpl.invoke0(Native Method)
	at sun.reflect.NativeMethodAccessorImpl.invoke(NativeMethodAccessorImpl.java:57)
	at sun.reflect.DelegatingMethodAccessorImpl.invoke(DelegatingMethodAccessorImpl.java:43)
	at java.lang.reflect.Method.invoke(Method.java:606)
	at org.apache.maven.surefire.util.ReflectionUtils.invokeMethodWithArray(ReflectionUtils.java:189)
	at org.apache.maven.surefire.booter.ProviderFactory$ProviderProxy.invoke(ProviderFactory.java:165)
	at org.apache.maven.surefire.booter.ProviderFactory.invokeProvider(ProviderFactory.java:85)
	at org.apache.maven.surefire.booter.ForkedBooter.runSuitesInProcess(ForkedBooter.java:115)
	at org.apache.maven.surefire.booter.ForkedBooter.main(ForkedBooter.java:75)

</system-err>
  </testcase>
  <testcase time="0.001" classname="Scenario: Moving to frames" name="Scenario: Moving to frames">
    <error message="The FirefoxDriver cannot be used after quit() was called.
Build info: version: &apos;2.45.0&apos;, revision: &apos;5017cb8e7ca8e37638dc3091b2440b90a1d8686f&apos;, time: &apos;2015-02-27 09:10:26&apos;
System info: host: &apos;VI-D057&apos;, ip: &apos;10.10.9.106&apos;, os.name: &apos;Windows 7&apos;, os.arch: &apos;amd64&apos;, os.version: &apos;6.1&apos;, java.version: &apos;1.7.0_51&apos;
Driver info: driver.version: RemoteWebDriver" type="org.openqa.selenium.remote.SessionNotFoundException">org.openqa.selenium.remote.SessionNotFoundException: The FirefoxDriver cannot be used after quit() was called.
Build info: version: &apos;2.45.0&apos;, revision: &apos;5017cb8e7ca8e37638dc3091b2440b90a1d8686f&apos;, time: &apos;2015-02-27 09:10:26&apos;
System info: host: &apos;VI-D057&apos;, ip: &apos;10.10.9.106&apos;, os.name: &apos;Windows 7&apos;, os.arch: &apos;amd64&apos;, os.version: &apos;6.1&apos;, java.version: &apos;1.7.0_51&apos;
Driver info: driver.version: RemoteWebDriver
	at org.openqa.selenium.firefox.FirefoxDriver$LazyCommandExecutor.execute(FirefoxDriver.java:359)
	at org.openqa.selenium.remote.RemoteWebDriver.execute(RemoteWebDriver.java:572)
	at org.openqa.selenium.remote.RemoteWebDriver.findElement(RemoteWebDriver.java:352)
	at org.openqa.selenium.remote.RemoteWebDriver.findElementByName(RemoteWebDriver.java:425)
	at org.openqa.selenium.By$ByName.findElement(By.java:299)
	at org.openqa.selenium.remote.RemoteWebDriver.findElement(RemoteWebDriver.java:344)
	at org.openqa.selenium.support.ui.ExpectedConditions.findElement(ExpectedConditions.java:730)
	at org.openqa.selenium.support.ui.ExpectedConditions.access$000(ExpectedConditions.java:39)
	at org.openqa.selenium.support.ui.ExpectedConditions$3.apply(ExpectedConditions.java:106)
	at org.openqa.selenium.support.ui.ExpectedConditions$3.apply(ExpectedConditions.java:103)
	at org.openqa.selenium.support.ui.FluentWait.until(FluentWait.java:208)
	at methods.NavigateMethods.switchFrame(NavigateMethods.java:197)
	at stepDefintions.PredefinedStepDefinitions.switch_frame_by_element(PredefinedStepDefinitions.java:77)
	at ✽.Then I switch to frame having name &quot;frame_one&quot;(features/navigationSteps.feature:67)
</error>
  </testcase>
  <testcase time="0.001" classname="Scenario: Moving to frames" name="Then element having id &quot;frame1_fname&quot; should be present">
    <skipped/>
  </testcase>
  <testcase time="0.001" classname="Scenario: Moving to frames" name="Then I switch to main content">
    <skipped/>
  </testcase>
  <testcase time="0.001" classname="Scenario: Moving to frames" name="Then I switch to frame having xpath &quot;//iframe[@name=&apos;frame_two&apos;]&quot;">
    <skipped/>
  </testcase>
  <testcase time="0.001" classname="Scenario: Moving to frames" name="Then element having id &quot;frame2_email&quot; should be present">
    <skipped/>
  </testcase>
  <testcase time="0.001" classname="Scenario: Moving to frames" name="Then I switch to main content">
    <skipped/>
  </testcase>
  <testcase time="0.001" classname="Scenario: Moving to frames" name="Then element having xpath &quot;//iframe[@name=&apos;frame_one&apos;]&quot; should be present">
    <skipped/>
  </testcase>
  <testcase time="0" classname="Scenario: Open test page" name="Given I navigate to &quot;http://selenium-cucumber.github.io/&quot;">
    <error message="The FirefoxDriver cannot be used after quit() was called.
Build info: version: &apos;2.45.0&apos;, revision: &apos;5017cb8e7ca8e37638dc3091b2440b90a1d8686f&apos;, time: &apos;2015-02-27 09:10:26&apos;
System info: host: &apos;VI-D057&apos;, ip: &apos;10.10.9.106&apos;, os.name: &apos;Windows 7&apos;, os.arch: &apos;amd64&apos;, os.version: &apos;6.1&apos;, java.version: &apos;1.7.0_51&apos;
Driver info: driver.version: RemoteWebDriver" type="org.openqa.selenium.remote.SessionNotFoundException">org.openqa.selenium.remote.SessionNotFoundException: The FirefoxDriver cannot be used after quit() was called.
Build info: version: &apos;2.45.0&apos;, revision: &apos;5017cb8e7ca8e37638dc3091b2440b90a1d8686f&apos;, time: &apos;2015-02-27 09:10:26&apos;
System info: host: &apos;VI-D057&apos;, ip: &apos;10.10.9.106&apos;, os.name: &apos;Windows 7&apos;, os.arch: &apos;amd64&apos;, os.version: &apos;6.1&apos;, java.version: &apos;1.7.0_51&apos;
Driver info: driver.version: RemoteWebDriver
	at org.openqa.selenium.firefox.FirefoxDriver$LazyCommandExecutor.execute(FirefoxDriver.java:359)
	at org.openqa.selenium.remote.RemoteWebDriver.execute(RemoteWebDriver.java:572)
	at org.openqa.selenium.remote.RemoteWebDriver.get(RemoteWebDriver.java:304)
	at methods.NavigateMethods.navigateTo(NavigateMethods.java:24)
	at stepDefintions.PredefinedStepDefinitions.navigate_to(PredefinedStepDefinitions.java:17)
	at ✽.Given I navigate to &quot;http://selenium-cucumber.github.io/&quot;(features/progressSteps.feature:5)
</error>
    <system-out>
  Scenario: Moving to frames                                                  &amp;#27;[90m# features/navigationSteps.feature:66&amp;#27;[0m
    &amp;#27;[31mThen &amp;#27;[0m&amp;#27;[31mI switch to frame having &amp;#27;[0m&amp;#27;[31m&amp;#27;[1mname&amp;#27;[0m&amp;#27;[31m &quot;&amp;#27;[0m&amp;#27;[31m&amp;#27;[1mframe_one&amp;#27;[0m&amp;#27;[31m&quot;&amp;#27;[0m                            &amp;#27;[90m# PredefinedStepDefinitions.switch_frame_by_element(String,String)&amp;#27;[0m
      &amp;#27;[31morg.openqa.selenium.remote.SessionNotFoundException: The FirefoxDriver cannot be used after quit() was called.
      Build info: version: &apos;2.45.0&apos;, revision: &apos;5017cb8e7ca8e37638dc3091b2440b90a1d8686f&apos;, time: &apos;2015-02-27 09:10:26&apos;
      System info: host: &apos;VI-D057&apos;, ip: &apos;10.10.9.106&apos;, os.name: &apos;Windows 7&apos;, os.arch: &apos;amd64&apos;, os.version: &apos;6.1&apos;, java.version: &apos;1.7.0_51&apos;
      Driver info: driver.version: RemoteWebDriver
      	at org.openqa.selenium.firefox.FirefoxDriver$LazyCommandExecutor.execute(FirefoxDriver.java:359)
      	at org.openqa.selenium.remote.RemoteWebDriver.execute(RemoteWebDriver.java:572)
      	at org.openqa.selenium.remote.RemoteWebDriver.findElement(RemoteWebDriver.java:352)
      	at org.openqa.selenium.remote.RemoteWebDriver.findElementByName(RemoteWebDriver.java:425)
      	at org.openqa.selenium.By$ByName.findElement(By.java:299)
      	at org.openqa.selenium.remote.RemoteWebDriver.findElement(RemoteWebDriver.java:344)
      	at org.openqa.selenium.support.ui.ExpectedConditions.findElement(ExpectedConditions.java:730)
      	at org.openqa.selenium.support.ui.ExpectedConditions.access$000(ExpectedConditions.java:39)
      	at org.openqa.selenium.support.ui.ExpectedConditions$3.apply(ExpectedConditions.java:106)
      	at org.openqa.selenium.support.ui.ExpectedConditions$3.apply(ExpectedConditions.java:103)
      	at org.openqa.selenium.support.ui.FluentWait.until(FluentWait.java:208)
      	at methods.NavigateMethods.switchFrame(NavigateMethods.java:197)
      	at stepDefintions.PredefinedStepDefinitions.switch_frame_by_element(PredefinedStepDefinitions.java:77)
      	at ?.Then I switch to frame having name &quot;frame_one&quot;(features/navigationSteps.feature:67)
      &amp;#27;[0m
    &amp;#27;[36mThen &amp;#27;[0m&amp;#27;[36melement having &amp;#27;[0m&amp;#27;[36m&amp;#27;[1mid&amp;#27;[0m&amp;#27;[36m &quot;&amp;#27;[0m&amp;#27;[36m&amp;#27;[1mframe1_fname&amp;#27;[0m&amp;#27;[36m&quot; should&amp;#27;[0m&amp;#27;[36m&amp;#27;[1m&amp;#27;[0m&amp;#27;[36m be present&amp;#27;[0m                   &amp;#27;[90m# PredefinedStepDefinitions.check_element_presence(String,String,String)&amp;#27;[0m
    &amp;#27;[36mThen &amp;#27;[0m&amp;#27;[36mI switch to main content&amp;#27;[0m                                             &amp;#27;[90m# PredefinedStepDefinitions.switch_to_default_content()&amp;#27;[0m
    &amp;#27;[36mThen &amp;#27;[0m&amp;#27;[36mI switch to frame having &amp;#27;[0m&amp;#27;[36m&amp;#27;[1mxpath&amp;#27;[0m&amp;#27;[36m &quot;&amp;#27;[0m&amp;#27;[36m&amp;#27;[1m//iframe[@name=&apos;frame_two&apos;]&amp;#27;[0m&amp;#27;[36m&quot;&amp;#27;[0m         &amp;#27;[90m# PredefinedStepDefinitions.switch_frame_by_element(String,String)&amp;#27;[0m
    &amp;#27;[36mThen &amp;#27;[0m&amp;#27;[36melement having &amp;#27;[0m&amp;#27;[36m&amp;#27;[1mid&amp;#27;[0m&amp;#27;[36m &quot;&amp;#27;[0m&amp;#27;[36m&amp;#27;[1mframe2_email&amp;#27;[0m&amp;#27;[36m&quot; should&amp;#27;[0m&amp;#27;[36m&amp;#27;[1m&amp;#27;[0m&amp;#27;[36m be present&amp;#27;[0m                   &amp;#27;[90m# PredefinedStepDefinitions.check_element_presence(String,String,String)&amp;#27;[0m
    &amp;#27;[36mThen &amp;#27;[0m&amp;#27;[36mI switch to main content&amp;#27;[0m                                             &amp;#27;[90m# PredefinedStepDefinitions.switch_to_default_content()&amp;#27;[0m
    &amp;#27;[36mThen &amp;#27;[0m&amp;#27;[36melement having &amp;#27;[0m&amp;#27;[36m&amp;#27;[1mxpath&amp;#27;[0m&amp;#27;[36m &quot;&amp;#27;[0m&amp;#27;[36m&amp;#27;[1m//iframe[@name=&apos;frame_one&apos;]&amp;#27;[0m&amp;#27;[36m&quot; should&amp;#27;[0m&amp;#27;[36m&amp;#27;[1m&amp;#27;[0m&amp;#27;[36m be present&amp;#27;[0m &amp;#27;[90m# PredefinedStepDefinitions.check_element_presence(String,String,String)&amp;#27;[0m
Feature: Progress Steps
        As a user I should able to wait
</system-out>
  </testcase>
  <testcase time="0.001" classname="Scenario: Open test page" name="Scenario: Open test page">
    <error message="The FirefoxDriver cannot be used after quit() was called.
Build info: version: &apos;2.45.0&apos;, revision: &apos;5017cb8e7ca8e37638dc3091b2440b90a1d8686f&apos;, time: &apos;2015-02-27 09:10:26&apos;
System info: host: &apos;VI-D057&apos;, ip: &apos;10.10.9.106&apos;, os.name: &apos;Windows 7&apos;, os.arch: &apos;amd64&apos;, os.version: &apos;6.1&apos;, java.version: &apos;1.7.0_51&apos;
Driver info: driver.version: RemoteWebDriver" type="org.openqa.selenium.remote.SessionNotFoundException">org.openqa.selenium.remote.SessionNotFoundException: The FirefoxDriver cannot be used after quit() was called.
Build info: version: &apos;2.45.0&apos;, revision: &apos;5017cb8e7ca8e37638dc3091b2440b90a1d8686f&apos;, time: &apos;2015-02-27 09:10:26&apos;
System info: host: &apos;VI-D057&apos;, ip: &apos;10.10.9.106&apos;, os.name: &apos;Windows 7&apos;, os.arch: &apos;amd64&apos;, os.version: &apos;6.1&apos;, java.version: &apos;1.7.0_51&apos;
Driver info: driver.version: RemoteWebDriver
	at org.openqa.selenium.firefox.FirefoxDriver$LazyCommandExecutor.execute(FirefoxDriver.java:359)
	at org.openqa.selenium.remote.RemoteWebDriver.execute(RemoteWebDriver.java:572)
	at org.openqa.selenium.remote.RemoteWebDriver.get(RemoteWebDriver.java:304)
	at methods.NavigateMethods.navigateTo(NavigateMethods.java:24)
	at stepDefintions.PredefinedStepDefinitions.navigate_to(PredefinedStepDefinitions.java:17)
	at ✽.Given I navigate to &quot;http://selenium-cucumber.github.io/&quot;(features/progressSteps.feature:5)
</error>
  </testcase>
  <testcase time="0" classname="Scenario: wait for elements to display" name="Then element having id &quot;hiddenElement&quot; should not be present"/>
  <testcase time="0" classname="Scenario: wait for elements to display" name="Then I wait 15 seconds for element having id &quot;hiddenElement&quot; to display">
    <error message="The FirefoxDriver cannot be used after quit() was called.
Build info: version: &apos;2.45.0&apos;, revision: &apos;5017cb8e7ca8e37638dc3091b2440b90a1d8686f&apos;, time: &apos;2015-02-27 09:10:26&apos;
System info: host: &apos;VI-D057&apos;, ip: &apos;10.10.9.106&apos;, os.name: &apos;Windows 7&apos;, os.arch: &apos;amd64&apos;, os.version: &apos;6.1&apos;, java.version: &apos;1.7.0_51&apos;
Driver info: driver.version: RemoteWebDriver" type="org.openqa.selenium.remote.SessionNotFoundException">org.openqa.selenium.remote.SessionNotFoundException: The FirefoxDriver cannot be used after quit() was called.
Build info: version: &apos;2.45.0&apos;, revision: &apos;5017cb8e7ca8e37638dc3091b2440b90a1d8686f&apos;, time: &apos;2015-02-27 09:10:26&apos;
System info: host: &apos;VI-D057&apos;, ip: &apos;10.10.9.106&apos;, os.name: &apos;Windows 7&apos;, os.arch: &apos;amd64&apos;, os.version: &apos;6.1&apos;, java.version: &apos;1.7.0_51&apos;
Driver info: driver.version: RemoteWebDriver
	at org.openqa.selenium.firefox.FirefoxDriver$LazyCommandExecutor.execute(FirefoxDriver.java:359)
	at org.openqa.selenium.remote.RemoteWebDriver.execute(RemoteWebDriver.java:572)
	at org.openqa.selenium.remote.RemoteWebDriver.findElement(RemoteWebDriver.java:352)
	at org.openqa.selenium.remote.RemoteWebDriver.findElementById(RemoteWebDriver.java:393)
	at org.openqa.selenium.By$ById.findElement(By.java:214)
	at org.openqa.selenium.remote.RemoteWebDriver.findElement(RemoteWebDriver.java:344)
	at org.openqa.selenium.support.ui.ExpectedConditions.findElement(ExpectedConditions.java:730)
	at org.openqa.selenium.support.ui.ExpectedConditions.access$000(ExpectedConditions.java:39)
	at org.openqa.selenium.support.ui.ExpectedConditions$4.apply(ExpectedConditions.java:130)
	at org.openqa.selenium.support.ui.ExpectedConditions$4.apply(ExpectedConditions.java:126)
	at org.openqa.selenium.support.ui.FluentWait.until(FluentWait.java:208)
	at methods.ProgressMethods.waitForElementToDisplay(ProgressMethods.java:32)
	at stepDefintions.PredefinedStepDefinitions.wait_for_ele_to_display(PredefinedStepDefinitions.java:476)
	at ✽.Then I wait 15 seconds for element having id &quot;hiddenElement&quot; to display(features/progressSteps.feature:10)
</error>
    <system-err>Apr 25, 2015 5:46:41 PM org.openqa.selenium.support.ui.ExpectedConditions findElement
WARNING: WebDriverException thrown by findElement(By.id: hiddenElement)
org.openqa.selenium.remote.SessionNotFoundException: The FirefoxDriver cannot be used after quit() was called.
Build info: version: &apos;2.45.0&apos;, revision: &apos;5017cb8e7ca8e37638dc3091b2440b90a1d8686f&apos;, time: &apos;2015-02-27 09:10:26&apos;
System info: host: &apos;VI-D057&apos;, ip: &apos;10.10.9.106&apos;, os.name: &apos;Windows 7&apos;, os.arch: &apos;amd64&apos;, os.version: &apos;6.1&apos;, java.version: &apos;1.7.0_51&apos;
Driver info: driver.version: RemoteWebDriver
	at org.openqa.selenium.firefox.FirefoxDriver$LazyCommandExecutor.execute(FirefoxDriver.java:359)
	at org.openqa.selenium.remote.RemoteWebDriver.execute(RemoteWebDriver.java:572)
	at org.openqa.selenium.remote.RemoteWebDriver.findElement(RemoteWebDriver.java:352)
	at org.openqa.selenium.remote.RemoteWebDriver.findElementById(RemoteWebDriver.java:393)
	at org.openqa.selenium.By$ById.findElement(By.java:214)
	at org.openqa.selenium.remote.RemoteWebDriver.findElement(RemoteWebDriver.java:344)
	at org.openqa.selenium.support.ui.ExpectedConditions.findElement(ExpectedConditions.java:730)
	at org.openqa.selenium.support.ui.ExpectedConditions.access$000(ExpectedConditions.java:39)
	at org.openqa.selenium.support.ui.ExpectedConditions$4.apply(ExpectedConditions.java:130)
	at org.openqa.selenium.support.ui.ExpectedConditions$4.apply(ExpectedConditions.java:126)
	at org.openqa.selenium.support.ui.FluentWait.until(FluentWait.java:208)
	at methods.ProgressMethods.waitForElementToDisplay(ProgressMethods.java:32)
	at stepDefintions.PredefinedStepDefinitions.wait_for_ele_to_display(PredefinedStepDefinitions.java:476)
	at sun.reflect.NativeMethodAccessorImpl.invoke0(Native Method)
	at sun.reflect.NativeMethodAccessorImpl.invoke(NativeMethodAccessorImpl.java:57)
	at sun.reflect.DelegatingMethodAccessorImpl.invoke(DelegatingMethodAccessorImpl.java:43)
	at java.lang.reflect.Method.invoke(Method.java:606)
	at cucumber.runtime.Utils$1.call(Utils.java:37)
	at cucumber.runtime.Timeout.timeout(Timeout.java:13)
	at cucumber.runtime.Utils.invoke(Utils.java:31)
	at cucumber.runtime.java.JavaStepDefinition.execute(JavaStepDefinition.java:37)
	at cucumber.runtime.StepDefinitionMatch.runStep(StepDefinitionMatch.java:37)
	at cucumber.runtime.Runtime.runStep(Runtime.java:298)
	at cucumber.runtime.model.StepContainer.runStep(StepContainer.java:44)
	at cucumber.runtime.model.StepContainer.runSteps(StepContainer.java:39)
	at cucumber.runtime.model.CucumberScenario.run(CucumberScenario.java:48)
	at cucumber.runtime.junit.ExecutionUnitRunner.run(ExecutionUnitRunner.java:91)
	at cucumber.runtime.junit.FeatureRunner.runChild(FeatureRunner.java:63)
	at cucumber.runtime.junit.FeatureRunner.runChild(FeatureRunner.java:18)
	at org.junit.runners.ParentRunner$3.run(ParentRunner.java:238)
	at org.junit.runners.ParentRunner$1.schedule(ParentRunner.java:63)
	at org.junit.runners.ParentRunner.runChildren(ParentRunner.java:236)
	at org.junit.runners.ParentRunner.access$000(ParentRunner.java:53)
	at org.junit.runners.ParentRunner$2.evaluate(ParentRunner.java:229)
	at org.junit.runners.ParentRunner.run(ParentRunner.java:309)
	at cucumber.runtime.junit.FeatureRunner.run(FeatureRunner.java:70)
	at cucumber.api.junit.Cucumber.runChild(Cucumber.java:93)
	at cucumber.api.junit.Cucumber.runChild(Cucumber.java:37)
	at org.junit.runners.ParentRunner$3.run(ParentRunner.java:238)
	at org.junit.runners.ParentRunner$1.schedule(ParentRunner.java:63)
	at org.junit.runners.ParentRunner.runChildren(ParentRunner.java:236)
	at org.junit.runners.ParentRunner.access$000(ParentRunner.java:53)
	at org.junit.runners.ParentRunner$2.evaluate(ParentRunner.java:229)
	at org.junit.runners.ParentRunner.run(ParentRunner.java:309)
	at cucumber.api.junit.Cucumber.run(Cucumber.java:98)
	at org.apache.maven.surefire.junit4.JUnit4Provider.execute(JUnit4Provider.java:252)
	at org.apache.maven.surefire.junit4.JUnit4Provider.executeTestSet(JUnit4Provider.java:141)
	at org.apache.maven.surefire.junit4.JUnit4Provider.invoke(JUnit4Provider.java:112)
	at sun.reflect.NativeMethodAccessorImpl.invoke0(Native Method)
	at sun.reflect.NativeMethodAccessorImpl.invoke(NativeMethodAccessorImpl.java:57)
	at sun.reflect.DelegatingMethodAccessorImpl.invoke(DelegatingMethodAccessorImpl.java:43)
	at java.lang.reflect.Method.invoke(Method.java:606)
	at org.apache.maven.surefire.util.ReflectionUtils.invokeMethodWithArray(ReflectionUtils.java:189)
	at org.apache.maven.surefire.booter.ProviderFactory$ProviderProxy.invoke(ProviderFactory.java:165)
	at org.apache.maven.surefire.booter.ProviderFactory.invokeProvider(ProviderFactory.java:85)
	at org.apache.maven.surefire.booter.ForkedBooter.runSuitesInProcess(ForkedBooter.java:115)
	at org.apache.maven.surefire.booter.ForkedBooter.main(ForkedBooter.java:75)

</system-err>
  </testcase>
  <testcase time="0" classname="Scenario: wait for elements to display" name="Scenario: wait for elements to display">
    <error message="The FirefoxDriver cannot be used after quit() was called.
Build info: version: &apos;2.45.0&apos;, revision: &apos;5017cb8e7ca8e37638dc3091b2440b90a1d8686f&apos;, time: &apos;2015-02-27 09:10:26&apos;
System info: host: &apos;VI-D057&apos;, ip: &apos;10.10.9.106&apos;, os.name: &apos;Windows 7&apos;, os.arch: &apos;amd64&apos;, os.version: &apos;6.1&apos;, java.version: &apos;1.7.0_51&apos;
Driver info: driver.version: RemoteWebDriver" type="org.openqa.selenium.remote.SessionNotFoundException">org.openqa.selenium.remote.SessionNotFoundException: The FirefoxDriver cannot be used after quit() was called.
Build info: version: &apos;2.45.0&apos;, revision: &apos;5017cb8e7ca8e37638dc3091b2440b90a1d8686f&apos;, time: &apos;2015-02-27 09:10:26&apos;
System info: host: &apos;VI-D057&apos;, ip: &apos;10.10.9.106&apos;, os.name: &apos;Windows 7&apos;, os.arch: &apos;amd64&apos;, os.version: &apos;6.1&apos;, java.version: &apos;1.7.0_51&apos;
Driver info: driver.version: RemoteWebDriver
	at org.openqa.selenium.firefox.FirefoxDriver$LazyCommandExecutor.execute(FirefoxDriver.java:359)
	at org.openqa.selenium.remote.RemoteWebDriver.execute(RemoteWebDriver.java:572)
	at org.openqa.selenium.remote.RemoteWebDriver.findElement(RemoteWebDriver.java:352)
	at org.openqa.selenium.remote.RemoteWebDriver.findElementById(RemoteWebDriver.java:393)
	at org.openqa.selenium.By$ById.findElement(By.java:214)
	at org.openqa.selenium.remote.RemoteWebDriver.findElement(RemoteWebDriver.java:344)
	at org.openqa.selenium.support.ui.ExpectedConditions.findElement(ExpectedConditions.java:730)
	at org.openqa.selenium.support.ui.ExpectedConditions.access$000(ExpectedConditions.java:39)
	at org.openqa.selenium.support.ui.ExpectedConditions$4.apply(ExpectedConditions.java:130)
	at org.openqa.selenium.support.ui.ExpectedConditions$4.apply(ExpectedConditions.java:126)
	at org.openqa.selenium.support.ui.FluentWait.until(FluentWait.java:208)
	at methods.ProgressMethods.waitForElementToDisplay(ProgressMethods.java:32)
	at stepDefintions.PredefinedStepDefinitions.wait_for_ele_to_display(PredefinedStepDefinitions.java:476)
	at ✽.Then I wait 15 seconds for element having id &quot;hiddenElement&quot; to display(features/progressSteps.feature:10)
</error>
  </testcase>
  <testcase time="0" classname="Scenario: wait for elements to display" name="Then element having id &quot;hiddenElement&quot; should be present">
    <skipped/>
  </testcase>
  <testcase time="0" classname="Scenario: wait for elements to enabled" name="Then element having id &quot;disabledBt&quot; should be disabled">
    <error message="The FirefoxDriver cannot be used after quit() was called.
Build info: version: &apos;2.45.0&apos;, revision: &apos;5017cb8e7ca8e37638dc3091b2440b90a1d8686f&apos;, time: &apos;2015-02-27 09:10:26&apos;
System info: host: &apos;VI-D057&apos;, ip: &apos;10.10.9.106&apos;, os.name: &apos;Windows 7&apos;, os.arch: &apos;amd64&apos;, os.version: &apos;6.1&apos;, java.version: &apos;1.7.0_51&apos;
Driver info: driver.version: RemoteWebDriver" type="org.openqa.selenium.remote.SessionNotFoundException">org.openqa.selenium.remote.SessionNotFoundException: The FirefoxDriver cannot be used after quit() was called.
Build info: version: &apos;2.45.0&apos;, revision: &apos;5017cb8e7ca8e37638dc3091b2440b90a1d8686f&apos;, time: &apos;2015-02-27 09:10:26&apos;
System info: host: &apos;VI-D057&apos;, ip: &apos;10.10.9.106&apos;, os.name: &apos;Windows 7&apos;, os.arch: &apos;amd64&apos;, os.version: &apos;6.1&apos;, java.version: &apos;1.7.0_51&apos;
Driver info: driver.version: RemoteWebDriver
	at org.openqa.selenium.firefox.FirefoxDriver$LazyCommandExecutor.execute(FirefoxDriver.java:359)
	at org.openqa.selenium.remote.RemoteWebDriver.execute(RemoteWebDriver.java:572)
	at org.openqa.selenium.remote.RemoteWebDriver.findElement(RemoteWebDriver.java:352)
	at org.openqa.selenium.remote.RemoteWebDriver.findElementById(RemoteWebDriver.java:393)
	at org.openqa.selenium.By$ById.findElement(By.java:214)
	at org.openqa.selenium.remote.RemoteWebDriver.findElement(RemoteWebDriver.java:344)
	at org.openqa.selenium.support.ui.ExpectedConditions.findElement(ExpectedConditions.java:730)
	at org.openqa.selenium.support.ui.ExpectedConditions.access$000(ExpectedConditions.java:39)
	at org.openqa.selenium.support.ui.ExpectedConditions$3.apply(ExpectedConditions.java:106)
	at org.openqa.selenium.support.ui.ExpectedConditions$3.apply(ExpectedConditions.java:103)
	at org.openqa.selenium.support.ui.FluentWait.until(FluentWait.java:208)
	at methods.AssertionMethods.isElementEnabled(AssertionMethods.java:128)
	at methods.AssertionMethods.checkElementEnable(AssertionMethods.java:139)
	at stepDefintions.PredefinedStepDefinitions.check_element_enable(PredefinedStepDefinitions.java:227)
	at ✽.Then element having id &quot;disabledBt&quot; should be disabled(features/progressSteps.feature:15)
</error>
    <system-out>
  Scenario: wait for elements to display                                    &amp;#27;[90m# features/progressSteps.feature:7&amp;#27;[0m
    &amp;#27;[32mThen &amp;#27;[0m&amp;#27;[32melement having &amp;#27;[0m&amp;#27;[32m&amp;#27;[1mid&amp;#27;[0m&amp;#27;[32m &quot;&amp;#27;[0m&amp;#27;[32m&amp;#27;[1mhiddenElement&amp;#27;[0m&amp;#27;[32m&quot; should &amp;#27;[0m&amp;#27;[32m&amp;#27;[1mnot&amp;#27;[0m&amp;#27;[32m be present&amp;#27;[0m            &amp;#27;[90m# PredefinedStepDefinitions.check_element_presence(String,String,String)&amp;#27;[0m
    &amp;#27;[31mThen &amp;#27;[0m&amp;#27;[31mI wait &amp;#27;[0m&amp;#27;[31m&amp;#27;[1m15&amp;#27;[0m&amp;#27;[31m seconds for element having &amp;#27;[0m&amp;#27;[31m&amp;#27;[1mid&amp;#27;[0m&amp;#27;[31m &quot;&amp;#27;[0m&amp;#27;[31m&amp;#27;[1mhiddenElement&amp;#27;[0m&amp;#27;[31m&quot; to display&amp;#27;[0m &amp;#27;[90m# PredefinedStepDefinitions.wait_for_ele_to_display(String,String,String)&amp;#27;[0m
      &amp;#27;[31morg.openqa.selenium.remote.SessionNotFoundException: The FirefoxDriver cannot be used after quit() was called.
      Build info: version: &apos;2.45.0&apos;, revision: &apos;5017cb8e7ca8e37638dc3091b2440b90a1d8686f&apos;, time: &apos;2015-02-27 09:10:26&apos;
      System info: host: &apos;VI-D057&apos;, ip: &apos;10.10.9.106&apos;, os.name: &apos;Windows 7&apos;, os.arch: &apos;amd64&apos;, os.version: &apos;6.1&apos;, java.version: &apos;1.7.0_51&apos;
      Driver info: driver.version: RemoteWebDriver
      	at org.openqa.selenium.firefox.FirefoxDriver$LazyCommandExecutor.execute(FirefoxDriver.java:359)
      	at org.openqa.selenium.remote.RemoteWebDriver.execute(RemoteWebDriver.java:572)
      	at org.openqa.selenium.remote.RemoteWebDriver.findElement(RemoteWebDriver.java:352)
      	at org.openqa.selenium.remote.RemoteWebDriver.findElementById(RemoteWebDriver.java:393)
      	at org.openqa.selenium.By$ById.findElement(By.java:214)
      	at org.openqa.selenium.remote.RemoteWebDriver.findElement(RemoteWebDriver.java:344)
      	at org.openqa.selenium.support.ui.ExpectedConditions.findElement(ExpectedConditions.java:730)
      	at org.openqa.selenium.support.ui.ExpectedConditions.access$000(ExpectedConditions.java:39)
      	at org.openqa.selenium.support.ui.ExpectedConditions$4.apply(ExpectedConditions.java:130)
      	at org.openqa.selenium.support.ui.ExpectedConditions$4.apply(ExpectedConditions.java:126)
      	at org.openqa.selenium.support.ui.FluentWait.until(FluentWait.java:208)
      	at methods.ProgressMethods.waitForElementToDisplay(ProgressMethods.java:32)
      	at stepDefintions.PredefinedStepDefinitions.wait_for_ele_to_display(PredefinedStepDefinitions.java:476)
      	at ?.Then I wait 15 seconds for element having id &quot;hiddenElement&quot; to display(features/progressSteps.feature:10)
      &amp;#27;[0m
    &amp;#27;[36mThen &amp;#27;[0m&amp;#27;[36melement having &amp;#27;[0m&amp;#27;[36m&amp;#27;[1mid&amp;#27;[0m&amp;#27;[36m &quot;&amp;#27;[0m&amp;#27;[36m&amp;#27;[1mhiddenElement&amp;#27;[0m&amp;#27;[36m&quot; should&amp;#27;[0m&amp;#27;[36m&amp;#27;[1m&amp;#27;[0m&amp;#27;[36m be present&amp;#27;[0m                &amp;#27;[90m# PredefinedStepDefinitions.check_element_presence(String,String,String)&amp;#27;[0m
</system-out>
    <system-err>Apr 25, 2015 5:46:41 PM org.openqa.selenium.support.ui.ExpectedConditions findElement
WARNING: WebDriverException thrown by findElement(By.id: disabledBt)
org.openqa.selenium.remote.SessionNotFoundException: The FirefoxDriver cannot be used after quit() was called.
Build info: version: &apos;2.45.0&apos;, revision: &apos;5017cb8e7ca8e37638dc3091b2440b90a1d8686f&apos;, time: &apos;2015-02-27 09:10:26&apos;
System info: host: &apos;VI-D057&apos;, ip: &apos;10.10.9.106&apos;, os.name: &apos;Windows 7&apos;, os.arch: &apos;amd64&apos;, os.version: &apos;6.1&apos;, java.version: &apos;1.7.0_51&apos;
Driver info: driver.version: RemoteWebDriver
	at org.openqa.selenium.firefox.FirefoxDriver$LazyCommandExecutor.execute(FirefoxDriver.java:359)
	at org.openqa.selenium.remote.RemoteWebDriver.execute(RemoteWebDriver.java:572)
	at org.openqa.selenium.remote.RemoteWebDriver.findElement(RemoteWebDriver.java:352)
	at org.openqa.selenium.remote.RemoteWebDriver.findElementById(RemoteWebDriver.java:393)
	at org.openqa.selenium.By$ById.findElement(By.java:214)
	at org.openqa.selenium.remote.RemoteWebDriver.findElement(RemoteWebDriver.java:344)
	at org.openqa.selenium.support.ui.ExpectedConditions.findElement(ExpectedConditions.java:730)
	at org.openqa.selenium.support.ui.ExpectedConditions.access$000(ExpectedConditions.java:39)
	at org.openqa.selenium.support.ui.ExpectedConditions$3.apply(ExpectedConditions.java:106)
	at org.openqa.selenium.support.ui.ExpectedConditions$3.apply(ExpectedConditions.java:103)
	at org.openqa.selenium.support.ui.FluentWait.until(FluentWait.java:208)
	at methods.AssertionMethods.isElementEnabled(AssertionMethods.java:128)
	at methods.AssertionMethods.checkElementEnable(AssertionMethods.java:139)
	at stepDefintions.PredefinedStepDefinitions.check_element_enable(PredefinedStepDefinitions.java:227)
	at sun.reflect.NativeMethodAccessorImpl.invoke0(Native Method)
	at sun.reflect.NativeMethodAccessorImpl.invoke(NativeMethodAccessorImpl.java:57)
	at sun.reflect.DelegatingMethodAccessorImpl.invoke(DelegatingMethodAccessorImpl.java:43)
	at java.lang.reflect.Method.invoke(Method.java:606)
	at cucumber.runtime.Utils$1.call(Utils.java:37)
	at cucumber.runtime.Timeout.timeout(Timeout.java:13)
	at cucumber.runtime.Utils.invoke(Utils.java:31)
	at cucumber.runtime.java.JavaStepDefinition.execute(JavaStepDefinition.java:37)
	at cucumber.runtime.StepDefinitionMatch.runStep(StepDefinitionMatch.java:37)
	at cucumber.runtime.Runtime.runStep(Runtime.java:298)
	at cucumber.runtime.model.StepContainer.runStep(StepContainer.java:44)
	at cucumber.runtime.model.StepContainer.runSteps(StepContainer.java:39)
	at cucumber.runtime.model.CucumberScenario.run(CucumberScenario.java:48)
	at cucumber.runtime.junit.ExecutionUnitRunner.run(ExecutionUnitRunner.java:91)
	at cucumber.runtime.junit.FeatureRunner.runChild(FeatureRunner.java:63)
	at cucumber.runtime.junit.FeatureRunner.runChild(FeatureRunner.java:18)
	at org.junit.runners.ParentRunner$3.run(ParentRunner.java:238)
	at org.junit.runners.ParentRunner$1.schedule(ParentRunner.java:63)
	at org.junit.runners.ParentRunner.runChildren(ParentRunner.java:236)
	at org.junit.runners.ParentRunner.access$000(ParentRunner.java:53)
	at org.junit.runners.ParentRunner$2.evaluate(ParentRunner.java:229)
	at org.junit.runners.ParentRunner.run(ParentRunner.java:309)
	at cucumber.runtime.junit.FeatureRunner.run(FeatureRunner.java:70)
	at cucumber.api.junit.Cucumber.runChild(Cucumber.java:93)
	at cucumber.api.junit.Cucumber.runChild(Cucumber.java:37)
	at org.junit.runners.ParentRunner$3.run(ParentRunner.java:238)
	at org.junit.runners.ParentRunner$1.schedule(ParentRunner.java:63)
	at org.junit.runners.ParentRunner.runChildren(ParentRunner.java:236)
	at org.junit.runners.ParentRunner.access$000(ParentRunner.java:53)
	at org.junit.runners.ParentRunner$2.evaluate(ParentRunner.java:229)
	at org.junit.runners.ParentRunner.run(ParentRunner.java:309)
	at cucumber.api.junit.Cucumber.run(Cucumber.java:98)
	at org.apache.maven.surefire.junit4.JUnit4Provider.execute(JUnit4Provider.java:252)
	at org.apache.maven.surefire.junit4.JUnit4Provider.executeTestSet(JUnit4Provider.java:141)
	at org.apache.maven.surefire.junit4.JUnit4Provider.invoke(JUnit4Provider.java:112)
	at sun.reflect.NativeMethodAccessorImpl.invoke0(Native Method)
	at sun.reflect.NativeMethodAccessorImpl.invoke(NativeMethodAccessorImpl.java:57)
	at sun.reflect.DelegatingMethodAccessorImpl.invoke(DelegatingMethodAccessorImpl.java:43)
	at java.lang.reflect.Method.invoke(Method.java:606)
	at org.apache.maven.surefire.util.ReflectionUtils.invokeMethodWithArray(ReflectionUtils.java:189)
	at org.apache.maven.surefire.booter.ProviderFactory$ProviderProxy.invoke(ProviderFactory.java:165)
	at org.apache.maven.surefire.booter.ProviderFactory.invokeProvider(ProviderFactory.java:85)
	at org.apache.maven.surefire.booter.ForkedBooter.runSuitesInProcess(ForkedBooter.java:115)
	at org.apache.maven.surefire.booter.ForkedBooter.main(ForkedBooter.java:75)

</system-err>
  </testcase>
  <testcase time="0" classname="Scenario: wait for elements to enabled" name="Scenario: wait for elements to enabled">
    <error message="The FirefoxDriver cannot be used after quit() was called.
Build info: version: &apos;2.45.0&apos;, revision: &apos;5017cb8e7ca8e37638dc3091b2440b90a1d8686f&apos;, time: &apos;2015-02-27 09:10:26&apos;
System info: host: &apos;VI-D057&apos;, ip: &apos;10.10.9.106&apos;, os.name: &apos;Windows 7&apos;, os.arch: &apos;amd64&apos;, os.version: &apos;6.1&apos;, java.version: &apos;1.7.0_51&apos;
Driver info: driver.version: RemoteWebDriver" type="org.openqa.selenium.remote.SessionNotFoundException">org.openqa.selenium.remote.SessionNotFoundException: The FirefoxDriver cannot be used after quit() was called.
Build info: version: &apos;2.45.0&apos;, revision: &apos;5017cb8e7ca8e37638dc3091b2440b90a1d8686f&apos;, time: &apos;2015-02-27 09:10:26&apos;
System info: host: &apos;VI-D057&apos;, ip: &apos;10.10.9.106&apos;, os.name: &apos;Windows 7&apos;, os.arch: &apos;amd64&apos;, os.version: &apos;6.1&apos;, java.version: &apos;1.7.0_51&apos;
Driver info: driver.version: RemoteWebDriver
	at org.openqa.selenium.firefox.FirefoxDriver$LazyCommandExecutor.execute(FirefoxDriver.java:359)
	at org.openqa.selenium.remote.RemoteWebDriver.execute(RemoteWebDriver.java:572)
	at org.openqa.selenium.remote.RemoteWebDriver.findElement(RemoteWebDriver.java:352)
	at org.openqa.selenium.remote.RemoteWebDriver.findElementById(RemoteWebDriver.java:393)
	at org.openqa.selenium.By$ById.findElement(By.java:214)
	at org.openqa.selenium.remote.RemoteWebDriver.findElement(RemoteWebDriver.java:344)
	at org.openqa.selenium.support.ui.ExpectedConditions.findElement(ExpectedConditions.java:730)
	at org.openqa.selenium.support.ui.ExpectedConditions.access$000(ExpectedConditions.java:39)
	at org.openqa.selenium.support.ui.ExpectedConditions$3.apply(ExpectedConditions.java:106)
	at org.openqa.selenium.support.ui.ExpectedConditions$3.apply(ExpectedConditions.java:103)
	at org.openqa.selenium.support.ui.FluentWait.until(FluentWait.java:208)
	at methods.AssertionMethods.isElementEnabled(AssertionMethods.java:128)
	at methods.AssertionMethods.checkElementEnable(AssertionMethods.java:139)
	at stepDefintions.PredefinedStepDefinitions.check_element_enable(PredefinedStepDefinitions.java:227)
	at ✽.Then element having id &quot;disabledBt&quot; should be disabled(features/progressSteps.feature:15)
</error>
  </testcase>
  <testcase time="0.001" classname="Scenario: wait for elements to enabled" name="Then I wait 15 seconds for element having id &quot;disabledBt&quot; to be enabled">
    <skipped/>
  </testcase>
  <testcase time="0.001" classname="Scenario: wait for elements to enabled" name="Then element having id &quot;disabledBt&quot; should be enabled">
    <skipped/>
  </testcase>
  <testcase time="0" classname="Scenario: Open test page" name="Given I navigate to &quot;http://selenium-cucumber.github.io/&quot;">
    <error message="The FirefoxDriver cannot be used after quit() was called.
Build info: version: &apos;2.45.0&apos;, revision: &apos;5017cb8e7ca8e37638dc3091b2440b90a1d8686f&apos;, time: &apos;2015-02-27 09:10:26&apos;
System info: host: &apos;VI-D057&apos;, ip: &apos;10.10.9.106&apos;, os.name: &apos;Windows 7&apos;, os.arch: &apos;amd64&apos;, os.version: &apos;6.1&apos;, java.version: &apos;1.7.0_51&apos;
Driver info: driver.version: RemoteWebDriver" type="org.openqa.selenium.remote.SessionNotFoundException">org.openqa.selenium.remote.SessionNotFoundException: The FirefoxDriver cannot be used after quit() was called.
Build info: version: &apos;2.45.0&apos;, revision: &apos;5017cb8e7ca8e37638dc3091b2440b90a1d8686f&apos;, time: &apos;2015-02-27 09:10:26&apos;
System info: host: &apos;VI-D057&apos;, ip: &apos;10.10.9.106&apos;, os.name: &apos;Windows 7&apos;, os.arch: &apos;amd64&apos;, os.version: &apos;6.1&apos;, java.version: &apos;1.7.0_51&apos;
Driver info: driver.version: RemoteWebDriver
	at org.openqa.selenium.firefox.FirefoxDriver$LazyCommandExecutor.execute(FirefoxDriver.java:359)
	at org.openqa.selenium.remote.RemoteWebDriver.execute(RemoteWebDriver.java:572)
	at org.openqa.selenium.remote.RemoteWebDriver.get(RemoteWebDriver.java:304)
	at methods.NavigateMethods.navigateTo(NavigateMethods.java:24)
	at stepDefintions.PredefinedStepDefinitions.navigate_to(PredefinedStepDefinitions.java:17)
	at ✽.Given I navigate to &quot;http://selenium-cucumber.github.io/&quot;(features/screenshotfeature.feature:5)
</error>
    <system-out>
  Scenario: wait for elements to enabled                                    &amp;#27;[90m# features/progressSteps.feature:14&amp;#27;[0m
    &amp;#27;[31mThen &amp;#27;[0m&amp;#27;[31melement having &amp;#27;[0m&amp;#27;[31m&amp;#27;[1mid&amp;#27;[0m&amp;#27;[31m &quot;&amp;#27;[0m&amp;#27;[31m&amp;#27;[1mdisabledBt&amp;#27;[0m&amp;#27;[31m&quot; should&amp;#27;[0m&amp;#27;[31m&amp;#27;[1m&amp;#27;[0m&amp;#27;[31m be &amp;#27;[0m&amp;#27;[31m&amp;#27;[1mdisabled&amp;#27;[0m                  &amp;#27;[90m# PredefinedStepDefinitions.check_element_enable(String,String,String,String)&amp;#27;[0m
      &amp;#27;[31morg.openqa.selenium.remote.SessionNotFoundException: The FirefoxDriver cannot be used after quit() was called.
      Build info: version: &apos;2.45.0&apos;, revision: &apos;5017cb8e7ca8e37638dc3091b2440b90a1d8686f&apos;, time: &apos;2015-02-27 09:10:26&apos;
      System info: host: &apos;VI-D057&apos;, ip: &apos;10.10.9.106&apos;, os.name: &apos;Windows 7&apos;, os.arch: &apos;amd64&apos;, os.version: &apos;6.1&apos;, java.version: &apos;1.7.0_51&apos;
      Driver info: driver.version: RemoteWebDriver
      	at org.openqa.selenium.firefox.FirefoxDriver$LazyCommandExecutor.execute(FirefoxDriver.java:359)
      	at org.openqa.selenium.remote.RemoteWebDriver.execute(RemoteWebDriver.java:572)
      	at org.openqa.selenium.remote.RemoteWebDriver.findElement(RemoteWebDriver.java:352)
      	at org.openqa.selenium.remote.RemoteWebDriver.findElementById(RemoteWebDriver.java:393)
      	at org.openqa.selenium.By$ById.findElement(By.java:214)
      	at org.openqa.selenium.remote.RemoteWebDriver.findElement(RemoteWebDriver.java:344)
      	at org.openqa.selenium.support.ui.ExpectedConditions.findElement(ExpectedConditions.java:730)
      	at org.openqa.selenium.support.ui.ExpectedConditions.access$000(ExpectedConditions.java:39)
      	at org.openqa.selenium.support.ui.ExpectedConditions$3.apply(ExpectedConditions.java:106)
      	at org.openqa.selenium.support.ui.ExpectedConditions$3.apply(ExpectedConditions.java:103)
      	at org.openqa.selenium.support.ui.FluentWait.until(FluentWait.java:208)
      	at methods.AssertionMethods.isElementEnabled(AssertionMethods.java:128)
      	at methods.AssertionMethods.checkElementEnable(AssertionMethods.java:139)
      	at stepDefintions.PredefinedStepDefinitions.check_element_enable(PredefinedStepDefinitions.java:227)
      	at ?.Then element having id &quot;disabledBt&quot; should be disabled(features/progressSteps.feature:15)
      &amp;#27;[0m
    &amp;#27;[36mThen &amp;#27;[0m&amp;#27;[36mI wait &amp;#27;[0m&amp;#27;[36m&amp;#27;[1m15&amp;#27;[0m&amp;#27;[36m seconds for element having &amp;#27;[0m&amp;#27;[36m&amp;#27;[1mid&amp;#27;[0m&amp;#27;[36m &quot;&amp;#27;[0m&amp;#27;[36m&amp;#27;[1mdisabledBt&amp;#27;[0m&amp;#27;[36m&quot; to be enabled&amp;#27;[0m &amp;#27;[90m# PredefinedStepDefinitions.wait_for_ele_to_click(String,String,String)&amp;#27;[0m
    &amp;#27;[36mThen &amp;#27;[0m&amp;#27;[36melement having &amp;#27;[0m&amp;#27;[36m&amp;#27;[1mid&amp;#27;[0m&amp;#27;[36m &quot;&amp;#27;[0m&amp;#27;[36m&amp;#27;[1mdisabledBt&amp;#27;[0m&amp;#27;[36m&quot; should&amp;#27;[0m&amp;#27;[36m&amp;#27;[1m&amp;#27;[0m&amp;#27;[36m be &amp;#27;[0m&amp;#27;[36m&amp;#27;[1menabled&amp;#27;[0m                   &amp;#27;[90m# PredefinedStepDefinitions.check_element_enable(String,String,String,String)&amp;#27;[0m
Feature: Screenshot Step
        As a user I should able to take screenshot
</system-out>
  </testcase>
  <testcase time="0" classname="Scenario: Open test page" name="Scenario: Open test page">
    <error message="The FirefoxDriver cannot be used after quit() was called.
Build info: version: &apos;2.45.0&apos;, revision: &apos;5017cb8e7ca8e37638dc3091b2440b90a1d8686f&apos;, time: &apos;2015-02-27 09:10:26&apos;
System info: host: &apos;VI-D057&apos;, ip: &apos;10.10.9.106&apos;, os.name: &apos;Windows 7&apos;, os.arch: &apos;amd64&apos;, os.version: &apos;6.1&apos;, java.version: &apos;1.7.0_51&apos;
Driver info: driver.version: RemoteWebDriver" type="org.openqa.selenium.remote.SessionNotFoundException">org.openqa.selenium.remote.SessionNotFoundException: The FirefoxDriver cannot be used after quit() was called.
Build info: version: &apos;2.45.0&apos;, revision: &apos;5017cb8e7ca8e37638dc3091b2440b90a1d8686f&apos;, time: &apos;2015-02-27 09:10:26&apos;
System info: host: &apos;VI-D057&apos;, ip: &apos;10.10.9.106&apos;, os.name: &apos;Windows 7&apos;, os.arch: &apos;amd64&apos;, os.version: &apos;6.1&apos;, java.version: &apos;1.7.0_51&apos;
Driver info: driver.version: RemoteWebDriver
	at org.openqa.selenium.firefox.FirefoxDriver$LazyCommandExecutor.execute(FirefoxDriver.java:359)
	at org.openqa.selenium.remote.RemoteWebDriver.execute(RemoteWebDriver.java:572)
	at org.openqa.selenium.remote.RemoteWebDriver.get(RemoteWebDriver.java:304)
	at methods.NavigateMethods.navigateTo(NavigateMethods.java:24)
	at stepDefintions.PredefinedStepDefinitions.navigate_to(PredefinedStepDefinitions.java:17)
	at ✽.Given I navigate to &quot;http://selenium-cucumber.github.io/&quot;(features/screenshotfeature.feature:5)
</error>
  </testcase>
  <testcase time="0" classname="Scenario: take screenshot" name="Then I take screenshot">
    <error message="The FirefoxDriver cannot be used after quit() was called.
Build info: version: &apos;2.45.0&apos;, revision: &apos;5017cb8e7ca8e37638dc3091b2440b90a1d8686f&apos;, time: &apos;2015-02-27 09:10:26&apos;
System info: host: &apos;VI-D057&apos;, ip: &apos;10.10.9.106&apos;, os.name: &apos;Windows 7&apos;, os.arch: &apos;amd64&apos;, os.version: &apos;6.1&apos;, java.version: &apos;1.7.0_51&apos;
Driver info: driver.version: FirefoxDriver" type="org.openqa.selenium.remote.SessionNotFoundException">org.openqa.selenium.remote.SessionNotFoundException: The FirefoxDriver cannot be used after quit() was called.
Build info: version: &apos;2.45.0&apos;, revision: &apos;5017cb8e7ca8e37638dc3091b2440b90a1d8686f&apos;, time: &apos;2015-02-27 09:10:26&apos;
System info: host: &apos;VI-D057&apos;, ip: &apos;10.10.9.106&apos;, os.name: &apos;Windows 7&apos;, os.arch: &apos;amd64&apos;, os.version: &apos;6.1&apos;, java.version: &apos;1.7.0_51&apos;
Driver info: driver.version: FirefoxDriver
	at org.openqa.selenium.firefox.FirefoxDriver$LazyCommandExecutor.execute(FirefoxDriver.java:359)
	at org.openqa.selenium.remote.RemoteWebDriver.execute(RemoteWebDriver.java:572)
	at org.openqa.selenium.remote.RemoteWebDriver.execute(RemoteWebDriver.java:622)
	at org.openqa.selenium.firefox.FirefoxDriver.getScreenshotAs(FirefoxDriver.java:323)
	at methods.ScreenShotMethods.takeScreenShot(ScreenShotMethods.java:20)
	at stepDefintions.PredefinedStepDefinitions.take_screenshot(PredefinedStepDefinitions.java:508)
	at ✽.Then I take screenshot(features/screenshotfeature.feature:8)
</error>
    <system-out>
  Scenario: Open test page                                    &amp;#27;[90m# features/screenshotfeature.feature:4&amp;#27;[0m
    &amp;#27;[31mGiven &amp;#27;[0m&amp;#27;[31mI navigate to &quot;&amp;#27;[0m&amp;#27;[31m&amp;#27;[1mhttp://selenium-cucumber.github.io/&amp;#27;[0m&amp;#27;[31m&quot;&amp;#27;[0m &amp;#27;[90m# PredefinedStepDefinitions.navigate_to(String)&amp;#27;[0m
      &amp;#27;[31morg.openqa.selenium.remote.SessionNotFoundException: The FirefoxDriver cannot be used after quit() was called.
      Build info: version: &apos;2.45.0&apos;, revision: &apos;5017cb8e7ca8e37638dc3091b2440b90a1d8686f&apos;, time: &apos;2015-02-27 09:10:26&apos;
      System info: host: &apos;VI-D057&apos;, ip: &apos;10.10.9.106&apos;, os.name: &apos;Windows 7&apos;, os.arch: &apos;amd64&apos;, os.version: &apos;6.1&apos;, java.version: &apos;1.7.0_51&apos;
      Driver info: driver.version: RemoteWebDriver
      	at org.openqa.selenium.firefox.FirefoxDriver$LazyCommandExecutor.execute(FirefoxDriver.java:359)
      	at org.openqa.selenium.remote.RemoteWebDriver.execute(RemoteWebDriver.java:572)
      	at org.openqa.selenium.remote.RemoteWebDriver.get(RemoteWebDriver.java:304)
      	at methods.NavigateMethods.navigateTo(NavigateMethods.java:24)
      	at stepDefintions.PredefinedStepDefinitions.navigate_to(PredefinedStepDefinitions.java:17)
      	at ?.Given I navigate to &quot;http://selenium-cucumber.github.io/&quot;(features/screenshotfeature.feature:5)
      &amp;#27;[0m
</system-out>
  </testcase>
  <testcase time="0.001" classname="Scenario: take screenshot" name="Scenario: take screenshot">
    <error message="The FirefoxDriver cannot be used after quit() was called.
Build info: version: &apos;2.45.0&apos;, revision: &apos;5017cb8e7ca8e37638dc3091b2440b90a1d8686f&apos;, time: &apos;2015-02-27 09:10:26&apos;
System info: host: &apos;VI-D057&apos;, ip: &apos;10.10.9.106&apos;, os.name: &apos;Windows 7&apos;, os.arch: &apos;amd64&apos;, os.version: &apos;6.1&apos;, java.version: &apos;1.7.0_51&apos;
Driver info: driver.version: FirefoxDriver" type="org.openqa.selenium.remote.SessionNotFoundException">org.openqa.selenium.remote.SessionNotFoundException: The FirefoxDriver cannot be used after quit() was called.
Build info: version: &apos;2.45.0&apos;, revision: &apos;5017cb8e7ca8e37638dc3091b2440b90a1d8686f&apos;, time: &apos;2015-02-27 09:10:26&apos;
System info: host: &apos;VI-D057&apos;, ip: &apos;10.10.9.106&apos;, os.name: &apos;Windows 7&apos;, os.arch: &apos;amd64&apos;, os.version: &apos;6.1&apos;, java.version: &apos;1.7.0_51&apos;
Driver info: driver.version: FirefoxDriver
	at org.openqa.selenium.firefox.FirefoxDriver$LazyCommandExecutor.execute(FirefoxDriver.java:359)
	at org.openqa.selenium.remote.RemoteWebDriver.execute(RemoteWebDriver.java:572)
	at org.openqa.selenium.remote.RemoteWebDriver.execute(RemoteWebDriver.java:622)
	at org.openqa.selenium.firefox.FirefoxDriver.getScreenshotAs(FirefoxDriver.java:323)
	at methods.ScreenShotMethods.takeScreenShot(ScreenShotMethods.java:20)
	at stepDefintions.PredefinedStepDefinitions.take_screenshot(PredefinedStepDefinitions.java:508)
	at ✽.Then I take screenshot(features/screenshotfeature.feature:8)
</error>
  </testcase>
</testsuite>